<?xml version="1.0" encoding="utf-8"?>
<!DOCTYPE coverage SYSTEM "http://cobertura.sourceforge.net/xml/coverage-04.dtd">
<coverage line-rate="0.8949343339587242" branch-rate="0.5" lines-covered="477" lines-valid="533" branches-covered="19" branches-valid="38" complexity="124" version="0" timestamp="1638125422">
  <sources>
    <source>C:\Users\ricar\</source>
  </sources>
  <packages>
    <package name="Features" line-rate="0.6753246753246753" branch-rate="0.4" complexity="58">
      <classes>
        <class name="Features.Clientes.Cliente" filename="C:\Users\ricar\source\repos\DesenvovledorIO\Teste Unidade\01 - Testes de Unidade\Features\Clientes\Cliente.cs" line-rate="0.6363636363636364" branch-rate="0" complexity="13">
          <methods>
            <method name="get_Nome" signature="()" line-rate="1" branch-rate="1" complexity="1">
              <lines>
                <line number="9" hits="874" branch="false" />
              </lines>
            </method>
            <method name="get_Sobrenome" signature="()" line-rate="1" branch-rate="1" complexity="1">
              <lines>
                <line number="10" hits="874" branch="false" />
              </lines>
            </method>
            <method name="get_DataNascimento" signature="()" line-rate="1" branch-rate="1" complexity="1">
              <lines>
                <line number="11" hits="468" branch="false" />
              </lines>
            </method>
            <method name="get_DataCadastro" signature="()" line-rate="1" branch-rate="1" complexity="1">
              <lines>
                <line number="12" hits="416" branch="false" />
              </lines>
            </method>
            <method name="get_Email" signature="()" line-rate="1" branch-rate="1" complexity="1">
              <lines>
                <line number="13" hits="879" branch="false" />
              </lines>
            </method>
            <method name="get_Ativo" signature="()" line-rate="1" branch-rate="1" complexity="1">
              <lines>
                <line number="14" hits="1219" branch="false" />
              </lines>
            </method>
            <method name="NomeCompleto" signature="()" line-rate="0" branch-rate="1" complexity="1">
              <lines>
                <line number="33" hits="0" branch="false" />
                <line number="34" hits="0" branch="false" />
                <line number="35" hits="0" branch="false" />
              </lines>
            </method>
            <method name="EhEspecial" signature="()" line-rate="0" branch-rate="0" complexity="2">
              <lines>
                <line number="38" hits="0" branch="false" />
                <line number="39" hits="0" branch="true" condition-coverage="0% (0/2)" />
                <line number="40" hits="0" branch="false" />
              </lines>
            </method>
            <method name="Inativar" signature="()" line-rate="0" branch-rate="1" complexity="1">
              <lines>
                <line number="43" hits="0" branch="false" />
                <line number="44" hits="0" branch="false" />
                <line number="45" hits="0" branch="false" />
              </lines>
            </method>
            <method name="EhValido" signature="()" line-rate="1" branch-rate="1" complexity="1">
              <lines>
                <line number="48" hits="26" branch="false" />
                <line number="49" hits="26" branch="false" />
                <line number="50" hits="26" branch="false" />
                <line number="51" hits="26" branch="false" />
              </lines>
            </method>
            <method name=".ctor" signature="()" line-rate="0" branch-rate="1" complexity="1">
              <lines>
                <line number="16" hits="0" branch="false" />
                <line number="17" hits="0" branch="false" />
                <line number="18" hits="0" branch="false" />
              </lines>
            </method>
            <method name=".ctor" signature="(...)" line-rate="1" branch-rate="1" complexity="1">
              <lines>
                <line number="20" hits="416" branch="false" />
                <line number="21" hits="416" branch="false" />
                <line number="22" hits="416" branch="false" />
                <line number="23" hits="416" branch="false" />
                <line number="24" hits="416" branch="false" />
                <line number="25" hits="416" branch="false" />
                <line number="26" hits="416" branch="false" />
                <line number="27" hits="416" branch="false" />
                <line number="28" hits="416" branch="false" />
                <line number="29" hits="416" branch="false" />
                <line number="30" hits="416" branch="false" />
              </lines>
            </method>
          </methods>
          <lines>
            <line number="9" hits="874" branch="false" />
            <line number="10" hits="874" branch="false" />
            <line number="11" hits="468" branch="false" />
            <line number="12" hits="416" branch="false" />
            <line number="13" hits="879" branch="false" />
            <line number="14" hits="1219" branch="false" />
            <line number="16" hits="0" branch="false" />
            <line number="17" hits="0" branch="false" />
            <line number="18" hits="0" branch="false" />
            <line number="20" hits="416" branch="false" />
            <line number="21" hits="416" branch="false" />
            <line number="22" hits="416" branch="false" />
            <line number="23" hits="416" branch="false" />
            <line number="24" hits="416" branch="false" />
            <line number="25" hits="416" branch="false" />
            <line number="26" hits="416" branch="false" />
            <line number="27" hits="416" branch="false" />
            <line number="28" hits="416" branch="false" />
            <line number="29" hits="416" branch="false" />
            <line number="30" hits="416" branch="false" />
            <line number="33" hits="0" branch="false" />
            <line number="34" hits="0" branch="false" />
            <line number="35" hits="0" branch="false" />
            <line number="38" hits="0" branch="false" />
            <line number="39" hits="0" branch="true" condition-coverage="0% (0/2)" />
            <line number="40" hits="0" branch="false" />
            <line number="43" hits="0" branch="false" />
            <line number="44" hits="0" branch="false" />
            <line number="45" hits="0" branch="false" />
            <line number="48" hits="26" branch="false" />
            <line number="49" hits="26" branch="false" />
            <line number="50" hits="26" branch="false" />
            <line number="51" hits="26" branch="false" />
          </lines>
        </class>
        <class name="Features.Clientes.ClienteEmailNotification" filename="C:\Users\ricar\source\repos\DesenvovledorIO\Teste Unidade\01 - Testes de Unidade\Features\Clientes\ClienteEmailNotification.cs" line-rate="1" branch-rate="1" complexity="5">
          <methods>
            <method name="get_Origem" signature="()" line-rate="1" branch-rate="1" complexity="1">
              <lines>
                <line number="7" hits="5" branch="false" />
              </lines>
            </method>
            <method name="get_Destino" signature="()" line-rate="1" branch-rate="1" complexity="1">
              <lines>
                <line number="8" hits="5" branch="false" />
              </lines>
            </method>
            <method name="get_Assunto" signature="()" line-rate="1" branch-rate="1" complexity="1">
              <lines>
                <line number="9" hits="5" branch="false" />
              </lines>
            </method>
            <method name="get_Mensagem" signature="()" line-rate="1" branch-rate="1" complexity="1">
              <lines>
                <line number="10" hits="5" branch="false" />
              </lines>
            </method>
            <method name=".ctor" signature="(...)" line-rate="1" branch-rate="1" complexity="1">
              <lines>
                <line number="12" hits="5" branch="false" />
                <line number="13" hits="5" branch="false" />
                <line number="14" hits="5" branch="false" />
                <line number="15" hits="5" branch="false" />
                <line number="16" hits="5" branch="false" />
                <line number="17" hits="5" branch="false" />
                <line number="18" hits="5" branch="false" />
              </lines>
            </method>
          </methods>
          <lines>
            <line number="7" hits="5" branch="false" />
            <line number="8" hits="5" branch="false" />
            <line number="9" hits="5" branch="false" />
            <line number="10" hits="5" branch="false" />
            <line number="12" hits="5" branch="false" />
            <line number="13" hits="5" branch="false" />
            <line number="14" hits="5" branch="false" />
            <line number="15" hits="5" branch="false" />
            <line number="16" hits="5" branch="false" />
            <line number="17" hits="5" branch="false" />
            <line number="18" hits="5" branch="false" />
          </lines>
        </class>
        <class name="Features.Clientes.ClienteService" filename="C:\Users\ricar\source\repos\DesenvovledorIO\Teste Unidade\01 - Testes de Unidade\Features\Clientes\ClienteService.cs" line-rate="0.4444444444444444" branch-rate="0.3333333333333333" complexity="10">
          <methods>
            <method name="ObterTodosAtivos" signature="()" line-rate="1" branch-rate="1" complexity="1">
              <lines>
                <line number="20" hits="5" branch="false" />
                <line number="21" hits="608" branch="false" />
                <line number="22" hits="5" branch="false" />
                <line number="23" hits="5" branch="false" />
              </lines>
            </method>
            <method name="Adicionar" signature="(...)" line-rate="1" branch-rate="1" complexity="2">
              <lines>
                <line number="26" hits="9" branch="false" />
                <line number="27" hits="9" branch="true" condition-coverage="100% (2/2)" />
                <line number="28" hits="4" branch="false" />
                <line number="30" hits="5" branch="false" />
                <line number="31" hits="5" branch="false" />
                <line number="32" hits="9" branch="false" />
              </lines>
            </method>
            <method name="Atualizar" signature="(...)" line-rate="0" branch-rate="0" complexity="2">
              <lines>
                <line number="35" hits="0" branch="false" />
                <line number="36" hits="0" branch="true" condition-coverage="0% (0/2)" />
                <line number="37" hits="0" branch="false" />
                <line number="39" hits="0" branch="false" />
                <line number="40" hits="0" branch="false" />
                <line number="41" hits="0" branch="false" />
              </lines>
            </method>
            <method name="Inativar" signature="(...)" line-rate="0" branch-rate="0" complexity="2">
              <lines>
                <line number="44" hits="0" branch="false" />
                <line number="45" hits="0" branch="true" condition-coverage="0% (0/2)" />
                <line number="46" hits="0" branch="false" />
                <line number="48" hits="0" branch="false" />
                <line number="49" hits="0" branch="false" />
                <line number="50" hits="0" branch="false" />
                <line number="51" hits="0" branch="false" />
              </lines>
            </method>
            <method name="Remover" signature="(...)" line-rate="0" branch-rate="1" complexity="1">
              <lines>
                <line number="54" hits="0" branch="false" />
                <line number="55" hits="0" branch="false" />
                <line number="56" hits="0" branch="false" />
                <line number="57" hits="0" branch="false" />
              </lines>
            </method>
            <method name="Dispose" signature="()" line-rate="0" branch-rate="1" complexity="1">
              <lines>
                <line number="60" hits="0" branch="false" />
                <line number="61" hits="0" branch="false" />
                <line number="62" hits="0" branch="false" />
              </lines>
            </method>
            <method name=".ctor" signature="(...)" line-rate="1" branch-rate="1" complexity="1">
              <lines>
                <line number="12" hits="12" branch="false" />
                <line number="13" hits="12" branch="false" />
                <line number="14" hits="12" branch="false" />
                <line number="15" hits="12" branch="false" />
                <line number="16" hits="12" branch="false" />
                <line number="17" hits="12" branch="false" />
              </lines>
            </method>
          </methods>
          <lines>
            <line number="12" hits="12" branch="false" />
            <line number="13" hits="12" branch="false" />
            <line number="14" hits="12" branch="false" />
            <line number="15" hits="12" branch="false" />
            <line number="16" hits="12" branch="false" />
            <line number="17" hits="12" branch="false" />
            <line number="20" hits="5" branch="false" />
            <line number="21" hits="608" branch="false" />
            <line number="22" hits="5" branch="false" />
            <line number="23" hits="5" branch="false" />
            <line number="26" hits="9" branch="false" />
            <line number="27" hits="9" branch="true" condition-coverage="100% (2/2)" />
            <line number="28" hits="4" branch="false" />
            <line number="30" hits="5" branch="false" />
            <line number="31" hits="5" branch="false" />
            <line number="32" hits="9" branch="false" />
            <line number="35" hits="0" branch="false" />
            <line number="36" hits="0" branch="true" condition-coverage="0% (0/2)" />
            <line number="37" hits="0" branch="false" />
            <line number="39" hits="0" branch="false" />
            <line number="40" hits="0" branch="false" />
            <line number="41" hits="0" branch="false" />
            <line number="44" hits="0" branch="false" />
            <line number="45" hits="0" branch="true" condition-coverage="0% (0/2)" />
            <line number="46" hits="0" branch="false" />
            <line number="48" hits="0" branch="false" />
            <line number="49" hits="0" branch="false" />
            <line number="50" hits="0" branch="false" />
            <line number="51" hits="0" branch="false" />
            <line number="54" hits="0" branch="false" />
            <line number="55" hits="0" branch="false" />
            <line number="56" hits="0" branch="false" />
            <line number="57" hits="0" branch="false" />
            <line number="60" hits="0" branch="false" />
            <line number="61" hits="0" branch="false" />
            <line number="62" hits="0" branch="false" />
          </lines>
        </class>
        <class name="Features.Clientes.ClienteValidacao" filename="C:\Users\ricar\source\repos\DesenvovledorIO\Teste Unidade\01 - Testes de Unidade\Features\Clientes\Cliente.cs" line-rate="1" branch-rate="1" complexity="2">
          <methods>
            <method name="HaveMinimumAge" signature="(...)" line-rate="1" branch-rate="1" complexity="1">
              <lines>
                <line number="80" hits="26" branch="false" />
                <line number="81" hits="26" branch="false" />
                <line number="82" hits="26" branch="false" />
              </lines>
            </method>
            <method name=".ctor" signature="()" line-rate="1" branch-rate="1" complexity="1">
              <lines>
                <line number="56" hits="26" branch="false" />
                <line number="57" hits="26" branch="false" />
                <line number="58" hits="26" branch="false" />
                <line number="59" hits="26" branch="false" />
                <line number="60" hits="26" branch="false" />
                <line number="62" hits="26" branch="false" />
                <line number="63" hits="26" branch="false" />
                <line number="64" hits="26" branch="false" />
                <line number="66" hits="26" branch="false" />
                <line number="67" hits="26" branch="false" />
                <line number="68" hits="26" branch="false" />
                <line number="69" hits="26" branch="false" />
                <line number="71" hits="26" branch="false" />
                <line number="72" hits="26" branch="false" />
                <line number="73" hits="26" branch="false" />
                <line number="75" hits="26" branch="false" />
                <line number="76" hits="26" branch="false" />
                <line number="77" hits="26" branch="false" />
              </lines>
            </method>
          </methods>
          <lines>
            <line number="56" hits="26" branch="false" />
            <line number="57" hits="26" branch="false" />
            <line number="58" hits="26" branch="false" />
            <line number="59" hits="26" branch="false" />
            <line number="60" hits="26" branch="false" />
            <line number="62" hits="26" branch="false" />
            <line number="63" hits="26" branch="false" />
            <line number="64" hits="26" branch="false" />
            <line number="66" hits="26" branch="false" />
            <line number="67" hits="26" branch="false" />
            <line number="68" hits="26" branch="false" />
            <line number="69" hits="26" branch="false" />
            <line number="71" hits="26" branch="false" />
            <line number="72" hits="26" branch="false" />
            <line number="73" hits="26" branch="false" />
            <line number="75" hits="26" branch="false" />
            <line number="76" hits="26" branch="false" />
            <line number="77" hits="26" branch="false" />
            <line number="80" hits="26" branch="false" />
            <line number="81" hits="26" branch="false" />
            <line number="82" hits="26" branch="false" />
          </lines>
        </class>
        <class name="Features.Core.CpfValidation" filename="C:\Users\ricar\source\repos\DesenvovledorIO\Teste Unidade\01 - Testes de Unidade\Features\Core\CpfValidation.cs" line-rate="1" branch-rate="1" complexity="10">
          <methods>
            <method name="EhValido" signature="(...)" line-rate="1" branch-rate="1" complexity="10">
              <lines>
                <line number="6" hits="11" branch="false" />
                <line number="7" hits="11" branch="false" />
                <line number="8" hits="11" branch="false" />
                <line number="9" hits="11" branch="false" />
                <line number="10" hits="11" branch="false" />
                <line number="11" hits="11" branch="true" condition-coverage="100% (2/2)" />
                <line number="12" hits="2" branch="false" />
                <line number="13" hits="9" branch="false" />
                <line number="14" hits="9" branch="false" />
                <line number="16" hits="180" branch="true" condition-coverage="100% (2/2)" />
                <line number="17" hits="81" branch="false" />
                <line number="18" hits="9" branch="false" />
                <line number="19" hits="9" branch="true" condition-coverage="100% (2/2)" />
                <line number="20" hits="4" branch="false" />
                <line number="22" hits="5" branch="false" />
                <line number="23" hits="9" branch="false" />
                <line number="24" hits="9" branch="false" />
                <line number="25" hits="9" branch="false" />
                <line number="26" hits="198" branch="true" condition-coverage="100% (2/2)" />
                <line number="27" hits="90" branch="false" />
                <line number="28" hits="9" branch="false" />
                <line number="29" hits="9" branch="true" condition-coverage="100% (2/2)" />
                <line number="30" hits="1" branch="false" />
                <line number="32" hits="8" branch="false" />
                <line number="33" hits="9" branch="false" />
                <line number="34" hits="9" branch="false" />
                <line number="35" hits="11" branch="false" />
              </lines>
            </method>
          </methods>
          <lines>
            <line number="6" hits="11" branch="false" />
            <line number="7" hits="11" branch="false" />
            <line number="8" hits="11" branch="false" />
            <line number="9" hits="11" branch="false" />
            <line number="10" hits="11" branch="false" />
            <line number="11" hits="11" branch="true" condition-coverage="100% (2/2)" />
            <line number="12" hits="2" branch="false" />
            <line number="13" hits="9" branch="false" />
            <line number="14" hits="9" branch="false" />
            <line number="16" hits="180" branch="true" condition-coverage="100% (2/2)" />
            <line number="17" hits="81" branch="false" />
            <line number="18" hits="9" branch="false" />
            <line number="19" hits="9" branch="true" condition-coverage="100% (2/2)" />
            <line number="20" hits="4" branch="false" />
            <line number="22" hits="5" branch="false" />
            <line number="23" hits="9" branch="false" />
            <line number="24" hits="9" branch="false" />
            <line number="25" hits="9" branch="false" />
            <line number="26" hits="198" branch="true" condition-coverage="100% (2/2)" />
            <line number="27" hits="90" branch="false" />
            <line number="28" hits="9" branch="false" />
            <line number="29" hits="9" branch="true" condition-coverage="100% (2/2)" />
            <line number="30" hits="1" branch="false" />
            <line number="32" hits="8" branch="false" />
            <line number="33" hits="9" branch="false" />
            <line number="34" hits="9" branch="false" />
            <line number="35" hits="11" branch="false" />
          </lines>
        </class>
        <class name="Features.Core.Entity" filename="C:\Users\ricar\source\repos\DesenvovledorIO\Teste Unidade\01 - Testes de Unidade\Features\Core\Entity.cs" line-rate="0.3076923076923077" branch-rate="0" complexity="18">
          <methods>
            <method name="get_Id" signature="()" line-rate="1" branch-rate="1" complexity="1">
              <lines>
                <line number="8" hits="495" branch="false" />
              </lines>
            </method>
            <method name="get_ValidationResult" signature="()" line-rate="1" branch-rate="1" complexity="1">
              <lines>
                <line number="9" hits="62" branch="false" />
              </lines>
            </method>
            <method name="EhValido" signature="()" line-rate="0" branch-rate="1" complexity="1">
              <lines>
                <line number="12" hits="0" branch="false" />
                <line number="13" hits="0" branch="false" />
              </lines>
            </method>
            <method name="Equals" signature="(...)" line-rate="0" branch-rate="0" complexity="4">
              <lines>
                <line number="17" hits="0" branch="false" />
                <line number="18" hits="0" branch="false" />
                <line number="20" hits="0" branch="true" condition-coverage="0% (0/2)" />
                <line number="21" hits="0" branch="true" condition-coverage="0% (0/2)" />
                <line number="23" hits="0" branch="false" />
                <line number="24" hits="0" branch="false" />
              </lines>
            </method>
            <method name="op_Equality" signature="(...)" line-rate="0" branch-rate="0" complexity="8">
              <lines>
                <line number="27" hits="0" branch="false" />
                <line number="28" hits="0" branch="true" condition-coverage="0% (0/4)" />
                <line number="29" hits="0" branch="false" />
                <line number="31" hits="0" branch="true" condition-coverage="0% (0/4)" />
                <line number="32" hits="0" branch="false" />
                <line number="34" hits="0" branch="false" />
                <line number="35" hits="0" branch="false" />
              </lines>
            </method>
            <method name="op_Inequality" signature="(...)" line-rate="0" branch-rate="1" complexity="1">
              <lines>
                <line number="38" hits="0" branch="false" />
                <line number="39" hits="0" branch="false" />
                <line number="40" hits="0" branch="false" />
              </lines>
            </method>
            <method name="GetHashCode" signature="()" line-rate="1" branch-rate="1" complexity="1">
              <lines>
                <line number="43" hits="50" branch="false" />
                <line number="44" hits="50" branch="false" />
                <line number="45" hits="50" branch="false" />
              </lines>
            </method>
            <method name="ToString" signature="()" line-rate="1" branch-rate="1" complexity="1">
              <lines>
                <line number="48" hits="3" branch="false" />
                <line number="49" hits="3" branch="false" />
                <line number="50" hits="3" branch="false" />
              </lines>
            </method>
          </methods>
          <lines>
            <line number="8" hits="495" branch="false" />
            <line number="9" hits="62" branch="false" />
            <line number="12" hits="0" branch="false" />
            <line number="13" hits="0" branch="false" />
            <line number="17" hits="0" branch="false" />
            <line number="18" hits="0" branch="false" />
            <line number="20" hits="0" branch="true" condition-coverage="0% (0/2)" />
            <line number="21" hits="0" branch="true" condition-coverage="0% (0/2)" />
            <line number="23" hits="0" branch="false" />
            <line number="24" hits="0" branch="false" />
            <line number="27" hits="0" branch="false" />
            <line number="28" hits="0" branch="true" condition-coverage="0% (0/4)" />
            <line number="29" hits="0" branch="false" />
            <line number="31" hits="0" branch="true" condition-coverage="0% (0/4)" />
            <line number="32" hits="0" branch="false" />
            <line number="34" hits="0" branch="false" />
            <line number="35" hits="0" branch="false" />
            <line number="38" hits="0" branch="false" />
            <line number="39" hits="0" branch="false" />
            <line number="40" hits="0" branch="false" />
            <line number="43" hits="50" branch="false" />
            <line number="44" hits="50" branch="false" />
            <line number="45" hits="50" branch="false" />
            <line number="48" hits="3" branch="false" />
            <line number="49" hits="3" branch="false" />
            <line number="50" hits="3" branch="false" />
          </lines>
        </class>
      </classes>
    </package>
    <package name="Features.Tests" line-rate="0.9841688654353562" branch-rate="0.875" complexity="66">
      <classes>
        <class name="AutoGeneratedProgram" filename="C:\Users\ricar\.nuget\packages\microsoft.net.test.sdk\16.0.1\build\netcoreapp1.0\Microsoft.NET.Test.Sdk.Program.cs" line-rate="0" branch-rate="1" complexity="1">
          <methods>
            <method name="Main" signature="(...)" line-rate="0" branch-rate="1" complexity="1">
              <lines>
                <line number="4" hits="0" branch="false" />
              </lines>
            </method>
          </methods>
          <lines>
            <line number="4" hits="0" branch="false" />
          </lines>
        </class>
        <class name="Features.Tests.ClienteBogusTests" filename="C:\Users\ricar\source\repos\DesenvovledorIO\Teste Unidade\01 - Testes de Unidade\Features.Tests\04 - Dados Humanos\ClienteBogusTests.cs" line-rate="1" branch-rate="1" complexity="3">
          <methods>
            <method name="Cliente_NovoCliente_DeveEstarValido" signature="()" line-rate="1" branch-rate="1" complexity="1">
              <lines>
                <line number="19" hits="1" branch="false" />
                <line number="21" hits="1" branch="false" />
                <line number="24" hits="1" branch="false" />
                <line number="27" hits="1" branch="false" />
                <line number="28" hits="1" branch="false" />
                <line number="29" hits="1" branch="false" />
              </lines>
            </method>
            <method name="Cliente_NovoCliente_DeveEstarInvalido" signature="()" line-rate="1" branch-rate="1" complexity="1">
              <lines>
                <line number="34" hits="1" branch="false" />
                <line number="36" hits="1" branch="false" />
                <line number="39" hits="1" branch="false" />
                <line number="42" hits="1" branch="false" />
                <line number="43" hits="1" branch="false" />
                <line number="44" hits="1" branch="false" />
              </lines>
            </method>
            <method name=".ctor" signature="(...)" line-rate="1" branch-rate="1" complexity="1">
              <lines>
                <line number="10" hits="2" branch="false" />
                <line number="11" hits="2" branch="false" />
                <line number="12" hits="2" branch="false" />
                <line number="13" hits="2" branch="false" />
              </lines>
            </method>
          </methods>
          <lines>
            <line number="10" hits="2" branch="false" />
            <line number="11" hits="2" branch="false" />
            <line number="12" hits="2" branch="false" />
            <line number="13" hits="2" branch="false" />
            <line number="19" hits="1" branch="false" />
            <line number="21" hits="1" branch="false" />
            <line number="24" hits="1" branch="false" />
            <line number="27" hits="1" branch="false" />
            <line number="28" hits="1" branch="false" />
            <line number="29" hits="1" branch="false" />
            <line number="34" hits="1" branch="false" />
            <line number="36" hits="1" branch="false" />
            <line number="39" hits="1" branch="false" />
            <line number="42" hits="1" branch="false" />
            <line number="43" hits="1" branch="false" />
            <line number="44" hits="1" branch="false" />
          </lines>
        </class>
        <class name="Features.Tests.ClienteFluentAssertionsTests" filename="C:\Users\ricar\source\repos\DesenvovledorIO\Teste Unidade\01 - Testes de Unidade\Features.Tests\07 - FluentAssertions\ClienteFluentAssertionsTests.cs" line-rate="1" branch-rate="1" complexity="3">
          <methods>
            <method name="Cliente_NovoCliente_DeveEstarValido" signature="()" line-rate="1" branch-rate="1" complexity="1">
              <lines>
                <line number="24" hits="1" branch="false" />
                <line number="26" hits="1" branch="false" />
                <line number="29" hits="1" branch="false" />
                <line number="36" hits="1" branch="false" />
                <line number="37" hits="1" branch="false" />
                <line number="38" hits="1" branch="false" />
              </lines>
            </method>
            <method name="Cliente_NovoCliente_DeveEstarInvalido" signature="()" line-rate="1" branch-rate="1" complexity="1">
              <lines>
                <line number="43" hits="1" branch="false" />
                <line number="45" hits="1" branch="false" />
                <line number="48" hits="1" branch="false" />
                <line number="55" hits="1" branch="false" />
                <line number="56" hits="1" branch="false" />
                <line number="58" hits="1" branch="false" />
                <line number="59" hits="1" branch="false" />
              </lines>
            </method>
            <method name=".ctor" signature="(...)" line-rate="1" branch-rate="1" complexity="1">
              <lines>
                <line number="13" hits="2" branch="false" />
                <line number="14" hits="2" branch="false" />
                <line number="15" hits="2" branch="false" />
                <line number="16" hits="2" branch="false" />
                <line number="17" hits="2" branch="false" />
                <line number="18" hits="2" branch="false" />
              </lines>
            </method>
          </methods>
          <lines>
            <line number="13" hits="2" branch="false" />
            <line number="14" hits="2" branch="false" />
            <line number="15" hits="2" branch="false" />
            <line number="16" hits="2" branch="false" />
            <line number="17" hits="2" branch="false" />
            <line number="18" hits="2" branch="false" />
            <line number="24" hits="1" branch="false" />
            <line number="26" hits="1" branch="false" />
            <line number="29" hits="1" branch="false" />
            <line number="36" hits="1" branch="false" />
            <line number="37" hits="1" branch="false" />
            <line number="38" hits="1" branch="false" />
            <line number="43" hits="1" branch="false" />
            <line number="45" hits="1" branch="false" />
            <line number="48" hits="1" branch="false" />
            <line number="55" hits="1" branch="false" />
            <line number="56" hits="1" branch="false" />
            <line number="58" hits="1" branch="false" />
            <line number="59" hits="1" branch="false" />
          </lines>
        </class>
        <class name="Features.Tests.ClienteServiceAutoMockerFixtureTests" filename="C:\Users\ricar\source\repos\DesenvovledorIO\Teste Unidade\01 - Testes de Unidade\Features.Tests\06 - AutoMock\ClienteServiceAutoMockerFixtureTests.cs" line-rate="1" branch-rate="1" complexity="4">
          <methods>
            <method name="ClienteService_Adicionar_DeveExecutarComSucesso" signature="()" line-rate="1" branch-rate="1" complexity="1">
              <lines>
                <line number="26" hits="1" branch="false" />
                <line number="28" hits="1" branch="false" />
                <line number="31" hits="1" branch="false" />
                <line number="34" hits="1" branch="false" />
                <line number="35" hits="1" branch="false" />
                <line number="36" hits="1" branch="false" />
                <line number="37" hits="1" branch="false" />
              </lines>
            </method>
            <method name="ClienteService_Adicionar_DeveFalharDevidoClienteInvalido" signature="()" line-rate="1" branch-rate="1" complexity="1">
              <lines>
                <line number="42" hits="1" branch="false" />
                <line number="44" hits="1" branch="false" />
                <line number="47" hits="1" branch="false" />
                <line number="50" hits="1" branch="false" />
                <line number="51" hits="1" branch="false" />
                <line number="52" hits="1" branch="false" />
                <line number="53" hits="1" branch="false" />
              </lines>
            </method>
            <method name="ClienteService_ObterTodosAtivos_DeveRetornarApenasClientesAtivos" signature="()" line-rate="1" branch-rate="1" complexity="1">
              <lines>
                <line number="58" hits="1" branch="false" />
                <line number="60" hits="1" branch="false" />
                <line number="61" hits="1" branch="false" />
                <line number="64" hits="1" branch="false" />
                <line number="67" hits="1" branch="false" />
                <line number="68" hits="1" branch="false" />
                <line number="69" hits="51" branch="false" />
                <line number="70" hits="1" branch="false" />
              </lines>
            </method>
            <method name=".ctor" signature="(...)" line-rate="1" branch-rate="1" complexity="1">
              <lines>
                <line number="17" hits="3" branch="false" />
                <line number="18" hits="3" branch="false" />
                <line number="19" hits="3" branch="false" />
                <line number="20" hits="3" branch="false" />
                <line number="21" hits="3" branch="false" />
              </lines>
            </method>
          </methods>
          <lines>
            <line number="17" hits="3" branch="false" />
            <line number="18" hits="3" branch="false" />
            <line number="19" hits="3" branch="false" />
            <line number="20" hits="3" branch="false" />
            <line number="21" hits="3" branch="false" />
            <line number="26" hits="1" branch="false" />
            <line number="28" hits="1" branch="false" />
            <line number="31" hits="1" branch="false" />
            <line number="34" hits="1" branch="false" />
            <line number="35" hits="1" branch="false" />
            <line number="36" hits="1" branch="false" />
            <line number="37" hits="1" branch="false" />
            <line number="42" hits="1" branch="false" />
            <line number="44" hits="1" branch="false" />
            <line number="47" hits="1" branch="false" />
            <line number="50" hits="1" branch="false" />
            <line number="51" hits="1" branch="false" />
            <line number="52" hits="1" branch="false" />
            <line number="53" hits="1" branch="false" />
            <line number="58" hits="1" branch="false" />
            <line number="60" hits="1" branch="false" />
            <line number="61" hits="1" branch="false" />
            <line number="64" hits="1" branch="false" />
            <line number="67" hits="1" branch="false" />
            <line number="68" hits="1" branch="false" />
            <line number="69" hits="51" branch="false" />
            <line number="70" hits="1" branch="false" />
          </lines>
        </class>
        <class name="Features.Tests.ClienteServiceAutoMockerTests" filename="C:\Users\ricar\source\repos\DesenvovledorIO\Teste Unidade\01 - Testes de Unidade\Features.Tests\06 - AutoMock\ClienteServiceAutoMockerTests.cs" line-rate="1" branch-rate="1" complexity="4">
          <methods>
            <method name="ClienteService_Adicionar_DeveExecutarComSucesso" signature="()" line-rate="1" branch-rate="1" complexity="1">
              <lines>
                <line number="24" hits="1" branch="false" />
                <line number="26" hits="1" branch="false" />
                <line number="27" hits="1" branch="false" />
                <line number="28" hits="1" branch="false" />
                <line number="31" hits="1" branch="false" />
                <line number="34" hits="1" branch="false" />
                <line number="35" hits="1" branch="false" />
                <line number="36" hits="1" branch="false" />
                <line number="37" hits="1" branch="false" />
              </lines>
            </method>
            <method name="ClienteService_Adicionar_DeveFalharDevidoClienteInvalido" signature="()" line-rate="1" branch-rate="1" complexity="1">
              <lines>
                <line number="42" hits="1" branch="false" />
                <line number="44" hits="1" branch="false" />
                <line number="45" hits="1" branch="false" />
                <line number="46" hits="1" branch="false" />
                <line number="49" hits="1" branch="false" />
                <line number="52" hits="1" branch="false" />
                <line number="53" hits="1" branch="false" />
                <line number="54" hits="1" branch="false" />
                <line number="55" hits="1" branch="false" />
              </lines>
            </method>
            <method name="ClienteService_ObterTodosAtivos_DeveRetornarApenasClientesAtivos" signature="()" line-rate="1" branch-rate="1" complexity="1">
              <lines>
                <line number="60" hits="1" branch="false" />
                <line number="62" hits="1" branch="false" />
                <line number="63" hits="1" branch="false" />
                <line number="65" hits="1" branch="false" />
                <line number="66" hits="1" branch="false" />
                <line number="69" hits="1" branch="false" />
                <line number="72" hits="1" branch="false" />
                <line number="73" hits="1" branch="false" />
                <line number="74" hits="51" branch="false" />
                <line number="75" hits="1" branch="false" />
              </lines>
            </method>
            <method name=".ctor" signature="(...)" line-rate="1" branch-rate="1" complexity="1">
              <lines>
                <line number="16" hits="3" branch="false" />
                <line number="17" hits="3" branch="false" />
                <line number="18" hits="3" branch="false" />
                <line number="19" hits="3" branch="false" />
              </lines>
            </method>
          </methods>
          <lines>
            <line number="16" hits="3" branch="false" />
            <line number="17" hits="3" branch="false" />
            <line number="18" hits="3" branch="false" />
            <line number="19" hits="3" branch="false" />
            <line number="24" hits="1" branch="false" />
            <line number="26" hits="1" branch="false" />
            <line number="27" hits="1" branch="false" />
            <line number="28" hits="1" branch="false" />
            <line number="31" hits="1" branch="false" />
            <line number="34" hits="1" branch="false" />
            <line number="35" hits="1" branch="false" />
            <line number="36" hits="1" branch="false" />
            <line number="37" hits="1" branch="false" />
            <line number="42" hits="1" branch="false" />
            <line number="44" hits="1" branch="false" />
            <line number="45" hits="1" branch="false" />
            <line number="46" hits="1" branch="false" />
            <line number="49" hits="1" branch="false" />
            <line number="52" hits="1" branch="false" />
            <line number="53" hits="1" branch="false" />
            <line number="54" hits="1" branch="false" />
            <line number="55" hits="1" branch="false" />
            <line number="60" hits="1" branch="false" />
            <line number="62" hits="1" branch="false" />
            <line number="63" hits="1" branch="false" />
            <line number="65" hits="1" branch="false" />
            <line number="66" hits="1" branch="false" />
            <line number="69" hits="1" branch="false" />
            <line number="72" hits="1" branch="false" />
            <line number="73" hits="1" branch="false" />
            <line number="74" hits="51" branch="false" />
            <line number="75" hits="1" branch="false" />
          </lines>
        </class>
        <class name="Features.Tests.ClienteServiceFluentAssertionTests" filename="C:\Users\ricar\source\repos\DesenvovledorIO\Teste Unidade\01 - Testes de Unidade\Features.Tests\07 - FluentAssertions\ClienteServiceFluentAssertionTests.cs" line-rate="1" branch-rate="1" complexity="4">
          <methods>
            <method name="ClienteService_Adicionar_DeveExecutarComSucesso" signature="()" line-rate="1" branch-rate="1" complexity="1">
              <lines>
                <line number="28" hits="1" branch="false" />
                <line number="30" hits="1" branch="false" />
                <line number="33" hits="1" branch="false" />
                <line number="39" hits="1" branch="false" />
                <line number="41" hits="1" branch="false" />
                <line number="42" hits="1" branch="false" />
                <line number="43" hits="1" branch="false" />
              </lines>
            </method>
            <method name="ClienteService_Adicionar_DeveFalharDevidoClienteInvalido" signature="()" line-rate="1" branch-rate="1" complexity="1">
              <lines>
                <line number="48" hits="1" branch="false" />
                <line number="50" hits="1" branch="false" />
                <line number="53" hits="1" branch="false" />
                <line number="56" hits="1" branch="false" />
                <line number="59" hits="1" branch="false" />
                <line number="60" hits="1" branch="false" />
                <line number="62" hits="1" branch="false" />
                <line number="63" hits="1" branch="false" />
                <line number="64" hits="1" branch="false" />
              </lines>
            </method>
            <method name="ClienteService_ObterTodosAtivos_DeveRetornarApenasClientesAtivos" signature="()" line-rate="1" branch-rate="1" complexity="1">
              <lines>
                <line number="69" hits="1" branch="false" />
                <line number="71" hits="1" branch="false" />
                <line number="72" hits="1" branch="false" />
                <line number="75" hits="1" branch="false" />
                <line number="82" hits="1" branch="false" />
                <line number="83" hits="1" branch="false" />
                <line number="85" hits="1" branch="false" />
                <line number="87" hits="1" branch="false" />
                <line number="88" hits="1" branch="false" />
                <line number="89" hits="1" branch="false" />
                <line number="90" hits="1" branch="false" />
                <line number="91" hits="1" branch="false" />
              </lines>
            </method>
            <method name=".ctor" signature="(...)" line-rate="1" branch-rate="1" complexity="1">
              <lines>
                <line number="19" hits="3" branch="false" />
                <line number="20" hits="3" branch="false" />
                <line number="21" hits="3" branch="false" />
                <line number="22" hits="3" branch="false" />
                <line number="23" hits="3" branch="false" />
              </lines>
            </method>
          </methods>
          <lines>
            <line number="19" hits="3" branch="false" />
            <line number="20" hits="3" branch="false" />
            <line number="21" hits="3" branch="false" />
            <line number="22" hits="3" branch="false" />
            <line number="23" hits="3" branch="false" />
            <line number="28" hits="1" branch="false" />
            <line number="30" hits="1" branch="false" />
            <line number="33" hits="1" branch="false" />
            <line number="39" hits="1" branch="false" />
            <line number="41" hits="1" branch="false" />
            <line number="42" hits="1" branch="false" />
            <line number="43" hits="1" branch="false" />
            <line number="48" hits="1" branch="false" />
            <line number="50" hits="1" branch="false" />
            <line number="53" hits="1" branch="false" />
            <line number="56" hits="1" branch="false" />
            <line number="59" hits="1" branch="false" />
            <line number="60" hits="1" branch="false" />
            <line number="62" hits="1" branch="false" />
            <line number="63" hits="1" branch="false" />
            <line number="64" hits="1" branch="false" />
            <line number="69" hits="1" branch="false" />
            <line number="71" hits="1" branch="false" />
            <line number="72" hits="1" branch="false" />
            <line number="75" hits="1" branch="false" />
            <line number="82" hits="1" branch="false" />
            <line number="83" hits="1" branch="false" />
            <line number="85" hits="1" branch="false" />
            <line number="87" hits="1" branch="false" />
            <line number="88" hits="1" branch="false" />
            <line number="89" hits="1" branch="false" />
            <line number="90" hits="1" branch="false" />
            <line number="91" hits="1" branch="false" />
          </lines>
        </class>
        <class name="Features.Tests.ClienteServiceTests" filename="C:\Users\ricar\source\repos\DesenvovledorIO\Teste Unidade\01 - Testes de Unidade\Features.Tests\05 - Mock\ClienteServiceTests.cs" line-rate="0.9444444444444444" branch-rate="1" complexity="4">
          <methods>
            <method name="ClienteService_Adicionar_DeveExecutarComSucesso" signature="()" line-rate="0.8181818181818182" branch-rate="1" complexity="1">
              <lines>
                <line number="23" hits="1" branch="false" />
                <line number="25" hits="1" branch="false" />
                <line number="26" hits="1" branch="false" />
                <line number="27" hits="1" branch="false" />
                <line number="29" hits="1" branch="false" />
                <line number="32" hits="1" branch="false" />
                <line number="33" hits="1" branch="false" />
                <line number="36" hits="1" branch="false" />
                <line number="37" hits="1" branch="false" />
                <line number="38" hits="0" branch="false" />
                <line number="39" hits="0" branch="false" />
              </lines>
            </method>
            <method name="ClienteService_Adicionar_DeveFalharDevidoClienteInvalido" signature="()" line-rate="1" branch-rate="1" complexity="1">
              <lines>
                <line number="44" hits="1" branch="false" />
                <line number="46" hits="1" branch="false" />
                <line number="47" hits="1" branch="false" />
                <line number="48" hits="1" branch="false" />
                <line number="50" hits="1" branch="false" />
                <line number="53" hits="1" branch="false" />
                <line number="56" hits="1" branch="false" />
                <line number="57" hits="1" branch="false" />
                <line number="58" hits="1" branch="false" />
                <line number="59" hits="1" branch="false" />
              </lines>
            </method>
            <method name="ClienteService_ObterTodosAtivos_DeveRetornarApenasClientesAtivos" signature="()" line-rate="1" branch-rate="1" complexity="1">
              <lines>
                <line number="64" hits="1" branch="false" />
                <line number="66" hits="1" branch="false" />
                <line number="67" hits="1" branch="false" />
                <line number="69" hits="1" branch="false" />
                <line number="70" hits="1" branch="false" />
                <line number="72" hits="1" branch="false" />
                <line number="75" hits="1" branch="false" />
                <line number="78" hits="1" branch="false" />
                <line number="79" hits="1" branch="false" />
                <line number="80" hits="51" branch="false" />
                <line number="81" hits="1" branch="false" />
              </lines>
            </method>
            <method name=".ctor" signature="(...)" line-rate="1" branch-rate="1" complexity="1">
              <lines>
                <line number="15" hits="3" branch="false" />
                <line number="16" hits="3" branch="false" />
                <line number="17" hits="3" branch="false" />
                <line number="18" hits="3" branch="false" />
              </lines>
            </method>
          </methods>
          <lines>
            <line number="15" hits="3" branch="false" />
            <line number="16" hits="3" branch="false" />
            <line number="17" hits="3" branch="false" />
            <line number="18" hits="3" branch="false" />
            <line number="23" hits="1" branch="false" />
            <line number="25" hits="1" branch="false" />
            <line number="26" hits="1" branch="false" />
            <line number="27" hits="1" branch="false" />
            <line number="29" hits="1" branch="false" />
            <line number="32" hits="1" branch="false" />
            <line number="33" hits="1" branch="false" />
            <line number="36" hits="1" branch="false" />
            <line number="37" hits="1" branch="false" />
            <line number="38" hits="0" branch="false" />
            <line number="39" hits="0" branch="false" />
            <line number="44" hits="1" branch="false" />
            <line number="46" hits="1" branch="false" />
            <line number="47" hits="1" branch="false" />
            <line number="48" hits="1" branch="false" />
            <line number="50" hits="1" branch="false" />
            <line number="53" hits="1" branch="false" />
            <line number="56" hits="1" branch="false" />
            <line number="57" hits="1" branch="false" />
            <line number="58" hits="1" branch="false" />
            <line number="59" hits="1" branch="false" />
            <line number="64" hits="1" branch="false" />
            <line number="66" hits="1" branch="false" />
            <line number="67" hits="1" branch="false" />
            <line number="69" hits="1" branch="false" />
            <line number="70" hits="1" branch="false" />
            <line number="72" hits="1" branch="false" />
            <line number="75" hits="1" branch="false" />
            <line number="78" hits="1" branch="false" />
            <line number="79" hits="1" branch="false" />
            <line number="80" hits="51" branch="false" />
            <line number="81" hits="1" branch="false" />
          </lines>
        </class>
        <class name="Features.Tests.ClienteTesteInvalido" filename="C:\Users\ricar\source\repos\DesenvovledorIO\Teste Unidade\01 - Testes de Unidade\Features.Tests\02 - Fixtures\ClienteTesteInvalido.cs" line-rate="1" branch-rate="1" complexity="2">
          <methods>
            <method name="Cliente_NovoCliente_DeveEstarInvalido" signature="()" line-rate="1" branch-rate="1" complexity="1">
              <lines>
                <line number="18" hits="1" branch="false" />
                <line number="20" hits="1" branch="false" />
                <line number="23" hits="1" branch="false" />
                <line number="26" hits="1" branch="false" />
                <line number="27" hits="1" branch="false" />
                <line number="28" hits="1" branch="false" />
              </lines>
            </method>
            <method name=".ctor" signature="(...)" line-rate="1" branch-rate="1" complexity="1">
              <lines>
                <line number="10" hits="1" branch="false" />
                <line number="11" hits="1" branch="false" />
                <line number="12" hits="1" branch="false" />
                <line number="13" hits="1" branch="false" />
              </lines>
            </method>
          </methods>
          <lines>
            <line number="10" hits="1" branch="false" />
            <line number="11" hits="1" branch="false" />
            <line number="12" hits="1" branch="false" />
            <line number="13" hits="1" branch="false" />
            <line number="18" hits="1" branch="false" />
            <line number="20" hits="1" branch="false" />
            <line number="23" hits="1" branch="false" />
            <line number="26" hits="1" branch="false" />
            <line number="27" hits="1" branch="false" />
            <line number="28" hits="1" branch="false" />
          </lines>
        </class>
        <class name="Features.Tests.ClienteTesteValido" filename="C:\Users\ricar\source\repos\DesenvovledorIO\Teste Unidade\01 - Testes de Unidade\Features.Tests\02 - Fixtures\ClienteTesteValido.cs" line-rate="1" branch-rate="1" complexity="2">
          <methods>
            <method name="Cliente_NovoCliente_DeveEstarValido" signature="()" line-rate="1" branch-rate="1" complexity="1">
              <lines>
                <line number="19" hits="1" branch="false" />
                <line number="21" hits="1" branch="false" />
                <line number="24" hits="1" branch="false" />
                <line number="27" hits="1" branch="false" />
                <line number="28" hits="1" branch="false" />
                <line number="29" hits="1" branch="false" />
              </lines>
            </method>
            <method name=".ctor" signature="(...)" line-rate="1" branch-rate="1" complexity="1">
              <lines>
                <line number="10" hits="1" branch="false" />
                <line number="11" hits="1" branch="false" />
                <line number="12" hits="1" branch="false" />
                <line number="13" hits="1" branch="false" />
              </lines>
            </method>
          </methods>
          <lines>
            <line number="10" hits="1" branch="false" />
            <line number="11" hits="1" branch="false" />
            <line number="12" hits="1" branch="false" />
            <line number="13" hits="1" branch="false" />
            <line number="19" hits="1" branch="false" />
            <line number="21" hits="1" branch="false" />
            <line number="24" hits="1" branch="false" />
            <line number="27" hits="1" branch="false" />
            <line number="28" hits="1" branch="false" />
            <line number="29" hits="1" branch="false" />
          </lines>
        </class>
        <class name="Features.Tests.ClienteTests" filename="C:\Users\ricar\source\repos\DesenvovledorIO\Teste Unidade\01 - Testes de Unidade\Features.Tests\01 - Traits\ClienteTests.cs" line-rate="1" branch-rate="1" complexity="2">
          <methods>
            <method name="Cliente_NovoCliente_DeveEstarValido" signature="()" line-rate="1" branch-rate="1" complexity="1">
              <lines>
                <line number="12" hits="1" branch="false" />
                <line number="14" hits="1" branch="false" />
                <line number="15" hits="1" branch="false" />
                <line number="16" hits="1" branch="false" />
                <line number="17" hits="1" branch="false" />
                <line number="18" hits="1" branch="false" />
                <line number="19" hits="1" branch="false" />
                <line number="20" hits="1" branch="false" />
                <line number="21" hits="1" branch="false" />
                <line number="24" hits="1" branch="false" />
                <line number="27" hits="1" branch="false" />
                <line number="28" hits="1" branch="false" />
                <line number="29" hits="1" branch="false" />
              </lines>
            </method>
            <method name="Cliente_NovoCliente_DeveEstarInvalido" signature="()" line-rate="1" branch-rate="1" complexity="1">
              <lines>
                <line number="34" hits="1" branch="false" />
                <line number="36" hits="1" branch="false" />
                <line number="37" hits="1" branch="false" />
                <line number="38" hits="1" branch="false" />
                <line number="39" hits="1" branch="false" />
                <line number="40" hits="1" branch="false" />
                <line number="41" hits="1" branch="false" />
                <line number="42" hits="1" branch="false" />
                <line number="43" hits="1" branch="false" />
                <line number="46" hits="1" branch="false" />
                <line number="49" hits="1" branch="false" />
                <line number="50" hits="1" branch="false" />
                <line number="51" hits="1" branch="false" />
              </lines>
            </method>
          </methods>
          <lines>
            <line number="12" hits="1" branch="false" />
            <line number="14" hits="1" branch="false" />
            <line number="15" hits="1" branch="false" />
            <line number="16" hits="1" branch="false" />
            <line number="17" hits="1" branch="false" />
            <line number="18" hits="1" branch="false" />
            <line number="19" hits="1" branch="false" />
            <line number="20" hits="1" branch="false" />
            <line number="21" hits="1" branch="false" />
            <line number="24" hits="1" branch="false" />
            <line number="27" hits="1" branch="false" />
            <line number="28" hits="1" branch="false" />
            <line number="29" hits="1" branch="false" />
            <line number="34" hits="1" branch="false" />
            <line number="36" hits="1" branch="false" />
            <line number="37" hits="1" branch="false" />
            <line number="38" hits="1" branch="false" />
            <line number="39" hits="1" branch="false" />
            <line number="40" hits="1" branch="false" />
            <line number="41" hits="1" branch="false" />
            <line number="42" hits="1" branch="false" />
            <line number="43" hits="1" branch="false" />
            <line number="46" hits="1" branch="false" />
            <line number="49" hits="1" branch="false" />
            <line number="50" hits="1" branch="false" />
            <line number="51" hits="1" branch="false" />
          </lines>
        </class>
        <class name="Features.Tests.ClienteTestsAutoMockerFixture" filename="C:\Users\ricar\source\repos\DesenvovledorIO\Teste Unidade\01 - Testes de Unidade\Features.Tests\06 - AutoMock\ClienteTestsAutoMockerFixture.cs" line-rate="1" branch-rate="1" complexity="6">
          <methods>
            <method name="GerarClienteValido" signature="()" line-rate="1" branch-rate="1" complexity="1">
              <lines>
                <line number="23" hits="3" branch="false" />
                <line number="24" hits="3" branch="false" />
                <line number="25" hits="3" branch="false" />
              </lines>
            </method>
            <method name="ObterClientesVariados" signature="()" line-rate="1" branch-rate="1" complexity="1">
              <lines>
                <line number="28" hits="2" branch="false" />
                <line number="29" hits="2" branch="false" />
                <line number="31" hits="2" branch="false" />
                <line number="32" hits="2" branch="false" />
                <line number="34" hits="2" branch="false" />
                <line number="35" hits="2" branch="false" />
              </lines>
            </method>
            <method name="GerarClientes" signature="(...)" line-rate="1" branch-rate="1" complexity="1">
              <lines>
                <line number="38" hits="7" branch="false" />
                <line number="39" hits="7" branch="false" />
                <line number="45" hits="7" branch="false" />
                <line number="46" hits="203" branch="false" />
                <line number="47" hits="203" branch="false" />
                <line number="48" hits="203" branch="false" />
                <line number="49" hits="203" branch="false" />
                <line number="50" hits="203" branch="false" />
                <line number="51" hits="203" branch="false" />
                <line number="52" hits="203" branch="false" />
                <line number="53" hits="203" branch="false" />
                <line number="54" hits="7" branch="false" />
                <line number="55" hits="210" branch="false" />
                <line number="57" hits="7" branch="false" />
                <line number="58" hits="7" branch="false" />
              </lines>
            </method>
            <method name="GerarClienteInvalido" signature="()" line-rate="1" branch-rate="1" complexity="1">
              <lines>
                <line number="61" hits="3" branch="false" />
                <line number="62" hits="3" branch="false" />
                <line number="64" hits="3" branch="false" />
                <line number="65" hits="6" branch="false" />
                <line number="66" hits="6" branch="false" />
                <line number="67" hits="6" branch="false" />
                <line number="68" hits="6" branch="false" />
                <line number="69" hits="6" branch="false" />
                <line number="70" hits="6" branch="false" />
                <line number="71" hits="6" branch="false" />
                <line number="72" hits="6" branch="false" />
                <line number="74" hits="3" branch="false" />
                <line number="75" hits="3" branch="false" />
              </lines>
            </method>
            <method name="ObterClienteService" signature="()" line-rate="1" branch-rate="1" complexity="1">
              <lines>
                <line number="78" hits="6" branch="false" />
                <line number="79" hits="6" branch="false" />
                <line number="80" hits="6" branch="false" />
                <line number="82" hits="6" branch="false" />
                <line number="83" hits="6" branch="false" />
              </lines>
            </method>
            <method name="Dispose" signature="()" line-rate="1" branch-rate="1" complexity="1">
              <lines>
                <line number="86" hits="1" branch="false" />
                <line number="87" hits="1" branch="false" />
              </lines>
            </method>
          </methods>
          <lines>
            <line number="23" hits="3" branch="false" />
            <line number="24" hits="3" branch="false" />
            <line number="25" hits="3" branch="false" />
            <line number="28" hits="2" branch="false" />
            <line number="29" hits="2" branch="false" />
            <line number="31" hits="2" branch="false" />
            <line number="32" hits="2" branch="false" />
            <line number="34" hits="2" branch="false" />
            <line number="35" hits="2" branch="false" />
            <line number="38" hits="7" branch="false" />
            <line number="39" hits="7" branch="false" />
            <line number="45" hits="7" branch="false" />
            <line number="46" hits="203" branch="false" />
            <line number="47" hits="203" branch="false" />
            <line number="48" hits="203" branch="false" />
            <line number="49" hits="203" branch="false" />
            <line number="50" hits="203" branch="false" />
            <line number="51" hits="203" branch="false" />
            <line number="52" hits="203" branch="false" />
            <line number="53" hits="203" branch="false" />
            <line number="54" hits="7" branch="false" />
            <line number="55" hits="210" branch="false" />
            <line number="57" hits="7" branch="false" />
            <line number="58" hits="7" branch="false" />
            <line number="61" hits="3" branch="false" />
            <line number="62" hits="3" branch="false" />
            <line number="64" hits="3" branch="false" />
            <line number="65" hits="6" branch="false" />
            <line number="66" hits="6" branch="false" />
            <line number="67" hits="6" branch="false" />
            <line number="68" hits="6" branch="false" />
            <line number="69" hits="6" branch="false" />
            <line number="70" hits="6" branch="false" />
            <line number="71" hits="6" branch="false" />
            <line number="72" hits="6" branch="false" />
            <line number="74" hits="3" branch="false" />
            <line number="75" hits="3" branch="false" />
            <line number="78" hits="6" branch="false" />
            <line number="79" hits="6" branch="false" />
            <line number="80" hits="6" branch="false" />
            <line number="82" hits="6" branch="false" />
            <line number="83" hits="6" branch="false" />
            <line number="86" hits="1" branch="false" />
            <line number="87" hits="1" branch="false" />
          </lines>
        </class>
        <class name="Features.Tests.ClienteTestsBogusFixture" filename="C:\Users\ricar\source\repos\DesenvovledorIO\Teste Unidade\01 - Testes de Unidade\Features.Tests\04 - Dados Humanos\ClienteTestsBogusFixture.cs" line-rate="1" branch-rate="1" complexity="5">
          <methods>
            <method name="GerarClienteValido" signature="()" line-rate="1" branch-rate="1" complexity="1">
              <lines>
                <line number="18" hits="3" branch="false" />
                <line number="19" hits="3" branch="false" />
                <line number="20" hits="3" branch="false" />
              </lines>
            </method>
            <method name="ObterClientesVariados" signature="()" line-rate="1" branch-rate="1" complexity="1">
              <lines>
                <line number="23" hits="2" branch="false" />
                <line number="24" hits="2" branch="false" />
                <line number="26" hits="2" branch="false" />
                <line number="27" hits="2" branch="false" />
                <line number="29" hits="2" branch="false" />
                <line number="30" hits="2" branch="false" />
              </lines>
            </method>
            <method name="GerarClientes" signature="(...)" line-rate="1" branch-rate="1" complexity="1">
              <lines>
                <line number="33" hits="7" branch="false" />
                <line number="34" hits="7" branch="false" />
                <line number="40" hits="7" branch="false" />
                <line number="41" hits="203" branch="false" />
                <line number="42" hits="203" branch="false" />
                <line number="43" hits="203" branch="false" />
                <line number="44" hits="203" branch="false" />
                <line number="45" hits="203" branch="false" />
                <line number="46" hits="203" branch="false" />
                <line number="47" hits="203" branch="false" />
                <line number="48" hits="203" branch="false" />
                <line number="49" hits="7" branch="false" />
                <line number="50" hits="210" branch="false" />
                <line number="52" hits="7" branch="false" />
                <line number="53" hits="7" branch="false" />
              </lines>
            </method>
            <method name="GerarClienteInvalido" signature="()" line-rate="1" branch-rate="1" complexity="1">
              <lines>
                <line number="56" hits="3" branch="false" />
                <line number="57" hits="3" branch="false" />
                <line number="59" hits="3" branch="false" />
                <line number="60" hits="6" branch="false" />
                <line number="61" hits="6" branch="false" />
                <line number="62" hits="6" branch="false" />
                <line number="63" hits="6" branch="false" />
                <line number="64" hits="6" branch="false" />
                <line number="65" hits="6" branch="false" />
                <line number="66" hits="6" branch="false" />
                <line number="67" hits="6" branch="false" />
                <line number="69" hits="3" branch="false" />
                <line number="70" hits="3" branch="false" />
              </lines>
            </method>
            <method name="Dispose" signature="()" line-rate="1" branch-rate="1" complexity="1">
              <lines>
                <line number="73" hits="1" branch="false" />
                <line number="74" hits="1" branch="false" />
              </lines>
            </method>
          </methods>
          <lines>
            <line number="18" hits="3" branch="false" />
            <line number="19" hits="3" branch="false" />
            <line number="20" hits="3" branch="false" />
            <line number="23" hits="2" branch="false" />
            <line number="24" hits="2" branch="false" />
            <line number="26" hits="2" branch="false" />
            <line number="27" hits="2" branch="false" />
            <line number="29" hits="2" branch="false" />
            <line number="30" hits="2" branch="false" />
            <line number="33" hits="7" branch="false" />
            <line number="34" hits="7" branch="false" />
            <line number="40" hits="7" branch="false" />
            <line number="41" hits="203" branch="false" />
            <line number="42" hits="203" branch="false" />
            <line number="43" hits="203" branch="false" />
            <line number="44" hits="203" branch="false" />
            <line number="45" hits="203" branch="false" />
            <line number="46" hits="203" branch="false" />
            <line number="47" hits="203" branch="false" />
            <line number="48" hits="203" branch="false" />
            <line number="49" hits="7" branch="false" />
            <line number="50" hits="210" branch="false" />
            <line number="52" hits="7" branch="false" />
            <line number="53" hits="7" branch="false" />
            <line number="56" hits="3" branch="false" />
            <line number="57" hits="3" branch="false" />
            <line number="59" hits="3" branch="false" />
            <line number="60" hits="6" branch="false" />
            <line number="61" hits="6" branch="false" />
            <line number="62" hits="6" branch="false" />
            <line number="63" hits="6" branch="false" />
            <line number="64" hits="6" branch="false" />
            <line number="65" hits="6" branch="false" />
            <line number="66" hits="6" branch="false" />
            <line number="67" hits="6" branch="false" />
            <line number="69" hits="3" branch="false" />
            <line number="70" hits="3" branch="false" />
            <line number="73" hits="1" branch="false" />
            <line number="74" hits="1" branch="false" />
          </lines>
        </class>
        <class name="Features.Tests.ClienteTestsFixture" filename="C:\Users\ricar\source\repos\DesenvovledorIO\Teste Unidade\01 - Testes de Unidade\Features.Tests\02 - Fixtures\ClienteTestsFixture.cs" line-rate="1" branch-rate="1" complexity="3">
          <methods>
            <method name="GerarClienteValido" signature="()" line-rate="1" branch-rate="1" complexity="1">
              <lines>
                <line number="14" hits="1" branch="false" />
                <line number="15" hits="1" branch="false" />
                <line number="16" hits="1" branch="false" />
                <line number="17" hits="1" branch="false" />
                <line number="18" hits="1" branch="false" />
                <line number="19" hits="1" branch="false" />
                <line number="20" hits="1" branch="false" />
                <line number="21" hits="1" branch="false" />
                <line number="22" hits="1" branch="false" />
                <line number="24" hits="1" branch="false" />
                <line number="25" hits="1" branch="false" />
              </lines>
            </method>
            <method name="GerarClienteInValido" signature="()" line-rate="1" branch-rate="1" complexity="1">
              <lines>
                <line number="28" hits="1" branch="false" />
                <line number="29" hits="1" branch="false" />
                <line number="30" hits="1" branch="false" />
                <line number="31" hits="1" branch="false" />
                <line number="32" hits="1" branch="false" />
                <line number="33" hits="1" branch="false" />
                <line number="34" hits="1" branch="false" />
                <line number="35" hits="1" branch="false" />
                <line number="36" hits="1" branch="false" />
                <line number="38" hits="1" branch="false" />
                <line number="39" hits="1" branch="false" />
              </lines>
            </method>
            <method name="Dispose" signature="()" line-rate="1" branch-rate="1" complexity="1">
              <lines>
                <line number="42" hits="1" branch="false" />
                <line number="43" hits="1" branch="false" />
              </lines>
            </method>
          </methods>
          <lines>
            <line number="14" hits="1" branch="false" />
            <line number="15" hits="1" branch="false" />
            <line number="16" hits="1" branch="false" />
            <line number="17" hits="1" branch="false" />
            <line number="18" hits="1" branch="false" />
            <line number="19" hits="1" branch="false" />
            <line number="20" hits="1" branch="false" />
            <line number="21" hits="1" branch="false" />
            <line number="22" hits="1" branch="false" />
            <line number="24" hits="1" branch="false" />
            <line number="25" hits="1" branch="false" />
            <line number="28" hits="1" branch="false" />
            <line number="29" hits="1" branch="false" />
            <line number="30" hits="1" branch="false" />
            <line number="31" hits="1" branch="false" />
            <line number="32" hits="1" branch="false" />
            <line number="33" hits="1" branch="false" />
            <line number="34" hits="1" branch="false" />
            <line number="35" hits="1" branch="false" />
            <line number="36" hits="1" branch="false" />
            <line number="38" hits="1" branch="false" />
            <line number="39" hits="1" branch="false" />
            <line number="42" hits="1" branch="false" />
            <line number="43" hits="1" branch="false" />
          </lines>
        </class>
        <class name="Features.Tests.CpfValidationTests" filename="C:\Users\ricar\source\repos\DesenvovledorIO\Teste Unidade\01 - Testes de Unidade\Features.Tests\09 - Code Coverage\CpfValidationTests.cs" line-rate="1" branch-rate="1" complexity="2">
          <methods>
            <method name="Cpf_ValidarMultiplosNumeros_TodosDevemSerValidos" signature="(...)" line-rate="1" branch-rate="1" complexity="1">
              <lines>
                <line number="17" hits="5" branch="false" />
                <line number="19" hits="5" branch="false" />
                <line number="22" hits="5" branch="false" />
                <line number="23" hits="5" branch="false" />
              </lines>
            </method>
            <method name="Cpf_ValidarMultiplosNumeros_TodosDevemSerInvalidos" signature="(...)" line-rate="1" branch-rate="1" complexity="1">
              <lines>
                <line number="34" hits="6" branch="false" />
                <line number="36" hits="6" branch="false" />
                <line number="39" hits="6" branch="false" />
                <line number="40" hits="6" branch="false" />
              </lines>
            </method>
          </methods>
          <lines>
            <line number="17" hits="5" branch="false" />
            <line number="19" hits="5" branch="false" />
            <line number="22" hits="5" branch="false" />
            <line number="23" hits="5" branch="false" />
            <line number="34" hits="6" branch="false" />
            <line number="36" hits="6" branch="false" />
            <line number="39" hits="6" branch="false" />
            <line number="40" hits="6" branch="false" />
          </lines>
        </class>
        <class name="Features.Tests.OrdemTestes" filename="C:\Users\ricar\source\repos\DesenvovledorIO\Teste Unidade\01 - Testes de Unidade\Features.Tests\03 - Order\OrdemTestes.cs" line-rate="1" branch-rate="1" complexity="4">
          <methods>
            <method name="Teste04" signature="()" line-rate="1" branch-rate="1" complexity="1">
              <lines>
                <line number="16" hits="1" branch="false" />
                <line number="17" hits="1" branch="false" />
                <line number="19" hits="1" branch="false" />
                <line number="20" hits="1" branch="false" />
                <line number="21" hits="1" branch="false" />
                <line number="22" hits="1" branch="false" />
              </lines>
            </method>
            <method name="Teste01" signature="()" line-rate="1" branch-rate="1" complexity="1">
              <lines>
                <line number="27" hits="1" branch="false" />
                <line number="28" hits="1" branch="false" />
                <line number="30" hits="1" branch="false" />
                <line number="31" hits="1" branch="false" />
                <line number="32" hits="1" branch="false" />
                <line number="33" hits="1" branch="false" />
              </lines>
            </method>
            <method name="Teste03" signature="()" line-rate="1" branch-rate="1" complexity="1">
              <lines>
                <line number="38" hits="1" branch="false" />
                <line number="39" hits="1" branch="false" />
                <line number="41" hits="1" branch="false" />
                <line number="42" hits="1" branch="false" />
                <line number="43" hits="1" branch="false" />
                <line number="44" hits="1" branch="false" />
              </lines>
            </method>
            <method name="Teste02" signature="()" line-rate="1" branch-rate="1" complexity="1">
              <lines>
                <line number="49" hits="1" branch="false" />
                <line number="50" hits="1" branch="false" />
                <line number="52" hits="1" branch="false" />
                <line number="53" hits="1" branch="false" />
                <line number="54" hits="1" branch="false" />
                <line number="55" hits="1" branch="false" />
              </lines>
            </method>
          </methods>
          <lines>
            <line number="16" hits="1" branch="false" />
            <line number="17" hits="1" branch="false" />
            <line number="19" hits="1" branch="false" />
            <line number="20" hits="1" branch="false" />
            <line number="21" hits="1" branch="false" />
            <line number="22" hits="1" branch="false" />
            <line number="27" hits="1" branch="false" />
            <line number="28" hits="1" branch="false" />
            <line number="30" hits="1" branch="false" />
            <line number="31" hits="1" branch="false" />
            <line number="32" hits="1" branch="false" />
            <line number="33" hits="1" branch="false" />
            <line number="38" hits="1" branch="false" />
            <line number="39" hits="1" branch="false" />
            <line number="41" hits="1" branch="false" />
            <line number="42" hits="1" branch="false" />
            <line number="43" hits="1" branch="false" />
            <line number="44" hits="1" branch="false" />
            <line number="49" hits="1" branch="false" />
            <line number="50" hits="1" branch="false" />
            <line number="52" hits="1" branch="false" />
            <line number="53" hits="1" branch="false" />
            <line number="54" hits="1" branch="false" />
            <line number="55" hits="1" branch="false" />
          </lines>
        </class>
        <class name="Features.Tests.PriorityOrderer" filename="C:\Users\ricar\source\repos\DesenvovledorIO\Teste Unidade\01 - Testes de Unidade\Features.Tests\03 - Order\PriorityOrderer.cs" line-rate="1" branch-rate="0.875" complexity="14">
          <methods>
            <method name="GetOrCreate" signature="(...)" line-rate="1" branch-rate="0.5" complexity="2">
              <lines>
                <line number="45" hits="4" branch="false" />
                <line number="46" hits="4" branch="true" condition-coverage="50% (1/2)" />
                <line number="48" hits="4" branch="false" />
                <line number="49" hits="4" branch="false" />
                <line number="51" hits="4" branch="false" />
                <line number="52" hits="4" branch="false" />
              </lines>
            </method>
            <method name="OrderTestCases" signature="()" line-rate="1" branch-rate="1" complexity="12">
              <lines>
                <line number="23" hits="1" branch="false" />
                <line number="24" hits="1" branch="false" />
                <line number="26" hits="11" branch="true" condition-coverage="100% (2/2)" />
                <line number="27" hits="4" branch="false" />
                <line number="28" hits="4" branch="false" />
                <line number="30" hits="20" branch="true" condition-coverage="100% (2/2)" />
                <line number="31" hits="4" branch="false" />
                <line number="33" hits="4" branch="false" />
                <line number="34" hits="4" branch="false" />
                <line number="36" hits="15" branch="false" />
                <line number="37" hits="4" branch="false" />
                <line number="38" hits="4" branch="false" />
                <line number="39" hits="20" branch="true" condition-coverage="100% (2/2)" />
                <line number="40" hits="4" branch="false" />
                <line number="41" hits="4" branch="false" />
                <line number="42" hits="1" branch="false" />
              </lines>
            </method>
          </methods>
          <lines>
            <line number="23" hits="1" branch="false" />
            <line number="24" hits="1" branch="false" />
            <line number="26" hits="11" branch="true" condition-coverage="100% (2/2)" />
            <line number="27" hits="4" branch="false" />
            <line number="28" hits="4" branch="false" />
            <line number="30" hits="20" branch="true" condition-coverage="100% (2/2)" />
            <line number="31" hits="4" branch="false" />
            <line number="33" hits="4" branch="false" />
            <line number="34" hits="4" branch="false" />
            <line number="36" hits="15" branch="false" />
            <line number="37" hits="4" branch="false" />
            <line number="38" hits="4" branch="false" />
            <line number="39" hits="20" branch="true" condition-coverage="100% (2/2)" />
            <line number="40" hits="4" branch="false" />
            <line number="41" hits="4" branch="false" />
            <line number="42" hits="1" branch="false" />
            <line number="45" hits="4" branch="false" />
            <line number="46" hits="4" branch="true" condition-coverage="50% (1/2)" />
            <line number="48" hits="4" branch="false" />
            <line number="49" hits="4" branch="false" />
            <line number="51" hits="4" branch="false" />
            <line number="52" hits="4" branch="false" />
          </lines>
        </class>
        <class name="Features.Tests.TesteNaoPassandoMotivoEspecifico" filename="C:\Users\ricar\source\repos\DesenvovledorIO\Teste Unidade\01 - Testes de Unidade\Features.Tests\08 - Skip\TesteNaoPassandoMotivoEspecifico.cs" line-rate="0" branch-rate="1" complexity="1">
          <methods>
            <method name="Teste_NaoEstaPassando_VersaoNovaNaoCompativel" signature="()" line-rate="0" branch-rate="1" complexity="1">
              <lines>
                <line number="10" hits="0" branch="false" />
                <line number="11" hits="0" branch="false" />
                <line number="12" hits="0" branch="false" />
              </lines>
            </method>
          </methods>
          <lines>
            <line number="10" hits="0" branch="false" />
            <line number="11" hits="0" branch="false" />
            <line number="12" hits="0" branch="false" />
          </lines>
        </class>
        <class name="Features.Tests.TestPriorityAttribute" filename="C:\Users\ricar\source\repos\DesenvovledorIO\Teste Unidade\01 - Testes de Unidade\Features.Tests\03 - Order\PriorityOrderer.cs" line-rate="1" branch-rate="1" complexity="2">
          <methods>
            <method name="get_Priority" signature="()" line-rate="1" branch-rate="1" complexity="1">
              <lines>
                <line number="17" hits="4" branch="false" />
              </lines>
            </method>
            <method name=".ctor" signature="(...)" line-rate="1" branch-rate="1" complexity="1">
              <lines>
                <line number="12" hits="4" branch="false" />
                <line number="13" hits="4" branch="false" />
                <line number="14" hits="4" branch="false" />
                <line number="15" hits="4" branch="false" />
              </lines>
            </method>
          </methods>
          <lines>
            <line number="12" hits="4" branch="false" />
            <line number="13" hits="4" branch="false" />
            <line number="14" hits="4" branch="false" />
            <line number="15" hits="4" branch="false" />
            <line number="17" hits="4" branch="false" />
          </lines>
        </class>
      </classes>
    </package>
  </packages>
</coverage>