TpTrace Verbose: 0 : 20192, 1, 2021/11/28, 18:50:18.757, 138195373138, vstest.console.dll, Version: 17.0.0
TpTrace Information: 0 : 20192, 1, 2021/11/28, 18:50:18.767, 138195474958, vstest.console.dll, FilePatternParser: The given file C:\Users\ricar\source\repos\DesenvovledorIO\Teste Unidade\01 - Testes de Unidade\Features.Tests\bin\Debug\netcoreapp2.2\fine-code-coverage\build-output\Features.Tests.dll is a full path.
TpTrace Verbose: 0 : 20192, 1, 2021/11/28, 18:50:18.774, 138195544018, vstest.console.dll, TestPluginCache.DiscoverTestExtensions: finding test extensions in assemblies ends with: RuntimeProvider.dll TPluginInfo: Microsoft.VisualStudio.TestPlatform.Common.ExtensionFramework.Utilities.TestRuntimePluginInformation TExtension: Microsoft.VisualStudio.TestPlatform.ObjectModel.Host.ITestRuntimeProvider
TpTrace Verbose: 0 : 20192, 1, 2021/11/28, 18:50:18.774, 138195546368, vstest.console.dll, TestPluginCache.GetExtensionPaths: Filtered extension paths: 
TpTrace Verbose: 0 : 20192, 1, 2021/11/28, 18:50:18.774, 138195546947, vstest.console.dll, TestPluginCache.GetExtensionPaths: Added default extension paths: C:\Program Files\dotnet\sdk\6.0.100\Extensions\Microsoft.Diagnostics.NETCore.Client.dll
C:\Program Files\dotnet\sdk\6.0.100\Extensions\Microsoft.TestPlatform.Extensions.BlameDataCollector.dll
C:\Program Files\dotnet\sdk\6.0.100\Extensions\Microsoft.TestPlatform.Extensions.EventLogCollector.dll
C:\Program Files\dotnet\sdk\6.0.100\Extensions\Microsoft.TestPlatform.TestHostRuntimeProvider.dll
C:\Program Files\dotnet\sdk\6.0.100\Extensions\Microsoft.VisualStudio.TestPlatform.Extensions.Html.TestLogger.dll
C:\Program Files\dotnet\sdk\6.0.100\Extensions\Microsoft.VisualStudio.TestPlatform.Extensions.Trx.TestLogger.dll
TpTrace Verbose: 0 : 20192, 1, 2021/11/28, 18:50:18.775, 138195547176, vstest.console.dll, TestPluginCache.GetExtensionPaths: Added unfilterableExtensionPaths: 
TpTrace Information: 0 : 20192, 1, 2021/11/28, 18:50:18.775, 138195552261, vstest.console.dll, AssemblyResolver.ctor: Creating AssemblyResolver with searchDirectories C:\Program Files\dotnet\sdk\6.0.100\Extensions,C:\Program Files\dotnet\sdk\6.0.100
TpTrace Verbose: 0 : 20192, 1, 2021/11/28, 18:50:18.776, 138195559655, vstest.console.dll, TestPluginCache.DiscoverTestExtensions: Discovering the extensions using extension path.
TpTrace Verbose: 0 : 20192, 1, 2021/11/28, 18:50:18.776, 138195560446, vstest.console.dll, TestPluginCache.GetExtensionPaths: Filtered extension paths: 
TpTrace Verbose: 0 : 20192, 1, 2021/11/28, 18:50:18.776, 138195560685, vstest.console.dll, TestPluginCache.GetExtensionPaths: Added default extension paths: C:\Program Files\dotnet\sdk\6.0.100\Extensions\Microsoft.Diagnostics.NETCore.Client.dll
C:\Program Files\dotnet\sdk\6.0.100\Extensions\Microsoft.TestPlatform.Extensions.BlameDataCollector.dll
C:\Program Files\dotnet\sdk\6.0.100\Extensions\Microsoft.TestPlatform.Extensions.EventLogCollector.dll
C:\Program Files\dotnet\sdk\6.0.100\Extensions\Microsoft.TestPlatform.TestHostRuntimeProvider.dll
C:\Program Files\dotnet\sdk\6.0.100\Extensions\Microsoft.VisualStudio.TestPlatform.Extensions.Html.TestLogger.dll
C:\Program Files\dotnet\sdk\6.0.100\Extensions\Microsoft.VisualStudio.TestPlatform.Extensions.Trx.TestLogger.dll
TpTrace Verbose: 0 : 20192, 1, 2021/11/28, 18:50:18.776, 138195560837, vstest.console.dll, TestPluginCache.GetExtensionPaths: Added unfilterableExtensionPaths: 
TpTrace Verbose: 0 : 20192, 1, 2021/11/28, 18:50:18.776, 138195561172, vstest.console.dll, TestPluginCache.DiscoverTestExtensions: Discovering the extensions using allExtensionPaths: C:\Program Files\dotnet\sdk\6.0.100\Extensions\Microsoft.Diagnostics.NETCore.Client.dll
C:\Program Files\dotnet\sdk\6.0.100\Extensions\Microsoft.TestPlatform.Extensions.BlameDataCollector.dll
C:\Program Files\dotnet\sdk\6.0.100\Extensions\Microsoft.TestPlatform.Extensions.EventLogCollector.dll
C:\Program Files\dotnet\sdk\6.0.100\Extensions\Microsoft.TestPlatform.TestHostRuntimeProvider.dll
C:\Program Files\dotnet\sdk\6.0.100\Extensions\Microsoft.VisualStudio.TestPlatform.Extensions.Html.TestLogger.dll
C:\Program Files\dotnet\sdk\6.0.100\Extensions\Microsoft.VisualStudio.TestPlatform.Extensions.Trx.TestLogger.dll
TpTrace Information: 0 : 20192, 1, 2021/11/28, 18:50:18.776, 138195562069, vstest.console.dll, AssemblyResolver.AddSearchDirectories: Adding more searchDirectories C:\Program Files\dotnet\sdk\6.0.100\Extensions,C:\Program Files\dotnet\sdk\6.0.100
TpTrace Information: 0 : 20192, 1, 2021/11/28, 18:50:18.776, 138195562381, vstest.console.dll, AssemblyResolver.AddSearchDirectories: Adding more searchDirectories C:\Program Files\dotnet\sdk\6.0.100\Extensions,C:\Program Files\dotnet\sdk\6.0.100
TpTrace Information: 0 : 20192, 1, 2021/11/28, 18:50:18.776, 138195562536, vstest.console.dll, AssemblyResolver.AddSearchDirectories: Adding more searchDirectories C:\Program Files\dotnet\sdk\6.0.100\Extensions,C:\Program Files\dotnet\sdk\6.0.100
TpTrace Information: 0 : 20192, 1, 2021/11/28, 18:50:18.776, 138195562673, vstest.console.dll, AssemblyResolver.AddSearchDirectories: Adding more searchDirectories C:\Program Files\dotnet\sdk\6.0.100\Extensions,C:\Program Files\dotnet\sdk\6.0.100
TpTrace Information: 0 : 20192, 1, 2021/11/28, 18:50:18.776, 138195562808, vstest.console.dll, AssemblyResolver.AddSearchDirectories: Adding more searchDirectories C:\Program Files\dotnet\sdk\6.0.100\Extensions,C:\Program Files\dotnet\sdk\6.0.100
TpTrace Information: 0 : 20192, 1, 2021/11/28, 18:50:18.776, 138195562979, vstest.console.dll, AssemblyResolver.AddSearchDirectories: Adding more searchDirectories C:\Program Files\dotnet\sdk\6.0.100\Extensions,C:\Program Files\dotnet\sdk\6.0.100
TpTrace Information: 0 : 20192, 1, 2021/11/28, 18:50:18.777, 138195568198, vstest.console.dll, AssemblyResolver.OnResolve: Microsoft.Diagnostics.NETCore.Client: Resolving assembly.
TpTrace Information: 0 : 20192, 1, 2021/11/28, 18:50:18.777, 138195568753, vstest.console.dll, AssemblyResolver.OnResolve: Microsoft.Diagnostics.NETCore.Client: Searching in: 'C:\Program Files\dotnet\sdk\6.0.100\Extensions'.
TpTrace Information: 0 : 20192, 1, 2021/11/28, 18:50:18.777, 138195576774, vstest.console.dll, AssemblyResolver.OnResolve: Microsoft.Diagnostics.NETCore.Client: Loading assembly 'C:\Program Files\dotnet\sdk\6.0.100\Extensions\Microsoft.Diagnostics.NETCore.Client.dll'.
TpTrace Information: 0 : 20192, 1, 2021/11/28, 18:50:18.778, 138195581480, vstest.console.dll, AssemblyResolver.OnResolve: Resolved assembly: Microsoft.Diagnostics.NETCore.Client, from path: C:\Program Files\dotnet\sdk\6.0.100\Extensions\Microsoft.Diagnostics.NETCore.Client.dll
TpTrace Information: 0 : 20192, 1, 2021/11/28, 18:50:18.783, 138195634423, vstest.console.dll, AssemblyResolver.OnResolve: Microsoft.Bcl.AsyncInterfaces: Resolving assembly.
TpTrace Information: 0 : 20192, 1, 2021/11/28, 18:50:18.783, 138195635048, vstest.console.dll, AssemblyResolver.OnResolve: Microsoft.Bcl.AsyncInterfaces: Searching in: 'C:\Program Files\dotnet\sdk\6.0.100\Extensions'.
TpTrace Information: 0 : 20192, 1, 2021/11/28, 18:50:18.783, 138195635480, vstest.console.dll, AssemblyResolver.OnResolve: Microsoft.Bcl.AsyncInterfaces: Assembly path does not exist: 'C:\Program Files\dotnet\sdk\6.0.100\Extensions\Microsoft.Bcl.AsyncInterfaces.dll', returning.
TpTrace Information: 0 : 20192, 1, 2021/11/28, 18:50:18.783, 138195635780, vstest.console.dll, AssemblyResolver.OnResolve: Microsoft.Bcl.AsyncInterfaces: Assembly path does not exist: 'C:\Program Files\dotnet\sdk\6.0.100\Extensions\Microsoft.Bcl.AsyncInterfaces.exe', returning.
TpTrace Information: 0 : 20192, 1, 2021/11/28, 18:50:18.783, 138195635916, vstest.console.dll, AssemblyResolver.OnResolve: Microsoft.Bcl.AsyncInterfaces: Searching in: 'C:\Program Files\dotnet\sdk\6.0.100'.
TpTrace Information: 0 : 20192, 1, 2021/11/28, 18:50:18.783, 138195636209, vstest.console.dll, AssemblyResolver.OnResolve: Microsoft.Bcl.AsyncInterfaces: Assembly path does not exist: 'C:\Program Files\dotnet\sdk\6.0.100\Microsoft.Bcl.AsyncInterfaces.dll', returning.
TpTrace Information: 0 : 20192, 1, 2021/11/28, 18:50:18.783, 138195636451, vstest.console.dll, AssemblyResolver.OnResolve: Microsoft.Bcl.AsyncInterfaces: Assembly path does not exist: 'C:\Program Files\dotnet\sdk\6.0.100\Microsoft.Bcl.AsyncInterfaces.exe', returning.
TpTrace Information: 0 : 20192, 1, 2021/11/28, 18:50:18.783, 138195636935, vstest.console.dll, AssemblyResolver.OnResolve: Microsoft.Bcl.AsyncInterfaces: Failed to load assembly.
TpTrace Verbose: 0 : 20192, 1, 2021/11/28, 18:50:18.784, 138195637222, vstest.console.dll, CurrentDomainAssemblyResolve: Resolving assembly 'Microsoft.Bcl.AsyncInterfaces'.
TpTrace Information: 0 : 20192, 1, 2021/11/28, 18:50:18.784, 138195637596, vstest.console.dll, AssemblyResolver.OnResolve: Microsoft.Bcl.AsyncInterfaces: Resolving assembly.
TpTrace Information: 0 : 20192, 1, 2021/11/28, 18:50:18.784, 138195637816, vstest.console.dll, AssemblyResolver.OnResolve: Microsoft.Bcl.AsyncInterfaces: Resolved from cache.
TpTrace Verbose: 0 : 20192, 1, 2021/11/28, 18:50:18.784, 138195637977, vstest.console.dll, CurrentDomainAssemblyResolve: Resolving assembly 'Microsoft.Bcl.AsyncInterfaces'.
TpTrace Verbose: 0 : 20192, 1, 2021/11/28, 18:50:18.784, 138195638185, vstest.console.dll, CurrentDomainAssemblyResolve: Failed to resolve assembly 'Microsoft.Bcl.AsyncInterfaces'.
TpTrace Verbose: 0 : 20192, 1, 2021/11/28, 18:50:18.788, 138195681404, vstest.console.dll, CurrentDomainAssemblyResolve: Failed to resolve assembly 'Microsoft.Bcl.AsyncInterfaces'.
TpTrace Warning: 0 : 20192, 1, 2021/11/28, 18:50:18.812, 138195924007, vstest.console.dll, TestPluginDiscoverer: Failed to get types from assembly 'Microsoft.Diagnostics.NETCore.Client, Version=0.2.4.21401, Culture=neutral, PublicKeyToken=31bf3856ad364e35'.  Skipping test extension scan for this assembly.  Error: System.Reflection.ReflectionTypeLoadException: Unable to load one or more of the requested types.
Could not load file or assembly 'Microsoft.Bcl.AsyncInterfaces, Version=1.0.0.0, Culture=neutral, PublicKeyToken=cc7b13ffcd2ddd51'. The system cannot find the file specified.
   at System.Reflection.RuntimeModule.GetTypes(RuntimeModule module)
   at System.Reflection.Assembly.GetTypes()
   at Microsoft.VisualStudio.TestPlatform.Common.ExtensionFramework.TestPluginDiscoverer.GetTestExtensionsFromAssembly[TPluginInfo,TExtension](Assembly assembly, Dictionary`2 pluginInfos)
System.IO.FileNotFoundException: Could not load file or assembly 'Microsoft.Bcl.AsyncInterfaces, Version=1.0.0.0, Culture=neutral, PublicKeyToken=cc7b13ffcd2ddd51'. The system cannot find the file specified.
File name: 'Microsoft.Bcl.AsyncInterfaces, Version=1.0.0.0, Culture=neutral, PublicKeyToken=cc7b13ffcd2ddd51'
 ---> System.IO.FileNotFoundException: Could not load file or assembly 'Microsoft.Bcl.AsyncInterfaces, Culture=neutral, PublicKeyToken=null'. The system cannot find the file specified.
File name: 'Microsoft.Bcl.AsyncInterfaces, Culture=neutral, PublicKeyToken=null'
   at System.Reflection.RuntimeAssembly.InternalLoad(ObjectHandleOnStack assemblyName, ObjectHandleOnStack requestingAssembly, StackCrawlMarkHandle stackMark, Boolean throwOnFileNotFound, ObjectHandleOnStack assemblyLoadContext, ObjectHandleOnStack retAssembly)
   at System.Reflection.RuntimeAssembly.InternalLoad(AssemblyName assemblyName, RuntimeAssembly requestingAssembly, StackCrawlMark& stackMark, Boolean throwOnFileNotFound, AssemblyLoadContext assemblyLoadContext)
   at System.Reflection.Assembly.Load(AssemblyName assemblyRef)
   at Microsoft.VisualStudio.TestPlatform.Common.ExtensionFramework.TestPluginCache.CurrentDomainAssemblyResolve(Object sender, AssemblyResolveEventArgs args)
   at Microsoft.VisualStudio.TestPlatform.PlatformAbstractions.PlatformAssemblyResolver.AssemblyResolverEvent(Object sender, Object eventArgs)
   at System.Runtime.Loader.AssemblyLoadContext.GetFirstResolvedAssemblyFromResolvingEvent(AssemblyName assemblyName)
   at System.Runtime.Loader.AssemblyLoadContext.ResolveUsingEvent(AssemblyName assemblyName)
   at System.Runtime.Loader.AssemblyLoadContext.ResolveUsingResolvingEvent(IntPtr gchManagedAssemblyLoadContext, AssemblyName assemblyName)
TpTrace Warning: 0 : 20192, 1, 2021/11/28, 18:50:18.812, 138195926271, vstest.console.dll, LoaderExceptions: System.IO.FileNotFoundException: Could not load file or assembly 'Microsoft.Bcl.AsyncInterfaces, Version=1.0.0.0, Culture=neutral, PublicKeyToken=cc7b13ffcd2ddd51'. The system cannot find the file specified.
File name: 'Microsoft.Bcl.AsyncInterfaces, Version=1.0.0.0, Culture=neutral, PublicKeyToken=cc7b13ffcd2ddd51'
 ---> System.IO.FileNotFoundException: Could not load file or assembly 'Microsoft.Bcl.AsyncInterfaces, Culture=neutral, PublicKeyToken=null'. The system cannot find the file specified.
File name: 'Microsoft.Bcl.AsyncInterfaces, Culture=neutral, PublicKeyToken=null'
   at System.Reflection.RuntimeAssembly.InternalLoad(ObjectHandleOnStack assemblyName, ObjectHandleOnStack requestingAssembly, StackCrawlMarkHandle stackMark, Boolean throwOnFileNotFound, ObjectHandleOnStack assemblyLoadContext, ObjectHandleOnStack retAssembly)
   at System.Reflection.RuntimeAssembly.InternalLoad(AssemblyName assemblyName, RuntimeAssembly requestingAssembly, StackCrawlMark& stackMark, Boolean throwOnFileNotFound, AssemblyLoadContext assemblyLoadContext)
   at System.Reflection.Assembly.Load(AssemblyName assemblyRef)
   at Microsoft.VisualStudio.TestPlatform.Common.ExtensionFramework.TestPluginCache.CurrentDomainAssemblyResolve(Object sender, AssemblyResolveEventArgs args)
   at Microsoft.VisualStudio.TestPlatform.PlatformAbstractions.PlatformAssemblyResolver.AssemblyResolverEvent(Object sender, Object eventArgs)
   at System.Runtime.Loader.AssemblyLoadContext.GetFirstResolvedAssemblyFromResolvingEvent(AssemblyName assemblyName)
   at System.Runtime.Loader.AssemblyLoadContext.ResolveUsingEvent(AssemblyName assemblyName)
   at System.Runtime.Loader.AssemblyLoadContext.ResolveUsingResolvingEvent(IntPtr gchManagedAssemblyLoadContext, AssemblyName assemblyName)
TpTrace Information: 0 : 20192, 1, 2021/11/28, 18:50:18.813, 138195927210, vstest.console.dll, AssemblyResolver.OnResolve: Microsoft.TestPlatform.Extensions.BlameDataCollector: Resolving assembly.
TpTrace Information: 0 : 20192, 1, 2021/11/28, 18:50:18.813, 138195927495, vstest.console.dll, AssemblyResolver.OnResolve: Microsoft.TestPlatform.Extensions.BlameDataCollector: Searching in: 'C:\Program Files\dotnet\sdk\6.0.100\Extensions'.
TpTrace Information: 0 : 20192, 1, 2021/11/28, 18:50:18.814, 138195941499, vstest.console.dll, AssemblyResolver.OnResolve: Microsoft.TestPlatform.Extensions.BlameDataCollector: Loading assembly 'C:\Program Files\dotnet\sdk\6.0.100\Extensions\Microsoft.TestPlatform.Extensions.BlameDataCollector.dll'.
TpTrace Information: 0 : 20192, 1, 2021/11/28, 18:50:18.815, 138195947393, vstest.console.dll, AssemblyResolver.OnResolve: Resolved assembly: Microsoft.TestPlatform.Extensions.BlameDataCollector, from path: C:\Program Files\dotnet\sdk\6.0.100\Extensions\Microsoft.TestPlatform.Extensions.BlameDataCollector.dll
TpTrace Information: 0 : 20192, 1, 2021/11/28, 18:50:18.816, 138195957990, vstest.console.dll, AssemblyResolver.OnResolve: Microsoft.TestPlatform.Extensions.EventLogCollector: Resolving assembly.
TpTrace Information: 0 : 20192, 1, 2021/11/28, 18:50:18.816, 138195958464, vstest.console.dll, AssemblyResolver.OnResolve: Microsoft.TestPlatform.Extensions.EventLogCollector: Searching in: 'C:\Program Files\dotnet\sdk\6.0.100\Extensions'.
TpTrace Information: 0 : 20192, 1, 2021/11/28, 18:50:18.816, 138195966193, vstest.console.dll, AssemblyResolver.OnResolve: Microsoft.TestPlatform.Extensions.EventLogCollector: Loading assembly 'C:\Program Files\dotnet\sdk\6.0.100\Extensions\Microsoft.TestPlatform.Extensions.EventLogCollector.dll'.
TpTrace Information: 0 : 20192, 1, 2021/11/28, 18:50:18.817, 138195972149, vstest.console.dll, AssemblyResolver.OnResolve: Resolved assembly: Microsoft.TestPlatform.Extensions.EventLogCollector, from path: C:\Program Files\dotnet\sdk\6.0.100\Extensions\Microsoft.TestPlatform.Extensions.EventLogCollector.dll
TpTrace Information: 0 : 20192, 1, 2021/11/28, 18:50:18.820, 138195998373, vstest.console.dll, AssemblyResolver.OnResolve: Microsoft.TestPlatform.TestHostRuntimeProvider: Resolving assembly.
TpTrace Information: 0 : 20192, 1, 2021/11/28, 18:50:18.820, 138195999004, vstest.console.dll, AssemblyResolver.OnResolve: Microsoft.TestPlatform.TestHostRuntimeProvider: Searching in: 'C:\Program Files\dotnet\sdk\6.0.100\Extensions'.
TpTrace Information: 0 : 20192, 1, 2021/11/28, 18:50:18.821, 138196009244, vstest.console.dll, AssemblyResolver.OnResolve: Microsoft.TestPlatform.TestHostRuntimeProvider: Loading assembly 'C:\Program Files\dotnet\sdk\6.0.100\Extensions\Microsoft.TestPlatform.TestHostRuntimeProvider.dll'.
TpTrace Information: 0 : 20192, 1, 2021/11/28, 18:50:18.821, 138196013678, vstest.console.dll, AssemblyResolver.OnResolve: Resolved assembly: Microsoft.TestPlatform.TestHostRuntimeProvider, from path: C:\Program Files\dotnet\sdk\6.0.100\Extensions\Microsoft.TestPlatform.TestHostRuntimeProvider.dll
TpTrace Information: 0 : 20192, 1, 2021/11/28, 18:50:18.822, 138196022871, vstest.console.dll, AssemblyResolver.OnResolve: Microsoft.VisualStudio.TestPlatform.Extensions.Html.TestLogger: Resolving assembly.
TpTrace Information: 0 : 20192, 1, 2021/11/28, 18:50:18.822, 138196023250, vstest.console.dll, AssemblyResolver.OnResolve: Microsoft.VisualStudio.TestPlatform.Extensions.Html.TestLogger: Searching in: 'C:\Program Files\dotnet\sdk\6.0.100\Extensions'.
TpTrace Information: 0 : 20192, 1, 2021/11/28, 18:50:18.823, 138196033080, vstest.console.dll, AssemblyResolver.OnResolve: Microsoft.VisualStudio.TestPlatform.Extensions.Html.TestLogger: Loading assembly 'C:\Program Files\dotnet\sdk\6.0.100\Extensions\Microsoft.VisualStudio.TestPlatform.Extensions.Html.TestLogger.dll'.
TpTrace Information: 0 : 20192, 1, 2021/11/28, 18:50:18.824, 138196037219, vstest.console.dll, AssemblyResolver.OnResolve: Resolved assembly: Microsoft.VisualStudio.TestPlatform.Extensions.Html.TestLogger, from path: C:\Program Files\dotnet\sdk\6.0.100\Extensions\Microsoft.VisualStudio.TestPlatform.Extensions.Html.TestLogger.dll
TpTrace Information: 0 : 20192, 1, 2021/11/28, 18:50:18.824, 138196039619, vstest.console.dll, AssemblyResolver.OnResolve: Microsoft.VisualStudio.TestPlatform.Extensions.Trx.TestLogger: Resolving assembly.
TpTrace Information: 0 : 20192, 1, 2021/11/28, 18:50:18.824, 138196039917, vstest.console.dll, AssemblyResolver.OnResolve: Microsoft.VisualStudio.TestPlatform.Extensions.Trx.TestLogger: Searching in: 'C:\Program Files\dotnet\sdk\6.0.100\Extensions'.
TpTrace Information: 0 : 20192, 1, 2021/11/28, 18:50:18.825, 138196050040, vstest.console.dll, AssemblyResolver.OnResolve: Microsoft.VisualStudio.TestPlatform.Extensions.Trx.TestLogger: Loading assembly 'C:\Program Files\dotnet\sdk\6.0.100\Extensions\Microsoft.VisualStudio.TestPlatform.Extensions.Trx.TestLogger.dll'.
TpTrace Information: 0 : 20192, 1, 2021/11/28, 18:50:18.826, 138196058210, vstest.console.dll, AssemblyResolver.OnResolve: Resolved assembly: Microsoft.VisualStudio.TestPlatform.Extensions.Trx.TestLogger, from path: C:\Program Files\dotnet\sdk\6.0.100\Extensions\Microsoft.VisualStudio.TestPlatform.Extensions.Trx.TestLogger.dll
TpTrace Verbose: 0 : 20192, 1, 2021/11/28, 18:50:18.826, 138196066552, vstest.console.dll, TestPluginCache: Discovered the extensions using extension path ''.
TpTrace Verbose: 0 : 20192, 1, 2021/11/28, 18:50:18.826, 138196067056, vstest.console.dll, TestPluginCache: Discoverers are ''.
TpTrace Verbose: 0 : 20192, 1, 2021/11/28, 18:50:18.827, 138196067246, vstest.console.dll, TestPluginCache: Executors are ''.
TpTrace Verbose: 0 : 20192, 1, 2021/11/28, 18:50:18.827, 138196067421, vstest.console.dll, TestPluginCache: Executors2 are ''.
TpTrace Verbose: 0 : 20192, 1, 2021/11/28, 18:50:18.827, 138196067579, vstest.console.dll, TestPluginCache: Setting providers are ''.
TpTrace Verbose: 0 : 20192, 1, 2021/11/28, 18:50:18.827, 138196067768, vstest.console.dll, TestPluginCache: Loggers are ''.
TpTrace Information: 0 : 20192, 1, 2021/11/28, 18:50:18.831, 138196112044, vstest.console.dll, RunTestsArgumentProcessor:Execute: Test run is starting.
TpTrace Verbose: 0 : 20192, 1, 2021/11/28, 18:50:18.831, 138196112822, vstest.console.dll, RunTestsArgumentProcessor:Execute: Queuing Test run.
TpTrace Information: 0 : 20192, 1, 2021/11/28, 18:50:18.831, 138196114178, vstest.console.dll, TestRequestManager.RunTests: run tests started.
TpTrace Information: 0 : 20192, 1, 2021/11/28, 18:50:18.841, 138196208492, vstest.console.dll, AssemblyMetadataProvider.GetFrameWork: Determined framework:'.NETCoreApp,Version=v2.2' for source: 'C:\Users\ricar\source\repos\DesenvovledorIO\Teste Unidade\01 - Testes de Unidade\Features.Tests\bin\Debug\netcoreapp2.2\fine-code-coverage\build-output\Features.Tests.dll'
TpTrace Information: 0 : 20192, 1, 2021/11/28, 18:50:18.841, 138196210191, vstest.console.dll, Determined framework for all sources: .NETCoreApp,Version=v2.2
TpTrace Information: 0 : 20192, 1, 2021/11/28, 18:50:18.841, 138196214156, vstest.console.dll, AssemblyMetadataProvider.GetArchitecture: Determined architecture:AnyCPU info for assembly: C:\Users\ricar\source\repos\DesenvovledorIO\Teste Unidade\01 - Testes de Unidade\Features.Tests\bin\Debug\netcoreapp2.2\fine-code-coverage\build-output\Features.Tests.dll
TpTrace Information: 0 : 20192, 1, 2021/11/28, 18:50:18.843, 138196233147, vstest.console.dll, Determined platform for all sources: X64
TpTrace Information: 0 : 20192, 1, 2021/11/28, 18:50:18.846, 138196261739, vstest.console.dll, Compatible sources list : 
TpTrace Information: 0 : 20192, 1, 2021/11/28, 18:50:18.846, 138196262915, vstest.console.dll, C:\Users\ricar\source\repos\DesenvovledorIO\Teste Unidade\01 - Testes de Unidade\Features.Tests\bin\Debug\netcoreapp2.2\fine-code-coverage\build-output\Features.Tests.dll
TpTrace Information: 0 : 20192, 1, 2021/11/28, 18:50:18.851, 138196309606, vstest.console.dll, InferRunSettingsHelper.IsTestSettingsEnabled: Unable to navigate to RunSettings/MSTest. Current node: RunSettings
TpTrace Information: 0 : 20192, 1, 2021/11/28, 18:50:18.852, 138196319050, vstest.console.dll, AssemblyResolver.OnResolve: Microsoft.VisualStudio.TestPlatform.Fakes: Resolving assembly.
TpTrace Information: 0 : 20192, 1, 2021/11/28, 18:50:18.852, 138196319877, vstest.console.dll, AssemblyResolver.OnResolve: Microsoft.VisualStudio.TestPlatform.Fakes: Searching in: 'C:\Program Files\dotnet\sdk\6.0.100\Extensions'.
TpTrace Information: 0 : 20192, 1, 2021/11/28, 18:50:18.852, 138196320882, vstest.console.dll, AssemblyResolver.OnResolve: Microsoft.VisualStudio.TestPlatform.Fakes: Assembly path does not exist: 'C:\Program Files\dotnet\sdk\6.0.100\Extensions\Microsoft.VisualStudio.TestPlatform.Fakes.dll', returning.
TpTrace Information: 0 : 20192, 1, 2021/11/28, 18:50:18.852, 138196321515, vstest.console.dll, AssemblyResolver.OnResolve: Microsoft.VisualStudio.TestPlatform.Fakes: Assembly path does not exist: 'C:\Program Files\dotnet\sdk\6.0.100\Extensions\Microsoft.VisualStudio.TestPlatform.Fakes.exe', returning.
TpTrace Information: 0 : 20192, 1, 2021/11/28, 18:50:18.852, 138196321899, vstest.console.dll, AssemblyResolver.OnResolve: Microsoft.VisualStudio.TestPlatform.Fakes: Searching in: 'C:\Program Files\dotnet\sdk\6.0.100'.
TpTrace Information: 0 : 20192, 1, 2021/11/28, 18:50:18.852, 138196322348, vstest.console.dll, AssemblyResolver.OnResolve: Microsoft.VisualStudio.TestPlatform.Fakes: Assembly path does not exist: 'C:\Program Files\dotnet\sdk\6.0.100\Microsoft.VisualStudio.TestPlatform.Fakes.dll', returning.
TpTrace Information: 0 : 20192, 1, 2021/11/28, 18:50:18.852, 138196322758, vstest.console.dll, AssemblyResolver.OnResolve: Microsoft.VisualStudio.TestPlatform.Fakes: Assembly path does not exist: 'C:\Program Files\dotnet\sdk\6.0.100\Microsoft.VisualStudio.TestPlatform.Fakes.exe', returning.
TpTrace Information: 0 : 20192, 1, 2021/11/28, 18:50:18.852, 138196323044, vstest.console.dll, AssemblyResolver.OnResolve: Microsoft.VisualStudio.TestPlatform.Fakes: Failed to load assembly.
TpTrace Information: 0 : 20192, 1, 2021/11/28, 18:50:18.852, 138196325668, vstest.console.dll, Failed to load assembly Microsoft.VisualStudio.TestPlatform.Fakes, Version=17.0.0.0, Culture=neutral. Reason:System.IO.FileNotFoundException: Could not load file or assembly 'Microsoft.VisualStudio.TestPlatform.Fakes, Version=17.0.0.0, Culture=neutral, PublicKeyToken=null'. The system cannot find the file specified.
File name: 'Microsoft.VisualStudio.TestPlatform.Fakes, Version=17.0.0.0, Culture=neutral, PublicKeyToken=null'
   at System.Reflection.RuntimeAssembly.InternalLoad(ObjectHandleOnStack assemblyName, ObjectHandleOnStack requestingAssembly, StackCrawlMarkHandle stackMark, Boolean throwOnFileNotFound, ObjectHandleOnStack assemblyLoadContext, ObjectHandleOnStack retAssembly)
   at System.Reflection.RuntimeAssembly.InternalLoad(AssemblyName assemblyName, RuntimeAssembly requestingAssembly, StackCrawlMark& stackMark, Boolean throwOnFileNotFound, AssemblyLoadContext assemblyLoadContext)
   at System.Reflection.Assembly.Load(AssemblyName assemblyRef)
   at Microsoft.VisualStudio.TestPlatform.Common.Utilities.FakesUtilities.LoadTestPlatformAssembly()
TpTrace Verbose: 0 : 20192, 1, 2021/11/28, 18:50:18.855, 138196356734, vstest.console.dll, TestPluginCache.DiscoverTestExtensions: finding test extensions in assemblies ends with: TestLogger.dll TPluginInfo: Microsoft.VisualStudio.TestPlatform.Common.ExtensionFramework.Utilities.TestLoggerPluginInformation TExtension: Microsoft.VisualStudio.TestPlatform.ObjectModel.Client.ITestLogger
TpTrace Verbose: 0 : 20192, 1, 2021/11/28, 18:50:18.856, 138196357442, vstest.console.dll, TestPluginCache.GetExtensionPaths: Filtered extension paths: 
TpTrace Verbose: 0 : 20192, 1, 2021/11/28, 18:50:18.856, 138196357649, vstest.console.dll, TestPluginCache.GetExtensionPaths: Added default extension paths: C:\Program Files\dotnet\sdk\6.0.100\Extensions\Microsoft.Diagnostics.NETCore.Client.dll
C:\Program Files\dotnet\sdk\6.0.100\Extensions\Microsoft.TestPlatform.Extensions.BlameDataCollector.dll
C:\Program Files\dotnet\sdk\6.0.100\Extensions\Microsoft.TestPlatform.Extensions.EventLogCollector.dll
C:\Program Files\dotnet\sdk\6.0.100\Extensions\Microsoft.TestPlatform.TestHostRuntimeProvider.dll
C:\Program Files\dotnet\sdk\6.0.100\Extensions\Microsoft.VisualStudio.TestPlatform.Extensions.Html.TestLogger.dll
C:\Program Files\dotnet\sdk\6.0.100\Extensions\Microsoft.VisualStudio.TestPlatform.Extensions.Trx.TestLogger.dll
TpTrace Verbose: 0 : 20192, 1, 2021/11/28, 18:50:18.856, 138196357848, vstest.console.dll, TestPluginCache.GetExtensionPaths: Added unfilterableExtensionPaths: 
TpTrace Information: 0 : 20192, 1, 2021/11/28, 18:50:18.856, 138196358717, vstest.console.dll, AssemblyResolver.AddSearchDirectories: Adding more searchDirectories C:\Program Files\dotnet\sdk\6.0.100\Extensions,C:\Program Files\dotnet\sdk\6.0.100
TpTrace Verbose: 0 : 20192, 1, 2021/11/28, 18:50:18.856, 138196359001, vstest.console.dll, TestPluginCache.DiscoverTestExtensions: Discovering the extensions using extension path.
TpTrace Verbose: 0 : 20192, 1, 2021/11/28, 18:50:18.856, 138196359205, vstest.console.dll, TestPluginCache.GetExtensionPaths: Filtered extension paths: 
TpTrace Verbose: 0 : 20192, 1, 2021/11/28, 18:50:18.856, 138196359397, vstest.console.dll, TestPluginCache.GetExtensionPaths: Added default extension paths: C:\Program Files\dotnet\sdk\6.0.100\Extensions\Microsoft.Diagnostics.NETCore.Client.dll
C:\Program Files\dotnet\sdk\6.0.100\Extensions\Microsoft.TestPlatform.Extensions.BlameDataCollector.dll
C:\Program Files\dotnet\sdk\6.0.100\Extensions\Microsoft.TestPlatform.Extensions.EventLogCollector.dll
C:\Program Files\dotnet\sdk\6.0.100\Extensions\Microsoft.TestPlatform.TestHostRuntimeProvider.dll
C:\Program Files\dotnet\sdk\6.0.100\Extensions\Microsoft.VisualStudio.TestPlatform.Extensions.Html.TestLogger.dll
C:\Program Files\dotnet\sdk\6.0.100\Extensions\Microsoft.VisualStudio.TestPlatform.Extensions.Trx.TestLogger.dll
TpTrace Verbose: 0 : 20192, 1, 2021/11/28, 18:50:18.856, 138196359561, vstest.console.dll, TestPluginCache.GetExtensionPaths: Added unfilterableExtensionPaths: 
TpTrace Verbose: 0 : 20192, 1, 2021/11/28, 18:50:18.856, 138196359741, vstest.console.dll, TestPluginCache.DiscoverTestExtensions: Discovering the extensions using allExtensionPaths: C:\Program Files\dotnet\sdk\6.0.100\Extensions\Microsoft.Diagnostics.NETCore.Client.dll
C:\Program Files\dotnet\sdk\6.0.100\Extensions\Microsoft.TestPlatform.Extensions.BlameDataCollector.dll
C:\Program Files\dotnet\sdk\6.0.100\Extensions\Microsoft.TestPlatform.Extensions.EventLogCollector.dll
C:\Program Files\dotnet\sdk\6.0.100\Extensions\Microsoft.TestPlatform.TestHostRuntimeProvider.dll
C:\Program Files\dotnet\sdk\6.0.100\Extensions\Microsoft.VisualStudio.TestPlatform.Extensions.Html.TestLogger.dll
C:\Program Files\dotnet\sdk\6.0.100\Extensions\Microsoft.VisualStudio.TestPlatform.Extensions.Trx.TestLogger.dll
TpTrace Information: 0 : 20192, 1, 2021/11/28, 18:50:18.856, 138196360009, vstest.console.dll, AssemblyResolver.AddSearchDirectories: Adding more searchDirectories C:\Program Files\dotnet\sdk\6.0.100\Extensions,C:\Program Files\dotnet\sdk\6.0.100
TpTrace Information: 0 : 20192, 1, 2021/11/28, 18:50:18.856, 138196360237, vstest.console.dll, AssemblyResolver.AddSearchDirectories: Adding more searchDirectories C:\Program Files\dotnet\sdk\6.0.100\Extensions,C:\Program Files\dotnet\sdk\6.0.100
TpTrace Information: 0 : 20192, 1, 2021/11/28, 18:50:18.856, 138196360392, vstest.console.dll, AssemblyResolver.AddSearchDirectories: Adding more searchDirectories C:\Program Files\dotnet\sdk\6.0.100\Extensions,C:\Program Files\dotnet\sdk\6.0.100
TpTrace Information: 0 : 20192, 1, 2021/11/28, 18:50:18.856, 138196360546, vstest.console.dll, AssemblyResolver.AddSearchDirectories: Adding more searchDirectories C:\Program Files\dotnet\sdk\6.0.100\Extensions,C:\Program Files\dotnet\sdk\6.0.100
TpTrace Information: 0 : 20192, 1, 2021/11/28, 18:50:18.856, 138196360734, vstest.console.dll, AssemblyResolver.AddSearchDirectories: Adding more searchDirectories C:\Program Files\dotnet\sdk\6.0.100\Extensions,C:\Program Files\dotnet\sdk\6.0.100
TpTrace Information: 0 : 20192, 1, 2021/11/28, 18:50:18.856, 138196360888, vstest.console.dll, AssemblyResolver.AddSearchDirectories: Adding more searchDirectories C:\Program Files\dotnet\sdk\6.0.100\Extensions,C:\Program Files\dotnet\sdk\6.0.100
TpTrace Information: 0 : 20192, 1, 2021/11/28, 18:50:18.856, 138196362521, vstest.console.dll, AssemblyResolver.OnResolve: Microsoft.Bcl.AsyncInterfaces: Resolving assembly.
TpTrace Information: 0 : 20192, 1, 2021/11/28, 18:50:18.856, 138196362786, vstest.console.dll, AssemblyResolver.OnResolve: Microsoft.Bcl.AsyncInterfaces: Resolved from cache.
TpTrace Verbose: 0 : 20192, 1, 2021/11/28, 18:50:18.856, 138196362988, vstest.console.dll, CurrentDomainAssemblyResolve: Resolving assembly 'Microsoft.Bcl.AsyncInterfaces'.
TpTrace Information: 0 : 20192, 1, 2021/11/28, 18:50:18.856, 138196363299, vstest.console.dll, AssemblyResolver.OnResolve: Microsoft.Bcl.AsyncInterfaces: Resolving assembly.
TpTrace Information: 0 : 20192, 1, 2021/11/28, 18:50:18.856, 138196363440, vstest.console.dll, AssemblyResolver.OnResolve: Microsoft.Bcl.AsyncInterfaces: Resolved from cache.
TpTrace Verbose: 0 : 20192, 1, 2021/11/28, 18:50:18.856, 138196363617, vstest.console.dll, CurrentDomainAssemblyResolve: Resolving assembly 'Microsoft.Bcl.AsyncInterfaces'.
TpTrace Verbose: 0 : 20192, 1, 2021/11/28, 18:50:18.856, 138196363751, vstest.console.dll, CurrentDomainAssemblyResolve: Failed to resolve assembly 'Microsoft.Bcl.AsyncInterfaces'.
TpTrace Verbose: 0 : 20192, 1, 2021/11/28, 18:50:18.856, 138196364760, vstest.console.dll, CurrentDomainAssemblyResolve: Failed to resolve assembly 'Microsoft.Bcl.AsyncInterfaces'.
TpTrace Warning: 0 : 20192, 1, 2021/11/28, 18:50:18.856, 138196367035, vstest.console.dll, TestPluginDiscoverer: Failed to get types from assembly 'Microsoft.Diagnostics.NETCore.Client, Version=0.2.4.21401, Culture=neutral, PublicKeyToken=31bf3856ad364e35'.  Skipping test extension scan for this assembly.  Error: System.Reflection.ReflectionTypeLoadException: Unable to load one or more of the requested types.
Could not load file or assembly 'Microsoft.Bcl.AsyncInterfaces, Version=1.0.0.0, Culture=neutral, PublicKeyToken=cc7b13ffcd2ddd51'. The system cannot find the file specified.
   at System.Reflection.RuntimeModule.GetTypes(RuntimeModule module)
   at System.Reflection.Assembly.GetTypes()
   at Microsoft.VisualStudio.TestPlatform.Common.ExtensionFramework.TestPluginDiscoverer.GetTestExtensionsFromAssembly[TPluginInfo,TExtension](Assembly assembly, Dictionary`2 pluginInfos)
System.IO.FileNotFoundException: Could not load file or assembly 'Microsoft.Bcl.AsyncInterfaces, Version=1.0.0.0, Culture=neutral, PublicKeyToken=cc7b13ffcd2ddd51'. The system cannot find the file specified.
File name: 'Microsoft.Bcl.AsyncInterfaces, Version=1.0.0.0, Culture=neutral, PublicKeyToken=cc7b13ffcd2ddd51'
 ---> System.IO.FileNotFoundException: Could not load file or assembly 'Microsoft.Bcl.AsyncInterfaces, Culture=neutral, PublicKeyToken=null'. The system cannot find the file specified.
File name: 'Microsoft.Bcl.AsyncInterfaces, Culture=neutral, PublicKeyToken=null'
   at System.Reflection.RuntimeAssembly.InternalLoad(ObjectHandleOnStack assemblyName, ObjectHandleOnStack requestingAssembly, StackCrawlMarkHandle stackMark, Boolean throwOnFileNotFound, ObjectHandleOnStack assemblyLoadContext, ObjectHandleOnStack retAssembly)
   at System.Reflection.RuntimeAssembly.InternalLoad(AssemblyName assemblyName, RuntimeAssembly requestingAssembly, StackCrawlMark& stackMark, Boolean throwOnFileNotFound, AssemblyLoadContext assemblyLoadContext)
   at System.Reflection.Assembly.Load(AssemblyName assemblyRef)
   at Microsoft.VisualStudio.TestPlatform.Common.ExtensionFramework.TestPluginCache.CurrentDomainAssemblyResolve(Object sender, AssemblyResolveEventArgs args)
   at Microsoft.VisualStudio.TestPlatform.PlatformAbstractions.PlatformAssemblyResolver.AssemblyResolverEvent(Object sender, Object eventArgs)
   at System.Runtime.Loader.AssemblyLoadContext.GetFirstResolvedAssemblyFromResolvingEvent(AssemblyName assemblyName)
   at System.Runtime.Loader.AssemblyLoadContext.ResolveUsingEvent(AssemblyName assemblyName)
   at System.Runtime.Loader.AssemblyLoadContext.ResolveUsingResolvingEvent(IntPtr gchManagedAssemblyLoadContext, AssemblyName assemblyName)
TpTrace Warning: 0 : 20192, 1, 2021/11/28, 18:50:18.857, 138196368368, vstest.console.dll, LoaderExceptions: System.IO.FileNotFoundException: Could not load file or assembly 'Microsoft.Bcl.AsyncInterfaces, Version=1.0.0.0, Culture=neutral, PublicKeyToken=cc7b13ffcd2ddd51'. The system cannot find the file specified.
File name: 'Microsoft.Bcl.AsyncInterfaces, Version=1.0.0.0, Culture=neutral, PublicKeyToken=cc7b13ffcd2ddd51'
 ---> System.IO.FileNotFoundException: Could not load file or assembly 'Microsoft.Bcl.AsyncInterfaces, Culture=neutral, PublicKeyToken=null'. The system cannot find the file specified.
File name: 'Microsoft.Bcl.AsyncInterfaces, Culture=neutral, PublicKeyToken=null'
   at System.Reflection.RuntimeAssembly.InternalLoad(ObjectHandleOnStack assemblyName, ObjectHandleOnStack requestingAssembly, StackCrawlMarkHandle stackMark, Boolean throwOnFileNotFound, ObjectHandleOnStack assemblyLoadContext, ObjectHandleOnStack retAssembly)
   at System.Reflection.RuntimeAssembly.InternalLoad(AssemblyName assemblyName, RuntimeAssembly requestingAssembly, StackCrawlMark& stackMark, Boolean throwOnFileNotFound, AssemblyLoadContext assemblyLoadContext)
   at System.Reflection.Assembly.Load(AssemblyName assemblyRef)
   at Microsoft.VisualStudio.TestPlatform.Common.ExtensionFramework.TestPluginCache.CurrentDomainAssemblyResolve(Object sender, AssemblyResolveEventArgs args)
   at Microsoft.VisualStudio.TestPlatform.PlatformAbstractions.PlatformAssemblyResolver.AssemblyResolverEvent(Object sender, Object eventArgs)
   at System.Runtime.Loader.AssemblyLoadContext.GetFirstResolvedAssemblyFromResolvingEvent(AssemblyName assemblyName)
   at System.Runtime.Loader.AssemblyLoadContext.ResolveUsingEvent(AssemblyName assemblyName)
   at System.Runtime.Loader.AssemblyLoadContext.ResolveUsingResolvingEvent(IntPtr gchManagedAssemblyLoadContext, AssemblyName assemblyName)
TpTrace Verbose: 0 : 20192, 1, 2021/11/28, 18:50:18.857, 138196370935, vstest.console.dll, TestPluginCache: Discovered the extensions using extension path ''.
TpTrace Verbose: 0 : 20192, 1, 2021/11/28, 18:50:18.857, 138196371379, vstest.console.dll, TestPluginCache: Discoverers are ''.
TpTrace Verbose: 0 : 20192, 1, 2021/11/28, 18:50:18.857, 138196371538, vstest.console.dll, TestPluginCache: Executors are ''.
TpTrace Verbose: 0 : 20192, 1, 2021/11/28, 18:50:18.857, 138196371663, vstest.console.dll, TestPluginCache: Executors2 are ''.
TpTrace Verbose: 0 : 20192, 1, 2021/11/28, 18:50:18.857, 138196371790, vstest.console.dll, TestPluginCache: Setting providers are ''.
TpTrace Verbose: 0 : 20192, 1, 2021/11/28, 18:50:18.857, 138196372341, vstest.console.dll, TestPluginCache: Loggers are 'logger://Microsoft/TestPlatform/Extensions/Blame/v1,logger://Microsoft/TestPlatform/HtmlLogger/v1,logger://Microsoft/TestPlatform/TrxLogger/v1'.
TpTrace Information: 0 : 20192, 1, 2021/11/28, 18:50:18.858, 138196377517, vstest.console.dll, TestPluginManager.CreateTestExtension: Attempting to load test extension: Microsoft.TestPlatform.Extensions.BlameDataCollector.BlameLogger
TpTrace Information: 0 : 20192, 1, 2021/11/28, 18:50:18.863, 138196436431, vstest.console.dll, TestPluginManager.CreateTestExtension: Attempting to load test extension: Microsoft.VisualStudio.TestPlatform.CrossPlatEngine.Hosting.DefaultTestHostManager
TpTrace Information: 0 : 20192, 1, 2021/11/28, 18:50:18.864, 138196439855, vstest.console.dll, TestPluginManager.CreateTestExtension: Attempting to load test extension: Microsoft.VisualStudio.TestPlatform.CrossPlatEngine.Hosting.DotnetTestHostManager
TpTrace Verbose: 0 : 20192, 1, 2021/11/28, 18:50:18.864, 138196444497, vstest.console.dll, TestEngine: Initializing Parallel Execution as MaxCpuCount is set to: 1
TpTrace Information: 0 : 20192, 1, 2021/11/28, 18:50:18.865, 138196448646, vstest.console.dll, InferRunSettingsHelper.IsTestSettingsEnabled: Unable to navigate to RunSettings/MSTest. Current node: RunSettings
TpTrace Verbose: 0 : 20192, 1, 2021/11/28, 18:50:18.881, 138196609474, vstest.console.dll, TestRequestSender is acting as server
TpTrace Verbose: 0 : 20192, 5, 2021/11/28, 18:50:18.884, 138196637620, vstest.console.dll, DataCollectionRequestSender.InitializeCommunication : Initialize communication. 
TpTrace Information: 0 : 20192, 5, 2021/11/28, 18:50:18.889, 138196692817, vstest.console.dll, Listening on Endpoint : 127.0.0.1:52280
TpTrace Verbose: 0 : 20192, 5, 2021/11/28, 18:50:18.898, 138196777701, vstest.console.dll, DotnetDataCollectionLauncher: Full path of dotnet.exe is C:\Program Files\dotnet\dotnet.exe
TpTrace Verbose: 0 : 20192, 5, 2021/11/28, 18:50:18.898, 138196779468, vstest.console.dll, DotnetDataCollectionLauncher: Adding  --runtimeconfig "C:\Program Files\dotnet\sdk\6.0.100\datacollector.runtimeconfig.json" in args
TpTrace Verbose: 0 : 20192, 5, 2021/11/28, 18:50:18.898, 138196781437, vstest.console.dll, DotnetDataCollectionLauncher: Adding  --depsfile "C:\Program Files\dotnet\sdk\6.0.100\datacollector.deps.json" in args
TpTrace Information: 0 : 20192, 5, 2021/11/28, 18:50:18.904, 138196847064, vstest.console.dll, ProxyDataCollectionManager.Initialize: Launched datacollector processId: 19924 port: 52280
TpTrace Information: 0 : 20192, 5, 2021/11/28, 18:50:18.905, 138196848211, vstest.console.dll, ProxyDataCollectionManager.Initialize: waiting for connection with timeout: 90 seconds
TpTrace Verbose: 0 : 20192, 5, 2021/11/28, 18:50:18.905, 138196848558, vstest.console.dll, DataCollectionRequestSender.WaitForRequestHandlerConnection : Waiting for connection with timeout: 90000
TpTrace Information: 0 : 20192, 8, 2021/11/28, 18:50:19.153, 138199328984, vstest.console.dll, Using the buffer size of 16384 bytes
TpTrace Verbose: 0 : 20192, 5, 2021/11/28, 18:50:19.153, 138199329370, vstest.console.dll, ProxyDataCollectionManager.InvokeDataCollectionServiceAction: Starting.
TpTrace Information: 0 : 20192, 8, 2021/11/28, 18:50:19.153, 138199330043, vstest.console.dll, Accepted Client request and set the flag
TpTrace Information: 0 : 20192, 5, 2021/11/28, 18:50:19.153, 138199330735, vstest.console.dll, ProxyDataCollectionManager.BeforeTestRunStart: Get environment variable and port for datacollector processId: 19924 port: 52280
TpTrace Verbose: 0 : 20192, 5, 2021/11/28, 18:50:19.153, 138199332686, vstest.console.dll, DataCollectionRequestSender.SendBeforeTestRunStartAndGetResult : Send BeforeTestRunStart message with settingsXml <RunSettings><RunConfiguration><ResultsDirectory>C:\Users\ricar\source\repos\DesenvovledorIO\Teste Unidade\01 - Testes de Unidade\Features.Tests\bin\Debug\netcoreapp2.2\fine-code-coverage\coverage-tool-output</ResultsDirectory><TargetPlatform>X64</TargetPlatform><TargetFrameworkVersion>.NETCoreApp,Version=v2.2</TargetFrameworkVersion><DesignMode>False</DesignMode><CollectSourceInformation>False</CollectSourceInformation><TestAdaptersPaths>C:\Program Files\dotnet\sdk\6.0.100\Extensions</TestAdaptersPaths></RunConfiguration><LoggerRunSettings><Loggers><Logger friendlyName="blame" enabled="True" /><Logger friendlyName="Console" uri="logger://microsoft/TestPlatform/ConsoleLogger/v1" assemblyQualifiedName="Microsoft.VisualStudio.TestPlatform.CommandLine.Internal.ConsoleLogger, vstest.console, Version=15.0.0.0, Culture=neutral, PublicKeyToken=b03f5f7f11d50a3a" codeBase="C:\Program Files\dotnet\sdk\6.0.100\vstest.console.dll" enabled="True" /></Loggers></LoggerRunSettings><DataCollectionRunSettings><DataCollectors><DataCollector friendlyName="blame" enabled="True"><Configuration><ResultsDirectory>C:\Users\ricar\source\repos\DesenvovledorIO\Teste Unidade\01 - Testes de Unidade\Features.Tests\bin\Debug\netcoreapp2.2\fine-code-coverage\coverage-tool-output</ResultsDirectory></Configuration></DataCollector></DataCollectors></DataCollectionRunSettings></RunSettings> and sources System.Linq.Enumerable+Concat2Iterator`1[System.String]: 
TpTrace Verbose: 0 : 20192, 5, 2021/11/28, 18:50:19.223, 138200036826, vstest.console.dll, DataCollectionRequestSender.SendBeforeTestRunStartAndGetResult : Received message: (DataCollection.SendMessage) -> {
  "FriendlyName": null,
  "Uri": null,
  "TestCaseId": "00000000-0000-0000-0000-000000000000",
  "Message": "Logging DataCollector Diagnostics in file: C:\\Users\\ricar\\source\\repos\\DesenvovledorIO\\Teste Unidade\\01 - Testes de Unidade\\Features.Tests\\bin\\Debug\\netcoreapp2.2\\fine-code-coverage\\coverage-tool-output\\diagnostics.datacollector.21-11-28_18-50-18_89537_5.log",
  "Level": 0
}
TpTrace Verbose: 0 : 20192, 5, 2021/11/28, 18:50:19.275, 138200549281, vstest.console.dll, DataCollectionRequestSender.SendBeforeTestRunStartAndGetResult : Received message: (DataCollection.BeforeTestRunStartResult) -> {
  "EnvironmentVariables": {},
  "DataCollectionEventsPort": 52282
}
TpTrace Information: 0 : 20192, 5, 2021/11/28, 18:50:19.281, 138200611750, vstest.console.dll, ProxyDataCollectionManager.BeforeTestRunStart: SendBeforeTestRunStartAndGetResult successful, env variable from datacollector:   and testhost port: 52282
TpTrace Information: 0 : 20192, 5, 2021/11/28, 18:50:19.281, 138200612961, vstest.console.dll, ProxyDataCollectionManager.InvokeDataCollectionServiceAction: Completed.
TpTrace Verbose: 0 : 20192, 1, 2021/11/28, 18:50:19.281, 138200614835, vstest.console.dll, TestRunRequest.ExecuteAsync: Creating test run request.
TpTrace Verbose: 0 : 20192, 1, 2021/11/28, 18:50:19.281, 138200616888, vstest.console.dll, TestRunRequest.ExecuteAsync: Starting.
TpTrace Information: 0 : 20192, 1, 2021/11/28, 18:50:19.282, 138200618989, vstest.console.dll, TestRunRequest.ExecuteAsync: Starting run with settings:TestRunCriteria:
   KeepAlive=False,FrequencyOfRunStatsChangeEvent=10,RunStatsChangeEventTimeout=00:00:01.5000000,TestCaseFilter=,TestExecutorLauncher=
   Settingsxml=<RunSettings>
  <RunConfiguration>
    <ResultsDirectory>C:\Users\ricar\source\repos\DesenvovledorIO\Teste Unidade\01 - Testes de Unidade\Features.Tests\bin\Debug\netcoreapp2.2\fine-code-coverage\coverage-tool-output</ResultsDirectory>
    <TargetPlatform>X64</TargetPlatform>
    <TargetFrameworkVersion>.NETCoreApp,Version=v2.2</TargetFrameworkVersion>
    <DesignMode>False</DesignMode>
    <CollectSourceInformation>False</CollectSourceInformation>
  </RunConfiguration>
  <LoggerRunSettings>
    <Loggers>
      <Logger friendlyName="blame" enabled="True" />
      <Logger friendlyName="Console" uri="logger://microsoft/TestPlatform/ConsoleLogger/v1" assemblyQualifiedName="Microsoft.VisualStudio.TestPlatform.CommandLine.Internal.ConsoleLogger, vstest.console, Version=15.0.0.0, Culture=neutral, PublicKeyToken=b03f5f7f11d50a3a" codeBase="C:\Program Files\dotnet\sdk\6.0.100\vstest.console.dll" enabled="True" />
    </Loggers>
  </LoggerRunSettings>
  <DataCollectionRunSettings>
    <DataCollectors>
      <DataCollector friendlyName="blame" enabled="True">
        <Configuration>
          <ResultsDirectory>C:\Users\ricar\source\repos\DesenvovledorIO\Teste Unidade\01 - Testes de Unidade\Features.Tests\bin\Debug\netcoreapp2.2\fine-code-coverage\coverage-tool-output</ResultsDirectory>
        </Configuration>
      </DataCollector>
    </DataCollectors>
  </DataCollectionRunSettings>
</RunSettings>

TpTrace Verbose: 0 : 20192, 1, 2021/11/28, 18:50:19.282, 138200619649, vstest.console.dll, TestRunRequest.ExecuteAsync: Wait for the first run request is over.
TpTrace Verbose: 0 : 20192, 1, 2021/11/28, 18:50:19.282, 138200622737, vstest.console.dll, ParallelProxyExecutionManager: Start execution. Total sources: 1
TpTrace Information: 0 : 20192, 1, 2021/11/28, 18:50:19.282, 138200626569, vstest.console.dll, ProxyParallelExecutionManager: Triggering test run for next source: C:\Users\ricar\source\repos\DesenvovledorIO\Teste Unidade\01 - Testes de Unidade\Features.Tests\bin\Debug\netcoreapp2.2\fine-code-coverage\build-output\Features.Tests.dll
TpTrace Verbose: 0 : 20192, 5, 2021/11/28, 18:50:19.283, 138200628000, vstest.console.dll, ParallelProxyExecutionManager: Execution started. Started clients: 1
TpTrace Verbose: 0 : 20192, 1, 2021/11/28, 18:50:19.283, 138200628053, vstest.console.dll, ProxyParallelExecutionManager: No sources available for execution.
TpTrace Information: 0 : 20192, 1, 2021/11/28, 18:50:19.283, 138200628757, vstest.console.dll, TestRunRequest.ExecuteAsync: Started.
TpTrace Verbose: 0 : 20192, 1, 2021/11/28, 18:50:19.283, 138200629197, vstest.console.dll, TestRunRequest.WaitForCompletion: Waiting with timeout -1.
TpTrace Verbose: 0 : 20192, 5, 2021/11/28, 18:50:19.283, 138200630150, vstest.console.dll, TestRunRequest:SendTestRunMessage: Starting.
TpTrace Information: 0 : 20192, 5, 2021/11/28, 18:50:19.283, 138200630870, vstest.console.dll, TestRunRequest:SendTestRunMessage: Completed.
TpTrace Verbose: 0 : 20192, 5, 2021/11/28, 18:50:19.283, 138200632334, vstest.console.dll, ProxyExecutionManager: Test host is always Lazy initialize.
TpTrace Verbose: 0 : 20192, 5, 2021/11/28, 18:50:19.283, 138200634009, vstest.console.dll, TestRequestSender.InitializeCommunication: initialize communication. 
TpTrace Information: 0 : 20192, 5, 2021/11/28, 18:50:19.284, 138200637957, vstest.console.dll, SocketServer.Start: Listening on endpoint : 127.0.0.1:52283
TpTrace Verbose: 0 : 20192, 5, 2021/11/28, 18:50:19.285, 138200647449, vstest.console.dll, DotnetTestHostmanager: Adding  --runtimeconfig "C:\Users\ricar\source\repos\DesenvovledorIO\Teste Unidade\01 - Testes de Unidade\Features.Tests\bin\Debug\netcoreapp2.2\fine-code-coverage\build-output\Features.Tests.runtimeconfig.json" in args
TpTrace Verbose: 0 : 20192, 5, 2021/11/28, 18:50:19.285, 138200649381, vstest.console.dll, DotnetTestHostmanager: Adding  --depsfile "C:\Users\ricar\source\repos\DesenvovledorIO\Teste Unidade\01 - Testes de Unidade\Features.Tests\bin\Debug\netcoreapp2.2\fine-code-coverage\build-output\Features.Tests.deps.json" in args
TpTrace Information: 0 : 20192, 5, 2021/11/28, 18:50:19.285, 138200652968, vstest.console.dll, AssemblyResolver.OnResolve: Microsoft.Extensions.DependencyModel: Resolving assembly.
TpTrace Information: 0 : 20192, 5, 2021/11/28, 18:50:19.285, 138200653780, vstest.console.dll, AssemblyResolver.OnResolve: Microsoft.Extensions.DependencyModel: Searching in: 'C:\Program Files\dotnet\sdk\6.0.100\Extensions'.
TpTrace Information: 0 : 20192, 5, 2021/11/28, 18:50:19.285, 138200655234, vstest.console.dll, AssemblyResolver.OnResolve: Microsoft.Extensions.DependencyModel: Assembly path does not exist: 'C:\Program Files\dotnet\sdk\6.0.100\Extensions\Microsoft.Extensions.DependencyModel.dll', returning.
TpTrace Information: 0 : 20192, 5, 2021/11/28, 18:50:19.285, 138200656061, vstest.console.dll, AssemblyResolver.OnResolve: Microsoft.Extensions.DependencyModel: Assembly path does not exist: 'C:\Program Files\dotnet\sdk\6.0.100\Extensions\Microsoft.Extensions.DependencyModel.exe', returning.
TpTrace Information: 0 : 20192, 5, 2021/11/28, 18:50:19.285, 138200656501, vstest.console.dll, AssemblyResolver.OnResolve: Microsoft.Extensions.DependencyModel: Searching in: 'C:\Program Files\dotnet\sdk\6.0.100'.
TpTrace Information: 0 : 20192, 5, 2021/11/28, 18:50:19.287, 138200673608, vstest.console.dll, AssemblyResolver.OnResolve: Microsoft.Extensions.DependencyModel: Loading assembly 'C:\Program Files\dotnet\sdk\6.0.100\Microsoft.Extensions.DependencyModel.dll'.
TpTrace Information: 0 : 20192, 5, 2021/11/28, 18:50:19.288, 138200684929, vstest.console.dll, AssemblyResolver.OnResolve: Resolved assembly: Microsoft.Extensions.DependencyModel, from path: C:\Program Files\dotnet\sdk\6.0.100\Microsoft.Extensions.DependencyModel.dll
TpTrace Verbose: 0 : 20192, 5, 2021/11/28, 18:50:19.289, 138200687765, vstest.console.dll, DotnetTestHostmanager: Reading file C:\Users\ricar\source\repos\DesenvovledorIO\Teste Unidade\01 - Testes de Unidade\Features.Tests\bin\Debug\netcoreapp2.2\fine-code-coverage\build-output\Features.Tests.deps.json to get path of testhost.dll
TpTrace Verbose: 0 : 20192, 5, 2021/11/28, 18:50:19.318, 138200981917, vstest.console.dll, DotnetTestHostmanager: Relative path of testhost.dll with respect to package folder is microsoft.testplatform.testhost/16.0.1\lib/netstandard1.5/testhost.dll
TpTrace Verbose: 0 : 20192, 5, 2021/11/28, 18:50:19.319, 138200993663, vstest.console.dll, DotnetTestHostmanager: Looking for path microsoft.testplatform.testhost/16.0.1\lib/netstandard1.5/testhost.dll in folder C:\Users\ricar\.dotnet\store\|arch|\|tfm|
TpTrace Verbose: 0 : 20192, 5, 2021/11/28, 18:50:19.319, 138200994641, vstest.console.dll, DotnetTestHostmanager: Looking for path microsoft.testplatform.testhost/16.0.1\lib/netstandard1.5/testhost.dll in folder C:\Users\ricar\.nuget\packages
TpTrace Verbose: 0 : 20192, 5, 2021/11/28, 18:50:19.319, 138200997067, vstest.console.dll, DotnetTestHostmanager: Full path of testhost.dll is C:\Users\ricar\.nuget\packages\microsoft.testplatform.testhost/16.0.1\lib/netstandard1.5/testhost.dll
TpTrace Verbose: 0 : 20192, 5, 2021/11/28, 18:50:19.320, 138200997426, vstest.console.dll, DotnetTestHostmanager: Full path of host exe is C:\Program Files\dotnet\dotnet.exe
TpTrace Verbose: 0 : 20192, 7, 2021/11/28, 18:50:19.320, 138201004288, vstest.console.dll, DotnetTestHostManager: Starting process 'C:\Program Files\dotnet\dotnet.exe' with command line 'exec --runtimeconfig "C:\Users\ricar\source\repos\DesenvovledorIO\Teste Unidade\01 - Testes de Unidade\Features.Tests\bin\Debug\netcoreapp2.2\fine-code-coverage\build-output\Features.Tests.runtimeconfig.json" --depsfile "C:\Users\ricar\source\repos\DesenvovledorIO\Teste Unidade\01 - Testes de Unidade\Features.Tests\bin\Debug\netcoreapp2.2\fine-code-coverage\build-output\Features.Tests.deps.json" "C:\Users\ricar\.nuget\packages\microsoft.testplatform.testhost/16.0.1\lib/netstandard1.5/testhost.dll" --port 52283 --endpoint 127.0.0.1:052283 --role client --parentprocessid 20192 --diag "C:\Users\ricar\source\repos\DesenvovledorIO\Teste Unidade\01 - Testes de Unidade\Features.Tests\bin\Debug\netcoreapp2.2\fine-code-coverage\coverage-tool-output\diagnostics.host.21-11-28_18-50-19_28436_5.log" --tracelevel 4 --datacollectionport 52282 --telemetryoptedin false'
TpTrace Verbose: 0 : 20192, 7, 2021/11/28, 18:50:19.323, 138201035840, vstest.console.dll, Test Runtime launched
TpTrace Verbose: 0 : 20192, 5, 2021/11/28, 18:50:19.324, 138201041434, vstest.console.dll, TestRequestSender.WaitForRequestHandlerConnection: waiting for connection with timeout: 90000
TpTrace Verbose: 0 : 20192, 7, 2021/11/28, 18:50:19.633, 138204128420, vstest.console.dll, SocketServer.OnClientConnected: Client connected for endPoint: 127.0.0.1:52283, starting MessageLoopAsync:
TpTrace Verbose: 0 : 20192, 14, 2021/11/28, 18:50:19.633, 138204130435, vstest.console.dll, TcpClientExtensions.MessageLoopAsync: Polling on remoteEndPoint: 127.0.0.1:52284 localEndPoint: 127.0.0.1:52283
TpTrace Verbose: 0 : 20192, 14, 2021/11/28, 18:50:19.775, 138205553263, vstest.console.dll, TcpClientExtensions.MessageLoopAsync: NotifyDataAvailable remoteEndPoint: 127.0.0.1:52284 localEndPoint: 127.0.0.1:52283
TpTrace Verbose: 0 : 20192, 14, 2021/11/28, 18:50:19.775, 138205555881, vstest.console.dll, TestRequestSender.CheckVersionWithTestHost: onMessageReceived received message: (ProtocolVersion) -> 2
TpTrace Verbose: 0 : 20192, 14, 2021/11/28, 18:50:19.776, 138205559523, vstest.console.dll, TcpClientExtensions.MessageLoopAsync: Polling on remoteEndPoint: 127.0.0.1:52284 localEndPoint: 127.0.0.1:52283
TpTrace Verbose: 0 : 20192, 5, 2021/11/28, 18:50:19.776, 138205561045, vstest.console.dll, TestPluginCache.GetExtensionPaths: Filtered extension paths: 
TpTrace Verbose: 0 : 20192, 5, 2021/11/28, 18:50:19.776, 138205561618, vstest.console.dll, TestPluginCache.GetExtensionPaths: Added default extension paths: C:\Program Files\dotnet\sdk\6.0.100\Extensions\Microsoft.Diagnostics.NETCore.Client.dll
C:\Program Files\dotnet\sdk\6.0.100\Extensions\Microsoft.TestPlatform.Extensions.BlameDataCollector.dll
C:\Program Files\dotnet\sdk\6.0.100\Extensions\Microsoft.TestPlatform.Extensions.EventLogCollector.dll
C:\Program Files\dotnet\sdk\6.0.100\Extensions\Microsoft.TestPlatform.TestHostRuntimeProvider.dll
C:\Program Files\dotnet\sdk\6.0.100\Extensions\Microsoft.VisualStudio.TestPlatform.Extensions.Html.TestLogger.dll
C:\Program Files\dotnet\sdk\6.0.100\Extensions\Microsoft.VisualStudio.TestPlatform.Extensions.Trx.TestLogger.dll
TpTrace Verbose: 0 : 20192, 5, 2021/11/28, 18:50:19.776, 138205561834, vstest.console.dll, TestPluginCache.GetExtensionPaths: Added unfilterableExtensionPaths: 
TpTrace Verbose: 0 : 20192, 5, 2021/11/28, 18:50:19.778, 138205586969, vstest.console.dll, TestRequestSender.InitializeExecution: Sending initializing execution with message: {"Version":2,"MessageType":"TestExecution.Initialize","Payload":["C:\\Users\\ricar\\source\\repos\\DesenvovledorIO\\Teste Unidade\\01 - Testes de Unidade\\Features.Tests\\bin\\Debug\\netcoreapp2.2\\fine-code-coverage\\build-output\\xunit.runner.visualstudio.dotnetcore.testadapter.dll"]}
TpTrace Verbose: 0 : 20192, 5, 2021/11/28, 18:50:19.785, 138205649391, vstest.console.dll, TestRequestSender.StartTestRun: Sending test run with message: {"Version":2,"MessageType":"TestExecution.StartWithSources","Payload":{"AdapterSourceMap":{"_none_":["C:\\Users\\ricar\\source\\repos\\DesenvovledorIO\\Teste Unidade\\01 - Testes de Unidade\\Features.Tests\\bin\\Debug\\netcoreapp2.2\\fine-code-coverage\\build-output\\Features.Tests.dll"]},"RunSettings":"<RunSettings>\r\n  <RunConfiguration>\r\n    <ResultsDirectory>C:\\Users\\ricar\\source\\repos\\DesenvovledorIO\\Teste Unidade\\01 - Testes de Unidade\\Features.Tests\\bin\\Debug\\netcoreapp2.2\\fine-code-coverage\\coverage-tool-output</ResultsDirectory>\r\n    <TargetPlatform>X64</TargetPlatform>\r\n    <TargetFrameworkVersion>.NETCoreApp,Version=v2.2</TargetFrameworkVersion>\r\n    <DesignMode>False</DesignMode>\r\n    <CollectSourceInformation>False</CollectSourceInformation>\r\n  </RunConfiguration>\r\n  <LoggerRunSettings>\r\n    <Loggers>\r\n      <Logger friendlyName=\"blame\" enabled=\"True\" />\r\n      <Logger friendlyName=\"Console\" uri=\"logger://microsoft/TestPlatform/ConsoleLogger/v1\" assemblyQualifiedName=\"Microsoft.VisualStudio.TestPlatform.CommandLine.Internal.ConsoleLogger, vstest.console, Version=15.0.0.0, Culture=neutral, PublicKeyToken=b03f5f7f11d50a3a\" codeBase=\"C:\\Program Files\\dotnet\\sdk\\6.0.100\\vstest.console.dll\" enabled=\"True\" />\r\n    </Loggers>\r\n  </LoggerRunSettings>\r\n  <DataCollectionRunSettings>\r\n    <DataCollectors>\r\n      <DataCollector friendlyName=\"blame\" enabled=\"True\">\r\n        <Configuration>\r\n          <ResultsDirectory>C:\\Users\\ricar\\source\\repos\\DesenvovledorIO\\Teste Unidade\\01 - Testes de Unidade\\Features.Tests\\bin\\Debug\\netcoreapp2.2\\fine-code-coverage\\coverage-tool-output</ResultsDirectory>\r\n        </Configuration>\r\n      </DataCollector>\r\n    </DataCollectors>\r\n  </DataCollectionRunSettings>\r\n</RunSettings>","TestExecutionContext":{"FrequencyOfRunStatsChangeEvent":10,"RunStatsChangeEventTimeout":"00:00:01.5000000","InIsolation":false,"KeepAlive":false,"AreTestCaseLevelEventsRequired":false,"IsDebug":false,"TestCaseFilter":null,"FilterOptions":null},"Package":null}}
TpTrace Verbose: 0 : 20192, 14, 2021/11/28, 18:50:19.786, 138205662690, vstest.console.dll, TcpClientExtensions.MessageLoopAsync: NotifyDataAvailable remoteEndPoint: 127.0.0.1:52284 localEndPoint: 127.0.0.1:52283
TpTrace Verbose: 0 : 20192, 14, 2021/11/28, 18:50:19.786, 138205663565, vstest.console.dll, TestRequestSender.OnExecutionMessageReceived: Received message: {"Version":2,"MessageType":"TestSession.Message","Payload":{"MessageLevel":0,"Message":"Logging TestHost Diagnostics in file: C:\\Users\\ricar\\source\\repos\\DesenvovledorIO\\Teste Unidade\\01 - Testes de Unidade\\Features.Tests\\bin\\Debug\\netcoreapp2.2\\fine-code-coverage\\coverage-tool-output\\diagnostics.host.21-11-28_18-50-19_28436_5.log"}}
TpTrace Verbose: 0 : 20192, 14, 2021/11/28, 18:50:19.787, 138205675552, vstest.console.dll, TestRunRequest:SendTestRunMessage: Starting.
TpTrace Information: 0 : 20192, 14, 2021/11/28, 18:50:19.787, 138205676034, vstest.console.dll, TestRunRequest:SendTestRunMessage: Completed.
TpTrace Verbose: 0 : 20192, 14, 2021/11/28, 18:50:19.787, 138205676330, vstest.console.dll, TcpClientExtensions.MessageLoopAsync: Polling on remoteEndPoint: 127.0.0.1:52284 localEndPoint: 127.0.0.1:52283
TpTrace Verbose: 0 : 20192, 14, 2021/11/28, 18:50:19.926, 138207062945, vstest.console.dll, TcpClientExtensions.MessageLoopAsync: NotifyDataAvailable remoteEndPoint: 127.0.0.1:52284 localEndPoint: 127.0.0.1:52283
TpTrace Verbose: 0 : 20192, 14, 2021/11/28, 18:50:19.926, 138207064153, vstest.console.dll, TestRequestSender.OnExecutionMessageReceived: Received message: {"Version":2,"MessageType":"TestSession.Message","Payload":{"MessageLevel":0,"Message":"[xUnit.net 00:00:00.00] xUnit.net VSTest Adapter v2.4.0 (64-bit .NET Core 4.6.28207.03)"}}
TpTrace Verbose: 0 : 20192, 14, 2021/11/28, 18:50:19.926, 138207066339, vstest.console.dll, TestRunRequest:SendTestRunMessage: Starting.
TpTrace Information: 0 : 20192, 14, 2021/11/28, 18:50:19.926, 138207066746, vstest.console.dll, TestRunRequest:SendTestRunMessage: Completed.
TpTrace Verbose: 0 : 20192, 14, 2021/11/28, 18:50:19.926, 138207066953, vstest.console.dll, TcpClientExtensions.MessageLoopAsync: Polling on remoteEndPoint: 127.0.0.1:52284 localEndPoint: 127.0.0.1:52283
TpTrace Verbose: 0 : 20192, 14, 2021/11/28, 18:50:20.344, 138211239693, vstest.console.dll, TcpClientExtensions.MessageLoopAsync: NotifyDataAvailable remoteEndPoint: 127.0.0.1:52284 localEndPoint: 127.0.0.1:52283
TpTrace Verbose: 0 : 20192, 14, 2021/11/28, 18:50:20.344, 138211241054, vstest.console.dll, TestRequestSender.OnExecutionMessageReceived: Received message: {"Version":2,"MessageType":"TestSession.Message","Payload":{"MessageLevel":0,"Message":"[xUnit.net 00:00:00.42]   Discovering: Features.Tests"}}
TpTrace Verbose: 0 : 20192, 14, 2021/11/28, 18:50:20.344, 138211242899, vstest.console.dll, TestRunRequest:SendTestRunMessage: Starting.
TpTrace Information: 0 : 20192, 14, 2021/11/28, 18:50:20.344, 138211243237, vstest.console.dll, TestRunRequest:SendTestRunMessage: Completed.
TpTrace Verbose: 0 : 20192, 14, 2021/11/28, 18:50:20.344, 138211243554, vstest.console.dll, TcpClientExtensions.MessageLoopAsync: Polling on remoteEndPoint: 127.0.0.1:52284 localEndPoint: 127.0.0.1:52283
TpTrace Verbose: 0 : 20192, 14, 2021/11/28, 18:50:20.410, 138211906922, vstest.console.dll, TcpClientExtensions.MessageLoopAsync: NotifyDataAvailable remoteEndPoint: 127.0.0.1:52284 localEndPoint: 127.0.0.1:52283
TpTrace Verbose: 0 : 20192, 14, 2021/11/28, 18:50:20.411, 138211907992, vstest.console.dll, TestRequestSender.OnExecutionMessageReceived: Received message: {"Version":2,"MessageType":"TestSession.Message","Payload":{"MessageLevel":0,"Message":"[xUnit.net 00:00:00.49]   Discovered:  Features.Tests"}}
TpTrace Verbose: 0 : 20192, 14, 2021/11/28, 18:50:20.411, 138211909228, vstest.console.dll, TestRunRequest:SendTestRunMessage: Starting.
TpTrace Information: 0 : 20192, 14, 2021/11/28, 18:50:20.411, 138211909520, vstest.console.dll, TestRunRequest:SendTestRunMessage: Completed.
TpTrace Verbose: 0 : 20192, 14, 2021/11/28, 18:50:20.411, 138211909821, vstest.console.dll, TcpClientExtensions.MessageLoopAsync: Polling on remoteEndPoint: 127.0.0.1:52284 localEndPoint: 127.0.0.1:52283
TpTrace Verbose: 0 : 20192, 14, 2021/11/28, 18:50:20.414, 138211939860, vstest.console.dll, TcpClientExtensions.MessageLoopAsync: NotifyDataAvailable remoteEndPoint: 127.0.0.1:52284 localEndPoint: 127.0.0.1:52283
TpTrace Verbose: 0 : 20192, 14, 2021/11/28, 18:50:20.414, 138211940346, vstest.console.dll, TestRequestSender.OnExecutionMessageReceived: Received message: {"Version":2,"MessageType":"TestSession.Message","Payload":{"MessageLevel":0,"Message":"[xUnit.net 00:00:00.49]   Starting:    Features.Tests"}}
TpTrace Verbose: 0 : 20192, 14, 2021/11/28, 18:50:20.414, 138211941189, vstest.console.dll, TestRunRequest:SendTestRunMessage: Starting.
TpTrace Information: 0 : 20192, 14, 2021/11/28, 18:50:20.414, 138211941426, vstest.console.dll, TestRunRequest:SendTestRunMessage: Completed.
TpTrace Verbose: 0 : 20192, 14, 2021/11/28, 18:50:20.414, 138211941566, vstest.console.dll, TcpClientExtensions.MessageLoopAsync: Polling on remoteEndPoint: 127.0.0.1:52284 localEndPoint: 127.0.0.1:52283
TpTrace Verbose: 0 : 20192, 14, 2021/11/28, 18:50:20.573, 138213533410, vstest.console.dll, TcpClientExtensions.MessageLoopAsync: NotifyDataAvailable remoteEndPoint: 127.0.0.1:52284 localEndPoint: 127.0.0.1:52283
TpTrace Verbose: 0 : 20192, 14, 2021/11/28, 18:50:20.573, 138213534601, vstest.console.dll, TestRequestSender.OnExecutionMessageReceived: Received message: {"Version":2,"MessageType":"TestSession.Message","Payload":{"MessageLevel":1,"Message":"[xUnit.net 00:00:00.65]     Novo Cliente 2.0 [SKIP]"}}
TpTrace Verbose: 0 : 20192, 14, 2021/11/28, 18:50:20.573, 138213536577, vstest.console.dll, TestRunRequest:SendTestRunMessage: Starting.
TpTrace Information: 0 : 20192, 14, 2021/11/28, 18:50:20.574, 138213537156, vstest.console.dll, TestRunRequest:SendTestRunMessage: Completed.
TpTrace Verbose: 0 : 20192, 14, 2021/11/28, 18:50:20.574, 138213537497, vstest.console.dll, TcpClientExtensions.MessageLoopAsync: Polling on remoteEndPoint: 127.0.0.1:52284 localEndPoint: 127.0.0.1:52283
TpTrace Verbose: 0 : 20192, 14, 2021/11/28, 18:50:20.574, 138213537846, vstest.console.dll, TcpClientExtensions.MessageLoopAsync: NotifyDataAvailable remoteEndPoint: 127.0.0.1:52284 localEndPoint: 127.0.0.1:52283
TpTrace Verbose: 0 : 20192, 14, 2021/11/28, 18:50:20.574, 138213539408, vstest.console.dll, TestRequestSender.OnExecutionMessageReceived: Received message: {"Version":2,"MessageType":"TestSession.Message","Payload":{"MessageLevel":0,"Message":"[xUnit.net 00:00:00.65]       Nova verso 2.0 quebrando"}}
TpTrace Verbose: 0 : 20192, 14, 2021/11/28, 18:50:20.574, 138213540576, vstest.console.dll, TestRunRequest:SendTestRunMessage: Starting.
TpTrace Information: 0 : 20192, 14, 2021/11/28, 18:50:20.574, 138213540974, vstest.console.dll, TestRunRequest:SendTestRunMessage: Completed.
TpTrace Verbose: 0 : 20192, 14, 2021/11/28, 18:50:20.574, 138213541229, vstest.console.dll, TcpClientExtensions.MessageLoopAsync: Polling on remoteEndPoint: 127.0.0.1:52284 localEndPoint: 127.0.0.1:52283
TpTrace Verbose: 0 : 20192, 14, 2021/11/28, 18:50:20.639, 138214196964, vstest.console.dll, TcpClientExtensions.MessageLoopAsync: NotifyDataAvailable remoteEndPoint: 127.0.0.1:52284 localEndPoint: 127.0.0.1:52283
TpTrace Verbose: 0 : 20192, 14, 2021/11/28, 18:50:20.640, 138214199191, vstest.console.dll, TestRequestSender.OnExecutionMessageReceived: Received message: {"Version":2,"MessageType":"TestExecution.StatsChange","Payload":{"NewTestResults":[{"TestCase":{"Id":"2d7ea565-1cc7-ae0a-fd18-9de755928f83","FullyQualifiedName":"Features.Tests.TesteNaoPassandoMotivoEspecifico.Teste_NaoEstaPassando_VersaoNovaNaoCompativel","DisplayName":"Novo Cliente 2.0","ExecutorUri":"executor://xunit/VsTestRunner2/netcoreapp","Source":"C:\\Users\\ricar\\source\\repos\\DesenvovledorIO\\Teste Unidade\\01 - Testes de Unidade\\Features.Tests\\bin\\Debug\\netcoreapp2.2\\fine-code-coverage\\build-output\\Features.Tests.dll","CodeFilePath":null,"LineNumber":0,"Properties":[{"Key":{"Id":"TestObject.Traits","Label":"Traits","Category":"","Description":"","Attributes":5,"ValueType":"System.Collections.Generic.KeyValuePair`2[[System.String],[System.String]][]"},"Value":[{"Key":"Categoria","Value":"Escapando dos Testes"}]}]},"Attachments":[],"Outcome":3,"ErrorMessage":null,"ErrorStackTrace":null,"DisplayName":"Novo Cliente 2.0","Messages":[{"Category":"StdOutMsgs","Text":"Nova verso 2.0 quebrando"}],"ComputerName":"DESKTOP-BHPS316","Duration":"00:00:00.0010000","StartTime":"2021-11-28T21:50:20.5760337+00:00","EndTime":"2021-11-28T21:50:20.5760366+00:00","Properties":[]},{"TestCase":{"Id":"8baa0b5a-77ab-a376-fee2-b974a47a7213","FullyQualifiedName":"Features.Tests.OrdemTestes.Teste03","DisplayName":"Teste 03","ExecutorUri":"executor://xunit/VsTestRunner2/netcoreapp","Source":"C:\\Users\\ricar\\source\\repos\\DesenvovledorIO\\Teste Unidade\\01 - Testes de Unidade\\Features.Tests\\bin\\Debug\\netcoreapp2.2\\fine-code-coverage\\build-output\\Features.Tests.dll","CodeFilePath":null,"LineNumber":0,"Properties":[{"Key":{"Id":"TestObject.Traits","Label":"Traits","Category":"","Description":"","Attributes":5,"ValueType":"System.Collections.Generic.KeyValuePair`2[[System.String],[System.String]][]"},"Value":[{"Key":"Categoria","Value":"Ordenacao Testes"}]}]},"Attachments":[],"Outcome":1,"ErrorMessage":null,"ErrorStackTrace":null,"DisplayName":"Teste 03","Messages":[],"ComputerName":"DESKTOP-BHPS316","Duration":"00:00:00.0080000","StartTime":"2021-11-28T21:50:20.6014376+00:00","EndTime":"2021-11-28T21:50:20.6014379+00:00","Properties":[]},{"TestCase":{"Id":"b0f2754a-3b42-2083-3d57-c9bfa7f0520c","FullyQualifiedName":"Features.Tests.CpfValidationTests.Cpf_ValidarMultiplosNumeros_TodosDevemSerInvalidos","DisplayName":"CPF Invalidos(cpf: \"15231766607213\")","ExecutorUri":"executor://xunit/VsTestRunner2/netcoreapp","Source":"C:\\Users\\ricar\\source\\repos\\DesenvovledorIO\\Teste Unidade\\01 - Testes de Unidade\\Features.Tests\\bin\\Debug\\netcoreapp2.2\\fine-code-coverage\\build-output\\Features.Tests.dll","CodeFilePath":null,"LineNumber":0,"Properties":[{"Key":{"Id":"TestObject.Traits","Label":"Traits","Category":"","Description":"","Attributes":5,"ValueType":"System.Collections.Generic.KeyValuePair`2[[System.String],[System.String]][]"},"Value":[{"Key":"Categoria","Value":"CPF Validation Tests"}]}]},"Attachments":[],"Outcome":1,"ErrorMessage":null,"ErrorStackTrace":null,"DisplayName":"CPF Invalidos(cpf: \"15231766607213\")","Messages":[],"ComputerName":"DESKTOP-BHPS316","Duration":"00:00:00.0090000","StartTime":"2021-11-28T21:50:20.6034557+00:00","EndTime":"2021-11-28T21:50:20.6034561+00:00","Properties":[]},{"TestCase":{"Id":"51763406-ccc8-8cb6-7deb-a6f95aeba95b","FullyQualifiedName":"Features.Tests.CpfValidationTests.Cpf_ValidarMultiplosNumeros_TodosDevemSerInvalidos","DisplayName":"CPF Invalidos(cpf: \"528781682082\")","ExecutorUri":"executor://xunit/VsTestRunner2/netcoreapp","Source":"C:\\Users\\ricar\\source\\repos\\DesenvovledorIO\\Teste Unidade\\01 - Testes de Unidade\\Features.Tests\\bin\\Debug\\netcoreapp2.2\\fine-code-coverage\\build-output\\Features.Tests.dll","CodeFilePath":null,"LineNumber":0,"Properties":[{"Key":{"Id":"TestObject.Traits","Label":"Traits","Category":"","Description":"","Attributes":5,"ValueType":"System.Collections.Generic.KeyValuePair`2[[System.String],[System.String]][]"},"Value":[{"Key":"Categoria","Value":"CPF Validation Tests"}]}]},"Attachments":[],"Outcome":1,"ErrorMessage":null,"ErrorStackTrace":null,"DisplayName":"CPF Invalidos(cpf: \"528781682082\")","Messages":[],"ComputerName":"DESKTOP-BHPS316","Duration":"00:00:00.0010000","StartTime":"2021-11-28T21:50:20.6061883+00:00","EndTime":"2021-11-28T21:50:20.6061886+00:00","Properties":[]}],"TestRunStatistics":{"ExecutedTests":4,"Stats":{"Skipped":1,"Passed":3}},"ActiveTests":[{"Id":"e19d25ea-f50a-eefe-6e5d-a708ed609e08","FullyQualifiedName":"Features.Tests.ClienteTests.Cliente_NovoCliente_DeveEstarValido","DisplayName":"Novo Cliente Vlido","ExecutorUri":"executor://xunit/VsTestRunner2/netcoreapp","Source":"C:\\Users\\ricar\\source\\repos\\DesenvovledorIO\\Teste Unidade\\01 - Testes de Unidade\\Features.Tests\\bin\\Debug\\netcoreapp2.2\\fine-code-coverage\\build-output\\Features.Tests.dll","CodeFilePath":null,"LineNumber":0,"Properties":[{"Key":{"Id":"TestObject.Traits","Label":"Traits","Category":"","Description":"","Attributes":5,"ValueType":"System.Collections.Generic.KeyValuePair`2[[System.String],[System.String]][]"},"Value":[{"Key":"Categoria","Value":"Cliente Trait Testes"}]}]},{"Id":"8aca03f0-e200-4a65-2212-a053e214df61","FullyQualifiedName":"Features.Tests.ClienteServiceAutoMockerFixtureTests.ClienteService_Adicionar_DeveFalharDevidoClienteInvalido","DisplayName":"Adicionar Cliente com Falha","ExecutorUri":"executor://xunit/VsTestRunner2/netcoreapp","Source":"C:\\Users\\ricar\\source\\repos\\DesenvovledorIO\\Teste Unidade\\01 - Testes de Unidade\\Features.Tests\\bin\\Debug\\netcoreapp2.2\\fine-code-coverage\\build-output\\Features.Tests.dll","CodeFilePath":null,"LineNumber":0,"Properties":[{"Key":{"Id":"TestObject.Traits","Label":"Traits","Category":"","Description":"","Attributes":5,"ValueType":"System.Collections.Generic.KeyValuePair`2[[System.String],[System.String]][]"},"Value":[{"Key":"Categoria","Value":"Cliente Service AutoMockFixture Tests"}]}]},{"Id":"89733d6f-c5db-9f2a-58ad-377360492227","FullyQualifiedName":"Features.Tests.ClienteTesteInvalido.Cliente_NovoCliente_DeveEstarInvalido","DisplayName":"Novo Cliente Invlido","ExecutorUri":"executor://xunit/VsTestRunner2/netcoreapp","Source":"C:\\Users\\ricar\\source\\repos\\DesenvovledorIO\\Teste Unidade\\01 - Testes de Unidade\\Features.Tests\\bin\\Debug\\netcoreapp2.2\\fine-code-coverage\\build-output\\Features.Tests.dll","CodeFilePath":null,"LineNumber":0,"Properties":[{"Key":{"Id":"TestObject.Traits","Label":"Traits","Category":"","Description":"","Attributes":5,"ValueType":"System.Collections.Generic.KeyValuePair`2[[System.String],[System.String]][]"},"Value":[{"Key":"Categoria","Value":"Cliente Fixture Testes"}]}]},{"Id":"f55f6a9c-e1a6-7189-fc13-edeb3bddd1f8","FullyQualifiedName":"Features.Tests.ClienteBogusTests.Cliente_NovoCliente_DeveEstarValido","DisplayName":"Novo Cliente Vlido","ExecutorUri":"executor://xunit/VsTestRunner2/netcoreapp","Source":"C:\\Users\\ricar\\source\\repos\\DesenvovledorIO\\Teste Unidade\\01 - Testes de Unidade\\Features.Tests\\bin\\Debug\\netcoreapp2.2\\fine-code-coverage\\build-output\\Features.Tests.dll","CodeFilePath":null,"LineNumber":0,"Properties":[{"Key":{"Id":"TestObject.Traits","Label":"Traits","Category":"","Description":"","Attributes":5,"ValueType":"System.Collections.Generic.KeyValuePair`2[[System.String],[System.String]][]"},"Value":[{"Key":"Categoria","Value":"Cliente Bogus Testes"}]}]},{"Id":"fe8897c3-21e9-9c9c-da13-66fbccffb342","FullyQualifiedName":"Features.Tests.OrdemTestes.Teste01","DisplayName":"Teste 01","ExecutorUri":"executor://xunit/VsTestRunner2/netcoreapp","Source":"C:\\Users\\ricar\\source\\repos\\DesenvovledorIO\\Teste Unidade\\01 - Testes de Unidade\\Features.Tests\\bin\\Debug\\netcoreapp2.2\\fine-code-coverage\\build-output\\Features.Tests.dll","CodeFilePath":null,"LineNumber":0,"Properties":[{"Key":{"Id":"TestObject.Traits","Label":"Traits","Category":"","Description":"","Attributes":5,"ValueType":"System.Collections.Generic.KeyValuePair`2[[System.String],[System.String]][]"},"Value":[{"Key":"Categoria","Value":"Ordenacao Testes"}]}]},{"Id":"28ab2ec5-00a7-fe38-b512-a1992355d862","FullyQualifiedName":"Features.Tests.CpfValidationTests.Cpf_ValidarMultiplosNumeros_TodosDevemSerInvalidos","DisplayName":"CPF Invalidos(cpf: \"23775274811\")","ExecutorUri":"executor://xunit/VsTestRunner2/netcoreapp","Source":"C:\\Users\\ricar\\source\\repos\\DesenvovledorIO\\Teste Unidade\\01 - Testes de Unidade\\Features.Tests\\bin\\Debug\\netcoreapp2.2\\fine-code-coverage\\build-output\\Features.Tests.dll","CodeFilePath":null,"LineNumber":0,"Properties":[{"Key":{"Id":"TestObject.Traits","Label":"Traits","Category":"","Description":"","Attributes":5,"ValueType":"System.Collections.Generic.KeyValuePair`2[[System.String],[System.String]][]"},"Value":[{"Key":"Categoria","Value":"CPF Validation Tests"}]}]}]}}
TpTrace Verbose: 0 : 20192, 14, 2021/11/28, 18:50:20.696, 138214763675, vstest.console.dll, TestRunRequest:SendTestRunStatsChange: Starting.
TpTrace Verbose: 0 : 20192, 14, 2021/11/28, 18:50:20.696, 138214764735, vstest.console.dll, InProgress is Novo Cliente Vlido
TpTrace Verbose: 0 : 20192, 14, 2021/11/28, 18:50:20.696, 138214764925, vstest.console.dll, InProgress is Adicionar Cliente com Falha
TpTrace Verbose: 0 : 20192, 14, 2021/11/28, 18:50:20.696, 138214765068, vstest.console.dll, InProgress is Novo Cliente Invlido
TpTrace Verbose: 0 : 20192, 14, 2021/11/28, 18:50:20.696, 138214765201, vstest.console.dll, InProgress is Novo Cliente Vlido
TpTrace Verbose: 0 : 20192, 14, 2021/11/28, 18:50:20.696, 138214765333, vstest.console.dll, InProgress is Teste 01
TpTrace Verbose: 0 : 20192, 14, 2021/11/28, 18:50:20.696, 138214765462, vstest.console.dll, InProgress is CPF Invalidos(cpf: "23775274811")
TpTrace Information: 0 : 20192, 14, 2021/11/28, 18:50:20.696, 138214766774, vstest.console.dll, TestRunRequest:SendTestRunStatsChange: Completed.
TpTrace Verbose: 0 : 20192, 14, 2021/11/28, 18:50:20.696, 138214767019, vstest.console.dll, TcpClientExtensions.MessageLoopAsync: Polling on remoteEndPoint: 127.0.0.1:52284 localEndPoint: 127.0.0.1:52283
TpTrace Verbose: 0 : 20192, 14, 2021/11/28, 18:50:20.697, 138214767293, vstest.console.dll, TcpClientExtensions.MessageLoopAsync: NotifyDataAvailable remoteEndPoint: 127.0.0.1:52284 localEndPoint: 127.0.0.1:52283
TpTrace Verbose: 0 : 20192, 14, 2021/11/28, 18:50:20.697, 138214768209, vstest.console.dll, TestRequestSender.OnExecutionMessageReceived: Received message: {"Version":2,"MessageType":"TestExecution.StatsChange","Payload":{"NewTestResults":[{"TestCase":{"Id":"28ab2ec5-00a7-fe38-b512-a1992355d862","FullyQualifiedName":"Features.Tests.CpfValidationTests.Cpf_ValidarMultiplosNumeros_TodosDevemSerInvalidos","DisplayName":"CPF Invalidos(cpf: \"23775274811\")","ExecutorUri":"executor://xunit/VsTestRunner2/netcoreapp","Source":"C:\\Users\\ricar\\source\\repos\\DesenvovledorIO\\Teste Unidade\\01 - Testes de Unidade\\Features.Tests\\bin\\Debug\\netcoreapp2.2\\fine-code-coverage\\build-output\\Features.Tests.dll","CodeFilePath":null,"LineNumber":0,"Properties":[{"Key":{"Id":"TestObject.Traits","Label":"Traits","Category":"","Description":"","Attributes":5,"ValueType":"System.Collections.Generic.KeyValuePair`2[[System.String],[System.String]][]"},"Value":[{"Key":"Categoria","Value":"CPF Validation Tests"}]}]},"Attachments":[],"Outcome":1,"ErrorMessage":null,"ErrorStackTrace":null,"DisplayName":"CPF Invalidos(cpf: \"23775274811\")","Messages":[],"ComputerName":"DESKTOP-BHPS316","Duration":"00:00:00.0010000","StartTime":"2021-11-28T21:50:20.6408859+00:00","EndTime":"2021-11-28T21:50:20.6408862+00:00","Properties":[]},{"TestCase":{"Id":"fef5161e-6545-e146-1cf2-b5684dd0659b","FullyQualifiedName":"Features.Tests.CpfValidationTests.Cpf_ValidarMultiplosNumeros_TodosDevemSerInvalidos","DisplayName":"CPF Invalidos(cpf: \"35555868512\")","ExecutorUri":"executor://xunit/VsTestRunner2/netcoreapp","Source":"C:\\Users\\ricar\\source\\repos\\DesenvovledorIO\\Teste Unidade\\01 - Testes de Unidade\\Features.Tests\\bin\\Debug\\netcoreapp2.2\\fine-code-coverage\\build-output\\Features.Tests.dll","CodeFilePath":null,"LineNumber":0,"Properties":[{"Key":{"Id":"TestObject.Traits","Label":"Traits","Category":"","Description":"","Attributes":5,"ValueType":"System.Collections.Generic.KeyValuePair`2[[System.String],[System.String]][]"},"Value":[{"Key":"Categoria","Value":"CPF Validation Tests"}]}]},"Attachments":[],"Outcome":1,"ErrorMessage":null,"ErrorStackTrace":null,"DisplayName":"CPF Invalidos(cpf: \"35555868512\")","Messages":[],"ComputerName":"DESKTOP-BHPS316","Duration":"00:00:00.0010000","StartTime":"2021-11-28T21:50:20.645071+00:00","EndTime":"2021-11-28T21:50:20.6450716+00:00","Properties":[]},{"TestCase":{"Id":"00ed880b-d209-0ad6-0ff2-3da9bc436a05","FullyQualifiedName":"Features.Tests.CpfValidationTests.Cpf_ValidarMultiplosNumeros_TodosDevemSerInvalidos","DisplayName":"CPF Invalidos(cpf: \"36014132822\")","ExecutorUri":"executor://xunit/VsTestRunner2/netcoreapp","Source":"C:\\Users\\ricar\\source\\repos\\DesenvovledorIO\\Teste Unidade\\01 - Testes de Unidade\\Features.Tests\\bin\\Debug\\netcoreapp2.2\\fine-code-coverage\\build-output\\Features.Tests.dll","CodeFilePath":null,"LineNumber":0,"Properties":[{"Key":{"Id":"TestObject.Traits","Label":"Traits","Category":"","Description":"","Attributes":5,"ValueType":"System.Collections.Generic.KeyValuePair`2[[System.String],[System.String]][]"},"Value":[{"Key":"Categoria","Value":"CPF Validation Tests"}]}]},"Attachments":[],"Outcome":1,"ErrorMessage":null,"ErrorStackTrace":null,"DisplayName":"CPF Invalidos(cpf: \"36014132822\")","Messages":[],"ComputerName":"DESKTOP-BHPS316","Duration":"00:00:00.0010000","StartTime":"2021-11-28T21:50:20.6466328+00:00","EndTime":"2021-11-28T21:50:20.646633+00:00","Properties":[]},{"TestCase":{"Id":"a19f706f-7605-93a5-c026-a0b75281a293","FullyQualifiedName":"Features.Tests.CpfValidationTests.Cpf_ValidarMultiplosNumeros_TodosDevemSerInvalidos","DisplayName":"CPF Invalidos(cpf: \"72186126500\")","ExecutorUri":"executor://xunit/VsTestRunner2/netcoreapp","Source":"C:\\Users\\ricar\\source\\repos\\DesenvovledorIO\\Teste Unidade\\01 - Testes de Unidade\\Features.Tests\\bin\\Debug\\netcoreapp2.2\\fine-code-coverage\\build-output\\Features.Tests.dll","CodeFilePath":null,"LineNumber":0,"Properties":[{"Key":{"Id":"TestObject.Traits","Label":"Traits","Category":"","Description":"","Attributes":5,"ValueType":"System.Collections.Generic.KeyValuePair`2[[System.String],[System.String]][]"},"Value":[{"Key":"Categoria","Value":"CPF Validation Tests"}]}]},"Attachments":[],"Outcome":1,"ErrorMessage":null,"ErrorStackTrace":null,"DisplayName":"CPF Invalidos(cpf: \"72186126500\")","Messages":[],"ComputerName":"DESKTOP-BHPS316","Duration":"00:00:00.0010000","StartTime":"2021-11-28T21:50:20.6480483+00:00","EndTime":"2021-11-28T21:50:20.6480486+00:00","Properties":[]},{"TestCase":{"Id":"fe8897c3-21e9-9c9c-da13-66fbccffb342","FullyQualifiedName":"Features.Tests.OrdemTestes.Teste01","DisplayName":"Teste 01","ExecutorUri":"executor://xunit/VsTestRunner2/netcoreapp","Source":"C:\\Users\\ricar\\source\\repos\\DesenvovledorIO\\Teste Unidade\\01 - Testes de Unidade\\Features.Tests\\bin\\Debug\\netcoreapp2.2\\fine-code-coverage\\build-output\\Features.Tests.dll","CodeFilePath":null,"LineNumber":0,"Properties":[{"Key":{"Id":"TestObject.Traits","Label":"Traits","Category":"","Description":"","Attributes":5,"ValueType":"System.Collections.Generic.KeyValuePair`2[[System.String],[System.String]][]"},"Value":[{"Key":"Categoria","Value":"Ordenacao Testes"}]}]},"Attachments":[],"Outcome":1,"ErrorMessage":null,"ErrorStackTrace":null,"DisplayName":"Teste 01","Messages":[],"ComputerName":"DESKTOP-BHPS316","Duration":"00:00:00.0010000","StartTime":"2021-11-28T21:50:20.649392+00:00","EndTime":"2021-11-28T21:50:20.6493923+00:00","Properties":[]},{"TestCase":{"Id":"7902fe89-0948-9ee2-88ba-c3852f094c8a","FullyQualifiedName":"Features.Tests.OrdemTestes.Teste04","DisplayName":"Teste 04","ExecutorUri":"executor://xunit/VsTestRunner2/netcoreapp","Source":"C:\\Users\\ricar\\source\\repos\\DesenvovledorIO\\Teste Unidade\\01 - Testes de Unidade\\Features.Tests\\bin\\Debug\\netcoreapp2.2\\fine-code-coverage\\build-output\\Features.Tests.dll","CodeFilePath":null,"LineNumber":0,"Properties":[{"Key":{"Id":"TestObject.Traits","Label":"Traits","Category":"","Description":"","Attributes":5,"ValueType":"System.Collections.Generic.KeyValuePair`2[[System.String],[System.String]][]"},"Value":[{"Key":"Categoria","Value":"Ordenacao Testes"}]}]},"Attachments":[],"Outcome":1,"ErrorMessage":null,"ErrorStackTrace":null,"DisplayName":"Teste 04","Messages":[],"ComputerName":"DESKTOP-BHPS316","Duration":"00:00:00.0010000","StartTime":"2021-11-28T21:50:20.650872+00:00","EndTime":"2021-11-28T21:50:20.6508724+00:00","Properties":[]},{"TestCase":{"Id":"03cb5259-a73d-60fa-a5a4-3da77ca7dc84","FullyQualifiedName":"Features.Tests.CpfValidationTests.Cpf_ValidarMultiplosNumeros_TodosDevemSerValidos","DisplayName":"CPF Validos(cpf: \"13830803800\")","ExecutorUri":"executor://xunit/VsTestRunner2/netcoreapp","Source":"C:\\Users\\ricar\\source\\repos\\DesenvovledorIO\\Teste Unidade\\01 - Testes de Unidade\\Features.Tests\\bin\\Debug\\netcoreapp2.2\\fine-code-coverage\\build-output\\Features.Tests.dll","CodeFilePath":null,"LineNumber":0,"Properties":[{"Key":{"Id":"TestObject.Traits","Label":"Traits","Category":"","Description":"","Attributes":5,"ValueType":"System.Collections.Generic.KeyValuePair`2[[System.String],[System.String]][]"},"Value":[{"Key":"Categoria","Value":"CPF Validation Tests"}]}]},"Attachments":[],"Outcome":1,"ErrorMessage":null,"ErrorStackTrace":null,"DisplayName":"CPF Validos(cpf: \"13830803800\")","Messages":[],"ComputerName":"DESKTOP-BHPS316","Duration":"00:00:00.0010000","StartTime":"2021-11-28T21:50:20.6526235+00:00","EndTime":"2021-11-28T21:50:20.6526239+00:00","Properties":[]},{"TestCase":{"Id":"77e1562e-8d8f-a2fd-4b1a-5d174e2e3ca5","FullyQualifiedName":"Features.Tests.OrdemTestes.Teste02","DisplayName":"Teste 02","ExecutorUri":"executor://xunit/VsTestRunner2/netcoreapp","Source":"C:\\Users\\ricar\\source\\repos\\DesenvovledorIO\\Teste Unidade\\01 - Testes de Unidade\\Features.Tests\\bin\\Debug\\netcoreapp2.2\\fine-code-coverage\\build-output\\Features.Tests.dll","CodeFilePath":null,"LineNumber":0,"Properties":[{"Key":{"Id":"TestObject.Traits","Label":"Traits","Category":"","Description":"","Attributes":5,"ValueType":"System.Collections.Generic.KeyValuePair`2[[System.String],[System.String]][]"},"Value":[{"Key":"Categoria","Value":"Ordenacao Testes"}]}]},"Attachments":[],"Outcome":1,"ErrorMessage":null,"ErrorStackTrace":null,"DisplayName":"Teste 02","Messages":[],"ComputerName":"DESKTOP-BHPS316","Duration":"00:00:00.0010000","StartTime":"2021-11-28T21:50:20.6545089+00:00","EndTime":"2021-11-28T21:50:20.6545096+00:00","Properties":[]},{"TestCase":{"Id":"698ff58b-76ec-7277-b1fe-b8a520da4bac","FullyQualifiedName":"Features.Tests.CpfValidationTests.Cpf_ValidarMultiplosNumeros_TodosDevemSerValidos","DisplayName":"CPF Validos(cpf: \"64184957307\")","ExecutorUri":"executor://xunit/VsTestRunner2/netcoreapp","Source":"C:\\Users\\ricar\\source\\repos\\DesenvovledorIO\\Teste Unidade\\01 - Testes de Unidade\\Features.Tests\\bin\\Debug\\netcoreapp2.2\\fine-code-coverage\\build-output\\Features.Tests.dll","CodeFilePath":null,"LineNumber":0,"Properties":[{"Key":{"Id":"TestObject.Traits","Label":"Traits","Category":"","Description":"","Attributes":5,"ValueType":"System.Collections.Generic.KeyValuePair`2[[System.String],[System.String]][]"},"Value":[{"Key":"Categoria","Value":"CPF Validation Tests"}]}]},"Attachments":[],"Outcome":1,"ErrorMessage":null,"ErrorStackTrace":null,"DisplayName":"CPF Validos(cpf: \"64184957307\")","Messages":[],"ComputerName":"DESKTOP-BHPS316","Duration":"00:00:00.0010000","StartTime":"2021-11-28T21:50:20.6601206+00:00","EndTime":"2021-11-28T21:50:20.6601209+00:00","Properties":[]}],"TestRunStatistics":{"ExecutedTests":13,"Stats":{"Skipped":1,"Passed":12}},"ActiveTests":[{"Id":"90ab4909-a9d3-0ff5-48f4-7d2cda37136f","FullyQualifiedName":"Features.Tests.CpfValidationTests.Cpf_ValidarMultiplosNumeros_TodosDevemSerValidos","DisplayName":"CPF Validos(cpf: \"21681764423\")","ExecutorUri":"executor://xunit/VsTestRunner2/netcoreapp","Source":"C:\\Users\\ricar\\source\\repos\\DesenvovledorIO\\Teste Unidade\\01 - Testes de Unidade\\Features.Tests\\bin\\Debug\\netcoreapp2.2\\fine-code-coverage\\build-output\\Features.Tests.dll","CodeFilePath":null,"LineNumber":0,"Properties":[{"Key":{"Id":"TestObject.Traits","Label":"Traits","Category":"","Description":"","Attributes":5,"ValueType":"System.Collections.Generic.KeyValuePair`2[[System.String],[System.String]][]"},"Value":[{"Key":"Categoria","Value":"CPF Validation Tests"}]}]}]}}
TpTrace Verbose: 0 : 20192, 14, 2021/11/28, 18:50:20.698, 138214784702, vstest.console.dll, TestRunRequest:SendTestRunStatsChange: Starting.
TpTrace Verbose: 0 : 20192, 14, 2021/11/28, 18:50:20.698, 138214785122, vstest.console.dll, InProgress is CPF Validos(cpf: "21681764423")
TpTrace Information: 0 : 20192, 14, 2021/11/28, 18:50:20.698, 138214785437, vstest.console.dll, TestRunRequest:SendTestRunStatsChange: Completed.
TpTrace Verbose: 0 : 20192, 14, 2021/11/28, 18:50:20.698, 138214785618, vstest.console.dll, TcpClientExtensions.MessageLoopAsync: Polling on remoteEndPoint: 127.0.0.1:52284 localEndPoint: 127.0.0.1:52283
TpTrace Verbose: 0 : 20192, 14, 2021/11/28, 18:50:20.698, 138214785846, vstest.console.dll, TcpClientExtensions.MessageLoopAsync: NotifyDataAvailable remoteEndPoint: 127.0.0.1:52284 localEndPoint: 127.0.0.1:52283
TpTrace Verbose: 0 : 20192, 14, 2021/11/28, 18:50:20.698, 138214786642, vstest.console.dll, TestRequestSender.OnExecutionMessageReceived: Received message: {"Version":2,"MessageType":"TestExecution.StatsChange","Payload":{"NewTestResults":[{"TestCase":{"Id":"90ab4909-a9d3-0ff5-48f4-7d2cda37136f","FullyQualifiedName":"Features.Tests.CpfValidationTests.Cpf_ValidarMultiplosNumeros_TodosDevemSerValidos","DisplayName":"CPF Validos(cpf: \"21681764423\")","ExecutorUri":"executor://xunit/VsTestRunner2/netcoreapp","Source":"C:\\Users\\ricar\\source\\repos\\DesenvovledorIO\\Teste Unidade\\01 - Testes de Unidade\\Features.Tests\\bin\\Debug\\netcoreapp2.2\\fine-code-coverage\\build-output\\Features.Tests.dll","CodeFilePath":null,"LineNumber":0,"Properties":[{"Key":{"Id":"TestObject.Traits","Label":"Traits","Category":"","Description":"","Attributes":5,"ValueType":"System.Collections.Generic.KeyValuePair`2[[System.String],[System.String]][]"},"Value":[{"Key":"Categoria","Value":"CPF Validation Tests"}]}]},"Attachments":[],"Outcome":1,"ErrorMessage":null,"ErrorStackTrace":null,"DisplayName":"CPF Validos(cpf: \"21681764423\")","Messages":[],"ComputerName":"DESKTOP-BHPS316","Duration":"00:00:00.0010000","StartTime":"2021-11-28T21:50:20.6620607+00:00","EndTime":"2021-11-28T21:50:20.662061+00:00","Properties":[]},{"TestCase":{"Id":"74c964d7-4325-9df2-05ae-d3ffdda655af","FullyQualifiedName":"Features.Tests.CpfValidationTests.Cpf_ValidarMultiplosNumeros_TodosDevemSerValidos","DisplayName":"CPF Validos(cpf: \"15231766607\")","ExecutorUri":"executor://xunit/VsTestRunner2/netcoreapp","Source":"C:\\Users\\ricar\\source\\repos\\DesenvovledorIO\\Teste Unidade\\01 - Testes de Unidade\\Features.Tests\\bin\\Debug\\netcoreapp2.2\\fine-code-coverage\\build-output\\Features.Tests.dll","CodeFilePath":null,"LineNumber":0,"Properties":[{"Key":{"Id":"TestObject.Traits","Label":"Traits","Category":"","Description":"","Attributes":5,"ValueType":"System.Collections.Generic.KeyValuePair`2[[System.String],[System.String]][]"},"Value":[{"Key":"Categoria","Value":"CPF Validation Tests"}]}]},"Attachments":[],"Outcome":1,"ErrorMessage":null,"ErrorStackTrace":null,"DisplayName":"CPF Validos(cpf: \"15231766607\")","Messages":[],"ComputerName":"DESKTOP-BHPS316","Duration":"00:00:00.0010000","StartTime":"2021-11-28T21:50:20.6635059+00:00","EndTime":"2021-11-28T21:50:20.6635063+00:00","Properties":[]},{"TestCase":{"Id":"5e7a8d41-30c9-1abf-cf25-f77f3bd75a2e","FullyQualifiedName":"Features.Tests.CpfValidationTests.Cpf_ValidarMultiplosNumeros_TodosDevemSerValidos","DisplayName":"CPF Validos(cpf: \"78246847333\")","ExecutorUri":"executor://xunit/VsTestRunner2/netcoreapp","Source":"C:\\Users\\ricar\\source\\repos\\DesenvovledorIO\\Teste Unidade\\01 - Testes de Unidade\\Features.Tests\\bin\\Debug\\netcoreapp2.2\\fine-code-coverage\\build-output\\Features.Tests.dll","CodeFilePath":null,"LineNumber":0,"Properties":[{"Key":{"Id":"TestObject.Traits","Label":"Traits","Category":"","Description":"","Attributes":5,"ValueType":"System.Collections.Generic.KeyValuePair`2[[System.String],[System.String]][]"},"Value":[{"Key":"Categoria","Value":"CPF Validation Tests"}]}]},"Attachments":[],"Outcome":1,"ErrorMessage":null,"ErrorStackTrace":null,"DisplayName":"CPF Validos(cpf: \"78246847333\")","Messages":[],"ComputerName":"DESKTOP-BHPS316","Duration":"00:00:00.0010000","StartTime":"2021-11-28T21:50:20.6648868+00:00","EndTime":"2021-11-28T21:50:20.6648871+00:00","Properties":[]},{"TestCase":{"Id":"e19d25ea-f50a-eefe-6e5d-a708ed609e08","FullyQualifiedName":"Features.Tests.ClienteTests.Cliente_NovoCliente_DeveEstarValido","DisplayName":"Novo Cliente Vlido","ExecutorUri":"executor://xunit/VsTestRunner2/netcoreapp","Source":"C:\\Users\\ricar\\source\\repos\\DesenvovledorIO\\Teste Unidade\\01 - Testes de Unidade\\Features.Tests\\bin\\Debug\\netcoreapp2.2\\fine-code-coverage\\build-output\\Features.Tests.dll","CodeFilePath":null,"LineNumber":0,"Properties":[{"Key":{"Id":"TestObject.Traits","Label":"Traits","Category":"","Description":"","Attributes":5,"ValueType":"System.Collections.Generic.KeyValuePair`2[[System.String],[System.String]][]"},"Value":[{"Key":"Categoria","Value":"Cliente Trait Testes"}]}]},"Attachments":[],"Outcome":1,"ErrorMessage":null,"ErrorStackTrace":null,"DisplayName":"Novo Cliente Vlido","Messages":[],"ComputerName":"DESKTOP-BHPS316","Duration":"00:00:00.0970000","StartTime":"2021-11-28T21:50:20.6656149+00:00","EndTime":"2021-11-28T21:50:20.6656152+00:00","Properties":[]},{"TestCase":{"Id":"89733d6f-c5db-9f2a-58ad-377360492227","FullyQualifiedName":"Features.Tests.ClienteTesteInvalido.Cliente_NovoCliente_DeveEstarInvalido","DisplayName":"Novo Cliente Invlido","ExecutorUri":"executor://xunit/VsTestRunner2/netcoreapp","Source":"C:\\Users\\ricar\\source\\repos\\DesenvovledorIO\\Teste Unidade\\01 - Testes de Unidade\\Features.Tests\\bin\\Debug\\netcoreapp2.2\\fine-code-coverage\\build-output\\Features.Tests.dll","CodeFilePath":null,"LineNumber":0,"Properties":[{"Key":{"Id":"TestObject.Traits","Label":"Traits","Category":"","Description":"","Attributes":5,"ValueType":"System.Collections.Generic.KeyValuePair`2[[System.String],[System.String]][]"},"Value":[{"Key":"Categoria","Value":"Cliente Fixture Testes"}]}]},"Attachments":[],"Outcome":1,"ErrorMessage":null,"ErrorStackTrace":null,"DisplayName":"Novo Cliente Invlido","Messages":[],"ComputerName":"DESKTOP-BHPS316","Duration":"00:00:00.0970000","StartTime":"2021-11-28T21:50:20.6663013+00:00","EndTime":"2021-11-28T21:50:20.6663015+00:00","Properties":[]},{"TestCase":{"Id":"f6a55296-1fd1-6537-200a-3577bcfc6c38","FullyQualifiedName":"Features.Tests.ClienteTests.Cliente_NovoCliente_DeveEstarInvalido","DisplayName":"Novo Cliente Invlido","ExecutorUri":"executor://xunit/VsTestRunner2/netcoreapp","Source":"C:\\Users\\ricar\\source\\repos\\DesenvovledorIO\\Teste Unidade\\01 - Testes de Unidade\\Features.Tests\\bin\\Debug\\netcoreapp2.2\\fine-code-coverage\\build-output\\Features.Tests.dll","CodeFilePath":null,"LineNumber":0,"Properties":[{"Key":{"Id":"TestObject.Traits","Label":"Traits","Category":"","Description":"","Attributes":5,"ValueType":"System.Collections.Generic.KeyValuePair`2[[System.String],[System.String]][]"},"Value":[{"Key":"Categoria","Value":"Cliente Trait Testes"}]}]},"Attachments":[],"Outcome":1,"ErrorMessage":null,"ErrorStackTrace":null,"DisplayName":"Novo Cliente Invlido","Messages":[],"ComputerName":"DESKTOP-BHPS316","Duration":"00:00:00.0010000","StartTime":"2021-11-28T21:50:20.6688815+00:00","EndTime":"2021-11-28T21:50:20.6688819+00:00","Properties":[]},{"TestCase":{"Id":"2616a635-b101-6c27-1144-ec446fba1461","FullyQualifiedName":"Features.Tests.ClienteTesteValido.Cliente_NovoCliente_DeveEstarValido","DisplayName":"Novo Cliente Vlido","ExecutorUri":"executor://xunit/VsTestRunner2/netcoreapp","Source":"C:\\Users\\ricar\\source\\repos\\DesenvovledorIO\\Teste Unidade\\01 - Testes de Unidade\\Features.Tests\\bin\\Debug\\netcoreapp2.2\\fine-code-coverage\\build-output\\Features.Tests.dll","CodeFilePath":null,"LineNumber":0,"Properties":[{"Key":{"Id":"TestObject.Traits","Label":"Traits","Category":"","Description":"","Attributes":5,"ValueType":"System.Collections.Generic.KeyValuePair`2[[System.String],[System.String]][]"},"Value":[{"Key":"Categoria","Value":"Cliente Fixture Testes"}]}]},"Attachments":[],"Outcome":1,"ErrorMessage":null,"ErrorStackTrace":null,"DisplayName":"Novo Cliente Vlido","Messages":[],"ComputerName":"DESKTOP-BHPS316","Duration":"00:00:00.0010000","StartTime":"2021-11-28T21:50:20.6750447+00:00","EndTime":"2021-11-28T21:50:20.6750451+00:00","Properties":[]},{"TestCase":{"Id":"f55f6a9c-e1a6-7189-fc13-edeb3bddd1f8","FullyQualifiedName":"Features.Tests.ClienteBogusTests.Cliente_NovoCliente_DeveEstarValido","DisplayName":"Novo Cliente Vlido","ExecutorUri":"executor://xunit/VsTestRunner2/netcoreapp","Source":"C:\\Users\\ricar\\source\\repos\\DesenvovledorIO\\Teste Unidade\\01 - Testes de Unidade\\Features.Tests\\bin\\Debug\\netcoreapp2.2\\fine-code-coverage\\build-output\\Features.Tests.dll","CodeFilePath":null,"LineNumber":0,"Properties":[{"Key":{"Id":"TestObject.Traits","Label":"Traits","Category":"","Description":"","Attributes":5,"ValueType":"System.Collections.Generic.KeyValuePair`2[[System.String],[System.String]][]"},"Value":[{"Key":"Categoria","Value":"Cliente Bogus Testes"}]}]},"Attachments":[],"Outcome":1,"ErrorMessage":null,"ErrorStackTrace":null,"DisplayName":"Novo Cliente Vlido","Messages":[],"ComputerName":"DESKTOP-BHPS316","Duration":"00:00:00.1520000","StartTime":"2021-11-28T21:50:20.6761345+00:00","EndTime":"2021-11-28T21:50:20.6761347+00:00","Properties":[]},{"TestCase":{"Id":"3e006f34-26d7-f9c8-f255-c75680aa88f0","FullyQualifiedName":"Features.Tests.ClienteBogusTests.Cliente_NovoCliente_DeveEstarInvalido","DisplayName":"Novo Cliente Invlido","ExecutorUri":"executor://xunit/VsTestRunner2/netcoreapp","Source":"C:\\Users\\ricar\\source\\repos\\DesenvovledorIO\\Teste Unidade\\01 - Testes de Unidade\\Features.Tests\\bin\\Debug\\netcoreapp2.2\\fine-code-coverage\\build-output\\Features.Tests.dll","CodeFilePath":null,"LineNumber":0,"Properties":[{"Key":{"Id":"TestObject.Traits","Label":"Traits","Category":"","Description":"","Attributes":5,"ValueType":"System.Collections.Generic.KeyValuePair`2[[System.String],[System.String]][]"},"Value":[{"Key":"Categoria","Value":"Cliente Bogus Testes"}]}]},"Attachments":[],"Outcome":1,"ErrorMessage":null,"ErrorStackTrace":null,"DisplayName":"Novo Cliente Invlido","Messages":[],"ComputerName":"DESKTOP-BHPS316","Duration":"00:00:00.0040000","StartTime":"2021-11-28T21:50:20.6775839+00:00","EndTime":"2021-11-28T21:50:20.6775842+00:00","Properties":[]}],"TestRunStatistics":{"ExecutedTests":22,"Stats":{"Skipped":1,"Passed":21}},"ActiveTests":[{"Id":"0d8661dc-4aab-5aff-48ea-d09b65e56dd3","FullyQualifiedName":"Features.Tests.ClienteServiceTests.ClienteService_Adicionar_DeveFalharDevidoClienteInvalido","DisplayName":"Adicionar Cliente com Falha","ExecutorUri":"executor://xunit/VsTestRunner2/netcoreapp","Source":"C:\\Users\\ricar\\source\\repos\\DesenvovledorIO\\Teste Unidade\\01 - Testes de Unidade\\Features.Tests\\bin\\Debug\\netcoreapp2.2\\fine-code-coverage\\build-output\\Features.Tests.dll","CodeFilePath":null,"LineNumber":0,"Properties":[{"Key":{"Id":"TestObject.Traits","Label":"Traits","Category":"","Description":"","Attributes":5,"ValueType":"System.Collections.Generic.KeyValuePair`2[[System.String],[System.String]][]"},"Value":[{"Key":"Categoria","Value":"Cliente Service Mock Tests"}]}]}]}}
TpTrace Verbose: 0 : 20192, 14, 2021/11/28, 18:50:20.701, 138214809920, vstest.console.dll, TestRunRequest:SendTestRunStatsChange: Starting.
TpTrace Verbose: 0 : 20192, 14, 2021/11/28, 18:50:20.701, 138214810679, vstest.console.dll, InProgress is Adicionar Cliente com Falha
TpTrace Information: 0 : 20192, 14, 2021/11/28, 18:50:20.701, 138214811255, vstest.console.dll, TestRunRequest:SendTestRunStatsChange: Completed.
TpTrace Verbose: 0 : 20192, 14, 2021/11/28, 18:50:20.701, 138214811590, vstest.console.dll, TcpClientExtensions.MessageLoopAsync: Polling on remoteEndPoint: 127.0.0.1:52284 localEndPoint: 127.0.0.1:52283
TpTrace Verbose: 0 : 20192, 14, 2021/11/28, 18:50:20.753, 138215332601, vstest.console.dll, TcpClientExtensions.MessageLoopAsync: NotifyDataAvailable remoteEndPoint: 127.0.0.1:52284 localEndPoint: 127.0.0.1:52283
TpTrace Verbose: 0 : 20192, 14, 2021/11/28, 18:50:20.753, 138215334129, vstest.console.dll, TestRequestSender.OnExecutionMessageReceived: Received message: {"Version":2,"MessageType":"TestSession.Message","Payload":{"MessageLevel":2,"Message":"[xUnit.net 00:00:00.83]     Adicionar Cliente com Sucesso [FAIL]"}}
TpTrace Verbose: 0 : 20192, 14, 2021/11/28, 18:50:20.753, 138215335881, vstest.console.dll, TestRunRequest:SendTestRunMessage: Starting.
TpTrace Information: 0 : 20192, 14, 2021/11/28, 18:50:20.753, 138215336688, vstest.console.dll, TestRunRequest:SendTestRunMessage: Completed.
TpTrace Verbose: 0 : 20192, 14, 2021/11/28, 18:50:20.754, 138215337121, vstest.console.dll, TcpClientExtensions.MessageLoopAsync: Polling on remoteEndPoint: 127.0.0.1:52284 localEndPoint: 127.0.0.1:52283
TpTrace Verbose: 0 : 20192, 14, 2021/11/28, 18:50:20.754, 138215344371, vstest.console.dll, TcpClientExtensions.MessageLoopAsync: NotifyDataAvailable remoteEndPoint: 127.0.0.1:52284 localEndPoint: 127.0.0.1:52283
TpTrace Verbose: 0 : 20192, 14, 2021/11/28, 18:50:20.754, 138215345209, vstest.console.dll, TestRequestSender.OnExecutionMessageReceived: Received message: {"Version":2,"MessageType":"TestSession.Message","Payload":{"MessageLevel":0,"Message":"[xUnit.net 00:00:00.83]       Moq.MockException : "}}
TpTrace Verbose: 0 : 20192, 14, 2021/11/28, 18:50:20.754, 138215346166, vstest.console.dll, TestRunRequest:SendTestRunMessage: Starting.
TpTrace Information: 0 : 20192, 14, 2021/11/28, 18:50:20.754, 138215346469, vstest.console.dll, TestRunRequest:SendTestRunMessage: Completed.
TpTrace Verbose: 0 : 20192, 14, 2021/11/28, 18:50:20.754, 138215346670, vstest.console.dll, TcpClientExtensions.MessageLoopAsync: Polling on remoteEndPoint: 127.0.0.1:52284 localEndPoint: 127.0.0.1:52283
TpTrace Verbose: 0 : 20192, 14, 2021/11/28, 18:50:20.758, 138215382362, vstest.console.dll, TcpClientExtensions.MessageLoopAsync: NotifyDataAvailable remoteEndPoint: 127.0.0.1:52284 localEndPoint: 127.0.0.1:52283
TpTrace Verbose: 0 : 20192, 14, 2021/11/28, 18:50:20.758, 138215383314, vstest.console.dll, TestRequestSender.OnExecutionMessageReceived: Received message: {"Version":2,"MessageType":"TestSession.Message","Payload":{"MessageLevel":0,"Message":"[xUnit.net 00:00:00.83]       Expected invocation on the mock once, but was 2 times: r => r.Adicionar(Cliente [Id=20cb4083-2d68-4d98-97a0-c5e13c16a6b5])"}}
TpTrace Verbose: 0 : 20192, 14, 2021/11/28, 18:50:20.758, 138215384215, vstest.console.dll, TestRunRequest:SendTestRunMessage: Starting.
TpTrace Information: 0 : 20192, 14, 2021/11/28, 18:50:20.758, 138215384523, vstest.console.dll, TestRunRequest:SendTestRunMessage: Completed.
TpTrace Verbose: 0 : 20192, 14, 2021/11/28, 18:50:20.758, 138215384687, vstest.console.dll, TcpClientExtensions.MessageLoopAsync: Polling on remoteEndPoint: 127.0.0.1:52284 localEndPoint: 127.0.0.1:52283
TpTrace Verbose: 0 : 20192, 14, 2021/11/28, 18:50:20.758, 138215384890, vstest.console.dll, TcpClientExtensions.MessageLoopAsync: NotifyDataAvailable remoteEndPoint: 127.0.0.1:52284 localEndPoint: 127.0.0.1:52283
TpTrace Verbose: 0 : 20192, 14, 2021/11/28, 18:50:20.758, 138215385069, vstest.console.dll, TestRequestSender.OnExecutionMessageReceived: Received message: {"Version":2,"MessageType":"TestSession.Message","Payload":{"MessageLevel":0,"Message":"[xUnit.net 00:00:00.83]       "}}
TpTrace Verbose: 0 : 20192, 14, 2021/11/28, 18:50:20.758, 138215385482, vstest.console.dll, TestRunRequest:SendTestRunMessage: Starting.
TpTrace Information: 0 : 20192, 14, 2021/11/28, 18:50:20.758, 138215385689, vstest.console.dll, TestRunRequest:SendTestRunMessage: Completed.
TpTrace Verbose: 0 : 20192, 14, 2021/11/28, 18:50:20.758, 138215385827, vstest.console.dll, TcpClientExtensions.MessageLoopAsync: Polling on remoteEndPoint: 127.0.0.1:52284 localEndPoint: 127.0.0.1:52283
TpTrace Verbose: 0 : 20192, 14, 2021/11/28, 18:50:20.758, 138215385975, vstest.console.dll, TcpClientExtensions.MessageLoopAsync: NotifyDataAvailable remoteEndPoint: 127.0.0.1:52284 localEndPoint: 127.0.0.1:52283
TpTrace Verbose: 0 : 20192, 14, 2021/11/28, 18:50:20.758, 138215386188, vstest.console.dll, TestRequestSender.OnExecutionMessageReceived: Received message: {"Version":2,"MessageType":"TestSession.Message","Payload":{"MessageLevel":0,"Message":"[xUnit.net 00:00:00.83]       Performed invocations:"}}
TpTrace Verbose: 0 : 20192, 14, 2021/11/28, 18:50:20.758, 138215386553, vstest.console.dll, TestRunRequest:SendTestRunMessage: Starting.
TpTrace Information: 0 : 20192, 14, 2021/11/28, 18:50:20.758, 138215386728, vstest.console.dll, TestRunRequest:SendTestRunMessage: Completed.
TpTrace Verbose: 0 : 20192, 14, 2021/11/28, 18:50:20.758, 138215386863, vstest.console.dll, TcpClientExtensions.MessageLoopAsync: Polling on remoteEndPoint: 127.0.0.1:52284 localEndPoint: 127.0.0.1:52283
TpTrace Verbose: 0 : 20192, 14, 2021/11/28, 18:50:20.758, 138215387007, vstest.console.dll, TcpClientExtensions.MessageLoopAsync: NotifyDataAvailable remoteEndPoint: 127.0.0.1:52284 localEndPoint: 127.0.0.1:52283
TpTrace Verbose: 0 : 20192, 14, 2021/11/28, 18:50:20.759, 138215387169, vstest.console.dll, TestRequestSender.OnExecutionMessageReceived: Received message: {"Version":2,"MessageType":"TestSession.Message","Payload":{"MessageLevel":0,"Message":"[xUnit.net 00:00:00.83]       "}}
TpTrace Verbose: 0 : 20192, 14, 2021/11/28, 18:50:20.759, 138215387525, vstest.console.dll, TestRunRequest:SendTestRunMessage: Starting.
TpTrace Information: 0 : 20192, 14, 2021/11/28, 18:50:20.759, 138215387695, vstest.console.dll, TestRunRequest:SendTestRunMessage: Completed.
TpTrace Verbose: 0 : 20192, 14, 2021/11/28, 18:50:20.759, 138215387829, vstest.console.dll, TcpClientExtensions.MessageLoopAsync: Polling on remoteEndPoint: 127.0.0.1:52284 localEndPoint: 127.0.0.1:52283
TpTrace Verbose: 0 : 20192, 14, 2021/11/28, 18:50:20.759, 138215387979, vstest.console.dll, TcpClientExtensions.MessageLoopAsync: NotifyDataAvailable remoteEndPoint: 127.0.0.1:52284 localEndPoint: 127.0.0.1:52283
TpTrace Verbose: 0 : 20192, 14, 2021/11/28, 18:50:20.759, 138215388159, vstest.console.dll, TestRequestSender.OnExecutionMessageReceived: Received message: {"Version":2,"MessageType":"TestSession.Message","Payload":{"MessageLevel":0,"Message":"[xUnit.net 00:00:00.83]          Mock<IClienteRepository:4> (r):"}}
TpTrace Verbose: 0 : 20192, 14, 2021/11/28, 18:50:20.759, 138215388564, vstest.console.dll, TestRunRequest:SendTestRunMessage: Starting.
TpTrace Information: 0 : 20192, 14, 2021/11/28, 18:50:20.759, 138215388744, vstest.console.dll, TestRunRequest:SendTestRunMessage: Completed.
TpTrace Verbose: 0 : 20192, 14, 2021/11/28, 18:50:20.759, 138215388914, vstest.console.dll, TcpClientExtensions.MessageLoopAsync: Polling on remoteEndPoint: 127.0.0.1:52284 localEndPoint: 127.0.0.1:52283
TpTrace Verbose: 0 : 20192, 14, 2021/11/28, 18:50:20.759, 138215389091, vstest.console.dll, TcpClientExtensions.MessageLoopAsync: NotifyDataAvailable remoteEndPoint: 127.0.0.1:52284 localEndPoint: 127.0.0.1:52283
TpTrace Verbose: 0 : 20192, 14, 2021/11/28, 18:50:20.759, 138215389291, vstest.console.dll, TestRequestSender.OnExecutionMessageReceived: Received message: {"Version":2,"MessageType":"TestSession.Message","Payload":{"MessageLevel":0,"Message":"[xUnit.net 00:00:00.83]       "}}
TpTrace Verbose: 0 : 20192, 14, 2021/11/28, 18:50:20.759, 138215389732, vstest.console.dll, TestRunRequest:SendTestRunMessage: Starting.
TpTrace Information: 0 : 20192, 14, 2021/11/28, 18:50:20.759, 138215389957, vstest.console.dll, TestRunRequest:SendTestRunMessage: Completed.
TpTrace Verbose: 0 : 20192, 14, 2021/11/28, 18:50:20.759, 138215390125, vstest.console.dll, TcpClientExtensions.MessageLoopAsync: Polling on remoteEndPoint: 127.0.0.1:52284 localEndPoint: 127.0.0.1:52283
TpTrace Verbose: 0 : 20192, 14, 2021/11/28, 18:50:20.759, 138215390305, vstest.console.dll, TcpClientExtensions.MessageLoopAsync: NotifyDataAvailable remoteEndPoint: 127.0.0.1:52284 localEndPoint: 127.0.0.1:52283
TpTrace Verbose: 0 : 20192, 14, 2021/11/28, 18:50:20.759, 138215390578, vstest.console.dll, TestRequestSender.OnExecutionMessageReceived: Received message: {"Version":2,"MessageType":"TestSession.Message","Payload":{"MessageLevel":0,"Message":"[xUnit.net 00:00:00.83]             IRepository<Cliente>.Adicionar(Cliente [Id=20cb4083-2d68-4d98-97a0-c5e13c16a6b5])"}}
TpTrace Verbose: 0 : 20192, 14, 2021/11/28, 18:50:20.759, 138215391127, vstest.console.dll, TestRunRequest:SendTestRunMessage: Starting.
TpTrace Information: 0 : 20192, 14, 2021/11/28, 18:50:20.759, 138215391362, vstest.console.dll, TestRunRequest:SendTestRunMessage: Completed.
TpTrace Verbose: 0 : 20192, 14, 2021/11/28, 18:50:20.759, 138215391529, vstest.console.dll, TcpClientExtensions.MessageLoopAsync: Polling on remoteEndPoint: 127.0.0.1:52284 localEndPoint: 127.0.0.1:52283
TpTrace Verbose: 0 : 20192, 14, 2021/11/28, 18:50:20.759, 138215391715, vstest.console.dll, TcpClientExtensions.MessageLoopAsync: NotifyDataAvailable remoteEndPoint: 127.0.0.1:52284 localEndPoint: 127.0.0.1:52283
TpTrace Verbose: 0 : 20192, 14, 2021/11/28, 18:50:20.759, 138215391930, vstest.console.dll, TestRequestSender.OnExecutionMessageReceived: Received message: {"Version":2,"MessageType":"TestSession.Message","Payload":{"MessageLevel":0,"Message":"[xUnit.net 00:00:00.83]             IRepository<Cliente>.Adicionar(Cliente [Id=20cb4083-2d68-4d98-97a0-c5e13c16a6b5])"}}
TpTrace Verbose: 0 : 20192, 14, 2021/11/28, 18:50:20.759, 138215392400, vstest.console.dll, TestRunRequest:SendTestRunMessage: Starting.
TpTrace Information: 0 : 20192, 14, 2021/11/28, 18:50:20.759, 138215392686, vstest.console.dll, TestRunRequest:SendTestRunMessage: Completed.
TpTrace Verbose: 0 : 20192, 14, 2021/11/28, 18:50:20.759, 138215392910, vstest.console.dll, TcpClientExtensions.MessageLoopAsync: Polling on remoteEndPoint: 127.0.0.1:52284 localEndPoint: 127.0.0.1:52283
TpTrace Verbose: 0 : 20192, 14, 2021/11/28, 18:50:20.759, 138215393148, vstest.console.dll, TcpClientExtensions.MessageLoopAsync: NotifyDataAvailable remoteEndPoint: 127.0.0.1:52284 localEndPoint: 127.0.0.1:52283
TpTrace Verbose: 0 : 20192, 14, 2021/11/28, 18:50:20.759, 138215393462, vstest.console.dll, TestRequestSender.OnExecutionMessageReceived: Received message: {"Version":2,"MessageType":"TestSession.Message","Payload":{"MessageLevel":0,"Message":"[xUnit.net 00:00:00.83]       "}}
TpTrace Verbose: 0 : 20192, 14, 2021/11/28, 18:50:20.759, 138215394179, vstest.console.dll, TestRunRequest:SendTestRunMessage: Starting.
TpTrace Information: 0 : 20192, 14, 2021/11/28, 18:50:20.759, 138215394530, vstest.console.dll, TestRunRequest:SendTestRunMessage: Completed.
TpTrace Verbose: 0 : 20192, 14, 2021/11/28, 18:50:20.759, 138215394789, vstest.console.dll, TcpClientExtensions.MessageLoopAsync: Polling on remoteEndPoint: 127.0.0.1:52284 localEndPoint: 127.0.0.1:52283
TpTrace Verbose: 0 : 20192, 14, 2021/11/28, 18:50:20.759, 138215396970, vstest.console.dll, TcpClientExtensions.MessageLoopAsync: NotifyDataAvailable remoteEndPoint: 127.0.0.1:52284 localEndPoint: 127.0.0.1:52283
TpTrace Verbose: 0 : 20192, 14, 2021/11/28, 18:50:20.760, 138215397643, vstest.console.dll, TestRequestSender.OnExecutionMessageReceived: Received message: {"Version":2,"MessageType":"TestSession.Message","Payload":{"MessageLevel":0,"Message":"[xUnit.net 00:00:00.84]       Stack Trace:"}}
TpTrace Verbose: 0 : 20192, 14, 2021/11/28, 18:50:20.760, 138215398572, vstest.console.dll, TestRunRequest:SendTestRunMessage: Starting.
TpTrace Information: 0 : 20192, 14, 2021/11/28, 18:50:20.760, 138215399093, vstest.console.dll, TestRunRequest:SendTestRunMessage: Completed.
TpTrace Verbose: 0 : 20192, 14, 2021/11/28, 18:50:20.760, 138215399423, vstest.console.dll, TcpClientExtensions.MessageLoopAsync: Polling on remoteEndPoint: 127.0.0.1:52284 localEndPoint: 127.0.0.1:52283
TpTrace Verbose: 0 : 20192, 14, 2021/11/28, 18:50:20.760, 138215405400, vstest.console.dll, TcpClientExtensions.MessageLoopAsync: NotifyDataAvailable remoteEndPoint: 127.0.0.1:52284 localEndPoint: 127.0.0.1:52283
TpTrace Verbose: 0 : 20192, 14, 2021/11/28, 18:50:20.760, 138215406190, vstest.console.dll, TestRequestSender.OnExecutionMessageReceived: Received message: {"Version":2,"MessageType":"TestSession.Message","Payload":{"MessageLevel":0,"Message":"[xUnit.net 00:00:00.84]            at Moq.Mock.Verify(Mock mock, LambdaExpression expression, Times times, String failMessage)"}}
TpTrace Verbose: 0 : 20192, 14, 2021/11/28, 18:50:20.760, 138215406966, vstest.console.dll, TestRunRequest:SendTestRunMessage: Starting.
TpTrace Information: 0 : 20192, 14, 2021/11/28, 18:50:20.761, 138215407279, vstest.console.dll, TestRunRequest:SendTestRunMessage: Completed.
TpTrace Verbose: 0 : 20192, 14, 2021/11/28, 18:50:20.761, 138215407512, vstest.console.dll, TcpClientExtensions.MessageLoopAsync: Polling on remoteEndPoint: 127.0.0.1:52284 localEndPoint: 127.0.0.1:52283
TpTrace Verbose: 0 : 20192, 14, 2021/11/28, 18:50:20.761, 138215407772, vstest.console.dll, TcpClientExtensions.MessageLoopAsync: NotifyDataAvailable remoteEndPoint: 127.0.0.1:52284 localEndPoint: 127.0.0.1:52283
TpTrace Verbose: 0 : 20192, 14, 2021/11/28, 18:50:20.761, 138215408046, vstest.console.dll, TestRequestSender.OnExecutionMessageReceived: Received message: {"Version":2,"MessageType":"TestSession.Message","Payload":{"MessageLevel":0,"Message":"[xUnit.net 00:00:00.84]            at Moq.Mock`1.Verify(Expression`1 expression, Func`1 times)"}}
TpTrace Verbose: 0 : 20192, 14, 2021/11/28, 18:50:20.761, 138215408553, vstest.console.dll, TestRunRequest:SendTestRunMessage: Starting.
TpTrace Information: 0 : 20192, 14, 2021/11/28, 18:50:20.761, 138215408849, vstest.console.dll, TestRunRequest:SendTestRunMessage: Completed.
TpTrace Verbose: 0 : 20192, 14, 2021/11/28, 18:50:20.761, 138215409014, vstest.console.dll, TcpClientExtensions.MessageLoopAsync: Polling on remoteEndPoint: 127.0.0.1:52284 localEndPoint: 127.0.0.1:52283
TpTrace Verbose: 0 : 20192, 14, 2021/11/28, 18:50:20.761, 138215409186, vstest.console.dll, TcpClientExtensions.MessageLoopAsync: NotifyDataAvailable remoteEndPoint: 127.0.0.1:52284 localEndPoint: 127.0.0.1:52283
TpTrace Verbose: 0 : 20192, 14, 2021/11/28, 18:50:20.761, 138215409403, vstest.console.dll, TestRequestSender.OnExecutionMessageReceived: Received message: {"Version":2,"MessageType":"TestSession.Message","Payload":{"MessageLevel":0,"Message":"[xUnit.net 00:00:00.84]         C:\\Users\\ricar\\source\\repos\\DesenvovledorIO\\Teste Unidade\\01 - Testes de Unidade\\Features.Tests\\05 - Mock\\ClienteServiceTests.cs(37,0): at Features.Tests.ClienteServiceTests.ClienteService_Adicionar_DeveExecutarComSucesso()"}}
TpTrace Verbose: 0 : 20192, 14, 2021/11/28, 18:50:20.761, 138215409863, vstest.console.dll, TestRunRequest:SendTestRunMessage: Starting.
TpTrace Information: 0 : 20192, 14, 2021/11/28, 18:50:20.761, 138215410071, vstest.console.dll, TestRunRequest:SendTestRunMessage: Completed.
TpTrace Verbose: 0 : 20192, 14, 2021/11/28, 18:50:20.761, 138215410231, vstest.console.dll, TcpClientExtensions.MessageLoopAsync: Polling on remoteEndPoint: 127.0.0.1:52284 localEndPoint: 127.0.0.1:52283
TpTrace Verbose: 0 : 20192, 14, 2021/11/28, 18:50:20.772, 138215518439, vstest.console.dll, TcpClientExtensions.MessageLoopAsync: NotifyDataAvailable remoteEndPoint: 127.0.0.1:52284 localEndPoint: 127.0.0.1:52283
TpTrace Verbose: 0 : 20192, 14, 2021/11/28, 18:50:20.772, 138215520226, vstest.console.dll, TestRequestSender.OnExecutionMessageReceived: Received message: {"Version":2,"MessageType":"TestExecution.StatsChange","Payload":{"NewTestResults":[{"TestCase":{"Id":"8aca03f0-e200-4a65-2212-a053e214df61","FullyQualifiedName":"Features.Tests.ClienteServiceAutoMockerFixtureTests.ClienteService_Adicionar_DeveFalharDevidoClienteInvalido","DisplayName":"Adicionar Cliente com Falha","ExecutorUri":"executor://xunit/VsTestRunner2/netcoreapp","Source":"C:\\Users\\ricar\\source\\repos\\DesenvovledorIO\\Teste Unidade\\01 - Testes de Unidade\\Features.Tests\\bin\\Debug\\netcoreapp2.2\\fine-code-coverage\\build-output\\Features.Tests.dll","CodeFilePath":null,"LineNumber":0,"Properties":[{"Key":{"Id":"TestObject.Traits","Label":"Traits","Category":"","Description":"","Attributes":5,"ValueType":"System.Collections.Generic.KeyValuePair`2[[System.String],[System.String]][]"},"Value":[{"Key":"Categoria","Value":"Cliente Service AutoMockFixture Tests"}]}]},"Attachments":[],"Outcome":1,"ErrorMessage":null,"ErrorStackTrace":null,"DisplayName":"Adicionar Cliente com Falha","Messages":[],"ComputerName":"DESKTOP-BHPS316","Duration":"00:00:00.2010000","StartTime":"2021-11-28T21:50:20.6997648+00:00","EndTime":"2021-11-28T21:50:20.6997653+00:00","Properties":[]},{"TestCase":{"Id":"0d8661dc-4aab-5aff-48ea-d09b65e56dd3","FullyQualifiedName":"Features.Tests.ClienteServiceTests.ClienteService_Adicionar_DeveFalharDevidoClienteInvalido","DisplayName":"Adicionar Cliente com Falha","ExecutorUri":"executor://xunit/VsTestRunner2/netcoreapp","Source":"C:\\Users\\ricar\\source\\repos\\DesenvovledorIO\\Teste Unidade\\01 - Testes de Unidade\\Features.Tests\\bin\\Debug\\netcoreapp2.2\\fine-code-coverage\\build-output\\Features.Tests.dll","CodeFilePath":null,"LineNumber":0,"Properties":[{"Key":{"Id":"TestObject.Traits","Label":"Traits","Category":"","Description":"","Attributes":5,"ValueType":"System.Collections.Generic.KeyValuePair`2[[System.String],[System.String]][]"},"Value":[{"Key":"Categoria","Value":"Cliente Service Mock Tests"}]}]},"Attachments":[],"Outcome":1,"ErrorMessage":null,"ErrorStackTrace":null,"DisplayName":"Adicionar Cliente com Falha","Messages":[],"ComputerName":"DESKTOP-BHPS316","Duration":"00:00:00.0350000","StartTime":"2021-11-28T21:50:20.702634+00:00","EndTime":"2021-11-28T21:50:20.7026362+00:00","Properties":[]},{"TestCase":{"Id":"d26a0894-a94b-c48c-0ee6-a7aed558b970","FullyQualifiedName":"Features.Tests.ClienteServiceAutoMockerFixtureTests.ClienteService_Adicionar_DeveExecutarComSucesso","DisplayName":"Adicionar Cliente com Sucesso","ExecutorUri":"executor://xunit/VsTestRunner2/netcoreapp","Source":"C:\\Users\\ricar\\source\\repos\\DesenvovledorIO\\Teste Unidade\\01 - Testes de Unidade\\Features.Tests\\bin\\Debug\\netcoreapp2.2\\fine-code-coverage\\build-output\\Features.Tests.dll","CodeFilePath":null,"LineNumber":0,"Properties":[{"Key":{"Id":"TestObject.Traits","Label":"Traits","Category":"","Description":"","Attributes":5,"ValueType":"System.Collections.Generic.KeyValuePair`2[[System.String],[System.String]][]"},"Value":[{"Key":"Categoria","Value":"Cliente Service AutoMockFixture Tests"}]}]},"Attachments":[],"Outcome":1,"ErrorMessage":null,"ErrorStackTrace":null,"DisplayName":"Adicionar Cliente com Sucesso","Messages":[],"ComputerName":"DESKTOP-BHPS316","Duration":"00:00:00.0260000","StartTime":"2021-11-28T21:50:20.7256011+00:00","EndTime":"2021-11-28T21:50:20.7256016+00:00","Properties":[]},{"TestCase":{"Id":"ada978e0-5a50-7bcf-daa3-7080a75f8447","FullyQualifiedName":"Features.Tests.ClienteServiceAutoMockerFixtureTests.ClienteService_ObterTodosAtivos_DeveRetornarApenasClientesAtivos","DisplayName":"Obter Clientes Ativos","ExecutorUri":"executor://xunit/VsTestRunner2/netcoreapp","Source":"C:\\Users\\ricar\\source\\repos\\DesenvovledorIO\\Teste Unidade\\01 - Testes de Unidade\\Features.Tests\\bin\\Debug\\netcoreapp2.2\\fine-code-coverage\\build-output\\Features.Tests.dll","CodeFilePath":null,"LineNumber":0,"Properties":[{"Key":{"Id":"TestObject.Traits","Label":"Traits","Category":"","Description":"","Attributes":5,"ValueType":"System.Collections.Generic.KeyValuePair`2[[System.String],[System.String]][]"},"Value":[{"Key":"Categoria","Value":"Cliente Service AutoMockFixture Tests"}]}]},"Attachments":[],"Outcome":1,"ErrorMessage":null,"ErrorStackTrace":null,"DisplayName":"Obter Clientes Ativos","Messages":[],"ComputerName":"DESKTOP-BHPS316","Duration":"00:00:00.0160000","StartTime":"2021-11-28T21:50:20.7412861+00:00","EndTime":"2021-11-28T21:50:20.7412863+00:00","Properties":[]},{"TestCase":{"Id":"edc2c6c6-5baf-e371-5965-1c37ad193b56","FullyQualifiedName":"Features.Tests.ClienteServiceTests.ClienteService_Adicionar_DeveExecutarComSucesso","DisplayName":"Adicionar Cliente com Sucesso","ExecutorUri":"executor://xunit/VsTestRunner2/netcoreapp","Source":"C:\\Users\\ricar\\source\\repos\\DesenvovledorIO\\Teste Unidade\\01 - Testes de Unidade\\Features.Tests\\bin\\Debug\\netcoreapp2.2\\fine-code-coverage\\build-output\\Features.Tests.dll","CodeFilePath":null,"LineNumber":0,"Properties":[{"Key":{"Id":"TestObject.Traits","Label":"Traits","Category":"","Description":"","Attributes":5,"ValueType":"System.Collections.Generic.KeyValuePair`2[[System.String],[System.String]][]"},"Value":[{"Key":"Categoria","Value":"Cliente Service Mock Tests"}]}]},"Attachments":[],"Outcome":2,"ErrorMessage":"Moq.MockException : \r\nExpected invocation on the mock once, but was 2 times: r => r.Adicionar(Cliente [Id=20cb4083-2d68-4d98-97a0-c5e13c16a6b5])\r\n\r\nPerformed invocations:\r\n\r\n   Mock<IClienteRepository:4> (r):\r\n\r\n      IRepository<Cliente>.Adicionar(Cliente [Id=20cb4083-2d68-4d98-97a0-c5e13c16a6b5])\r\n      IRepository<Cliente>.Adicionar(Cliente [Id=20cb4083-2d68-4d98-97a0-c5e13c16a6b5])\r\n","ErrorStackTrace":"   at Moq.Mock.Verify(Mock mock, LambdaExpression expression, Times times, String failMessage)\r\n   at Moq.Mock`1.Verify(Expression`1 expression, Func`1 times)\r\n   at Features.Tests.ClienteServiceTests.ClienteService_Adicionar_DeveExecutarComSucesso() in C:\\Users\\ricar\\source\\repos\\DesenvovledorIO\\Teste Unidade\\01 - Testes de Unidade\\Features.Tests\\05 - Mock\\ClienteServiceTests.cs:line 37","DisplayName":"Adicionar Cliente com Sucesso","Messages":[],"ComputerName":"DESKTOP-BHPS316","Duration":"00:00:00.0340000","StartTime":"2021-11-28T21:50:20.7622397+00:00","EndTime":"2021-11-28T21:50:20.7622404+00:00","Properties":[]},{"TestCase":{"Id":"1a1f8db5-d417-89b0-8505-b029306173c5","FullyQualifiedName":"Features.Tests.ClienteFluentAssertionsTests.Cliente_NovoCliente_DeveEstarInvalido","DisplayName":"Novo Cliente Invlido","ExecutorUri":"executor://xunit/VsTestRunner2/netcoreapp","Source":"C:\\Users\\ricar\\source\\repos\\DesenvovledorIO\\Teste Unidade\\01 - Testes de Unidade\\Features.Tests\\bin\\Debug\\netcoreapp2.2\\fine-code-coverage\\build-output\\Features.Tests.dll","CodeFilePath":null,"LineNumber":0,"Properties":[{"Key":{"Id":"TestObject.Traits","Label":"Traits","Category":"","Description":"","Attributes":5,"ValueType":"System.Collections.Generic.KeyValuePair`2[[System.String],[System.String]][]"},"Value":[{"Key":"Categoria","Value":"Cliente Fluent Assertion Testes"}]}]},"Attachments":[],"Outcome":1,"ErrorMessage":null,"ErrorStackTrace":null,"DisplayName":"Novo Cliente Invlido","Messages":[{"Category":"StdOutMsgs","Text":"Foram encontrados 3 erros nesta validao\r\n"}],"ComputerName":"DESKTOP-BHPS316","Duration":"00:00:00.0080000","StartTime":"2021-11-28T21:50:20.7645954+00:00","EndTime":"2021-11-28T21:50:20.7645957+00:00","Properties":[]},{"TestCase":{"Id":"a34bda76-9551-cd18-6c3f-f642a53ad366","FullyQualifiedName":"Features.Tests.ClienteFluentAssertionsTests.Cliente_NovoCliente_DeveEstarValido","DisplayName":"Novo Cliente Vlido","ExecutorUri":"executor://xunit/VsTestRunner2/netcoreapp","Source":"C:\\Users\\ricar\\source\\repos\\DesenvovledorIO\\Teste Unidade\\01 - Testes de Unidade\\Features.Tests\\bin\\Debug\\netcoreapp2.2\\fine-code-coverage\\build-output\\Features.Tests.dll","CodeFilePath":null,"LineNumber":0,"Properties":[{"Key":{"Id":"TestObject.Traits","Label":"Traits","Category":"","Description":"","Attributes":5,"ValueType":"System.Collections.Generic.KeyValuePair`2[[System.String],[System.String]][]"},"Value":[{"Key":"Categoria","Value":"Cliente Fluent Assertion Testes"}]}]},"Attachments":[],"Outcome":1,"ErrorMessage":null,"ErrorStackTrace":null,"DisplayName":"Novo Cliente Vlido","Messages":[],"ComputerName":"DESKTOP-BHPS316","Duration":"00:00:00.0090000","StartTime":"2021-11-28T21:50:20.7685247+00:00","EndTime":"2021-11-28T21:50:20.7685259+00:00","Properties":[]},{"TestCase":{"Id":"f5b0083f-35dd-00c1-f19f-f683277825b9","FullyQualifiedName":"Features.Tests.ClienteServiceTests.ClienteService_ObterTodosAtivos_DeveRetornarApenasClientesAtivos","DisplayName":"Obter Clientes Ativos","ExecutorUri":"executor://xunit/VsTestRunner2/netcoreapp","Source":"C:\\Users\\ricar\\source\\repos\\DesenvovledorIO\\Teste Unidade\\01 - Testes de Unidade\\Features.Tests\\bin\\Debug\\netcoreapp2.2\\fine-code-coverage\\build-output\\Features.Tests.dll","CodeFilePath":null,"LineNumber":0,"Properties":[{"Key":{"Id":"TestObject.Traits","Label":"Traits","Category":"","Description":"","Attributes":5,"ValueType":"System.Collections.Generic.KeyValuePair`2[[System.String],[System.String]][]"},"Value":[{"Key":"Categoria","Value":"Cliente Service Mock Tests"}]}]},"Attachments":[],"Outcome":1,"ErrorMessage":null,"ErrorStackTrace":null,"DisplayName":"Obter Clientes Ativos","Messages":[],"ComputerName":"DESKTOP-BHPS316","Duration":"00:00:00.0120000","StartTime":"2021-11-28T21:50:20.7707999+00:00","EndTime":"2021-11-28T21:50:20.7708005+00:00","Properties":[]}],"TestRunStatistics":{"ExecutedTests":30,"Stats":{"Skipped":1,"Passed":28,"Failed":1}},"ActiveTests":[{"Id":"609a7a9b-1538-cfe7-c47d-77a55abdaadf","FullyQualifiedName":"Features.Tests.ClienteServiceFluentAssertionTests.ClienteService_Adicionar_DeveExecutarComSucesso","DisplayName":"Adicionar Cliente com Sucesso","ExecutorUri":"executor://xunit/VsTestRunner2/netcoreapp","Source":"C:\\Users\\ricar\\source\\repos\\DesenvovledorIO\\Teste Unidade\\01 - Testes de Unidade\\Features.Tests\\bin\\Debug\\netcoreapp2.2\\fine-code-coverage\\build-output\\Features.Tests.dll","CodeFilePath":null,"LineNumber":0,"Properties":[{"Key":{"Id":"TestObject.Traits","Label":"Traits","Category":"","Description":"","Attributes":5,"ValueType":"System.Collections.Generic.KeyValuePair`2[[System.String],[System.String]][]"},"Value":[{"Key":"Categoria","Value":"Cliente Service Fluent Assertion Tests"}]}]},{"Id":"9415aca5-7dd4-d7bb-3cbd-958b0a899bf2","FullyQualifiedName":"Features.Tests.ClienteServiceAutoMockerTests.ClienteService_ObterTodosAtivos_DeveRetornarApenasClientesAtivos","DisplayName":"Obter Clientes Ativos","ExecutorUri":"executor://xunit/VsTestRunner2/netcoreapp","Source":"C:\\Users\\ricar\\source\\repos\\DesenvovledorIO\\Teste Unidade\\01 - Testes de Unidade\\Features.Tests\\bin\\Debug\\netcoreapp2.2\\fine-code-coverage\\build-output\\Features.Tests.dll","CodeFilePath":null,"LineNumber":0,"Properties":[{"Key":{"Id":"TestObject.Traits","Label":"Traits","Category":"","Description":"","Attributes":5,"ValueType":"System.Collections.Generic.KeyValuePair`2[[System.String],[System.String]][]"},"Value":[{"Key":"Categoria","Value":"Cliente Service AutoMock Tests"}]}]}]}}
TpTrace Verbose: 0 : 20192, 14, 2021/11/28, 18:50:20.774, 138215540126, vstest.console.dll, TestRunRequest:SendTestRunStatsChange: Starting.
TpTrace Verbose: 0 : 20192, 14, 2021/11/28, 18:50:20.774, 138215540603, vstest.console.dll, InProgress is Adicionar Cliente com Sucesso
TpTrace Verbose: 0 : 20192, 14, 2021/11/28, 18:50:20.774, 138215540778, vstest.console.dll, InProgress is Obter Clientes Ativos
TpTrace Information: 0 : 20192, 14, 2021/11/28, 18:50:20.774, 138215541094, vstest.console.dll, TestRunRequest:SendTestRunStatsChange: Completed.
TpTrace Verbose: 0 : 20192, 14, 2021/11/28, 18:50:20.774, 138215541312, vstest.console.dll, TcpClientExtensions.MessageLoopAsync: Polling on remoteEndPoint: 127.0.0.1:52284 localEndPoint: 127.0.0.1:52283
TpTrace Verbose: 0 : 20192, 14, 2021/11/28, 18:50:20.796, 138215758108, vstest.console.dll, TcpClientExtensions.MessageLoopAsync: NotifyDataAvailable remoteEndPoint: 127.0.0.1:52284 localEndPoint: 127.0.0.1:52283
TpTrace Verbose: 0 : 20192, 14, 2021/11/28, 18:50:20.796, 138215759299, vstest.console.dll, TestRequestSender.OnExecutionMessageReceived: Received message: {"Version":2,"MessageType":"TestSession.Message","Payload":{"MessageLevel":0,"Message":"[xUnit.net 00:00:00.87]   Finished:    Features.Tests"}}
TpTrace Verbose: 0 : 20192, 14, 2021/11/28, 18:50:20.796, 138215760401, vstest.console.dll, TestRunRequest:SendTestRunMessage: Starting.
TpTrace Information: 0 : 20192, 14, 2021/11/28, 18:50:20.796, 138215760727, vstest.console.dll, TestRunRequest:SendTestRunMessage: Completed.
TpTrace Verbose: 0 : 20192, 14, 2021/11/28, 18:50:20.796, 138215760984, vstest.console.dll, TcpClientExtensions.MessageLoopAsync: Polling on remoteEndPoint: 127.0.0.1:52284 localEndPoint: 127.0.0.1:52283
TpTrace Verbose: 0 : 20192, 14, 2021/11/28, 18:50:20.809, 138215889949, vstest.console.dll, TcpClientExtensions.MessageLoopAsync: NotifyDataAvailable remoteEndPoint: 127.0.0.1:52284 localEndPoint: 127.0.0.1:52283
TpTrace Verbose: 0 : 20192, 14, 2021/11/28, 18:50:20.809, 138215891419, vstest.console.dll, TestRequestSender.OnExecutionMessageReceived: Received message: {"Version":2,"MessageType":"TestExecution.Completed","Payload":{"TestRunCompleteArgs":{"TestRunStatistics":{"ExecutedTests":36,"Stats":{"Skipped":1,"Passed":34,"Failed":1}},"IsCanceled":false,"IsAborted":false,"Error":null,"AttachmentSets":[],"ElapsedTimeInRunningTests":"00:00:00.8883075","Metrics":{}},"LastRunTests":{"NewTestResults":[{"TestCase":{"Id":"609a7a9b-1538-cfe7-c47d-77a55abdaadf","FullyQualifiedName":"Features.Tests.ClienteServiceFluentAssertionTests.ClienteService_Adicionar_DeveExecutarComSucesso","DisplayName":"Adicionar Cliente com Sucesso","ExecutorUri":"executor://xunit/VsTestRunner2/netcoreapp","Source":"C:\\Users\\ricar\\source\\repos\\DesenvovledorIO\\Teste Unidade\\01 - Testes de Unidade\\Features.Tests\\bin\\Debug\\netcoreapp2.2\\fine-code-coverage\\build-output\\Features.Tests.dll","CodeFilePath":null,"LineNumber":0,"Properties":[{"Key":{"Id":"TestObject.Traits","Label":"Traits","Category":"","Description":"","Attributes":5,"ValueType":"System.Collections.Generic.KeyValuePair`2[[System.String],[System.String]][]"},"Value":[{"Key":"Categoria","Value":"Cliente Service Fluent Assertion Tests"}]}]},"Attachments":[],"Outcome":1,"ErrorMessage":null,"ErrorStackTrace":null,"DisplayName":"Adicionar Cliente com Sucesso","Messages":[],"ComputerName":"DESKTOP-BHPS316","Duration":"00:00:00.0060000","StartTime":"2021-11-28T21:50:20.772703+00:00","EndTime":"2021-11-28T21:50:20.7727034+00:00","Properties":[]},{"TestCase":{"Id":"9415aca5-7dd4-d7bb-3cbd-958b0a899bf2","FullyQualifiedName":"Features.Tests.ClienteServiceAutoMockerTests.ClienteService_ObterTodosAtivos_DeveRetornarApenasClientesAtivos","DisplayName":"Obter Clientes Ativos","ExecutorUri":"executor://xunit/VsTestRunner2/netcoreapp","Source":"C:\\Users\\ricar\\source\\repos\\DesenvovledorIO\\Teste Unidade\\01 - Testes de Unidade\\Features.Tests\\bin\\Debug\\netcoreapp2.2\\fine-code-coverage\\build-output\\Features.Tests.dll","CodeFilePath":null,"LineNumber":0,"Properties":[{"Key":{"Id":"TestObject.Traits","Label":"Traits","Category":"","Description":"","Attributes":5,"ValueType":"System.Collections.Generic.KeyValuePair`2[[System.String],[System.String]][]"},"Value":[{"Key":"Categoria","Value":"Cliente Service AutoMock Tests"}]}]},"Attachments":[],"Outcome":1,"ErrorMessage":null,"ErrorStackTrace":null,"DisplayName":"Obter Clientes Ativos","Messages":[],"ComputerName":"DESKTOP-BHPS316","Duration":"00:00:00.0130000","StartTime":"2021-11-28T21:50:20.7741762+00:00","EndTime":"2021-11-28T21:50:20.7741765+00:00","Properties":[]},{"TestCase":{"Id":"c36d3e58-f12a-5004-b424-df76a0863221","FullyQualifiedName":"Features.Tests.ClienteServiceFluentAssertionTests.ClienteService_Adicionar_DeveFalharDevidoClienteInvalido","DisplayName":"Adicionar Cliente com Falha","ExecutorUri":"executor://xunit/VsTestRunner2/netcoreapp","Source":"C:\\Users\\ricar\\source\\repos\\DesenvovledorIO\\Teste Unidade\\01 - Testes de Unidade\\Features.Tests\\bin\\Debug\\netcoreapp2.2\\fine-code-coverage\\build-output\\Features.Tests.dll","CodeFilePath":null,"LineNumber":0,"Properties":[{"Key":{"Id":"TestObject.Traits","Label":"Traits","Category":"","Description":"","Attributes":5,"ValueType":"System.Collections.Generic.KeyValuePair`2[[System.String],[System.String]][]"},"Value":[{"Key":"Categoria","Value":"Cliente Service Fluent Assertion Tests"}]}]},"Attachments":[],"Outcome":1,"ErrorMessage":null,"ErrorStackTrace":null,"DisplayName":"Adicionar Cliente com Falha","Messages":[],"ComputerName":"DESKTOP-BHPS316","Duration":"00:00:00.0100000","StartTime":"2021-11-28T21:50:20.7758392+00:00","EndTime":"2021-11-28T21:50:20.7758395+00:00","Properties":[]},{"TestCase":{"Id":"585d9d84-444c-cbac-cb88-09b8bf1482c2","FullyQualifiedName":"Features.Tests.ClienteServiceAutoMockerTests.ClienteService_Adicionar_DeveExecutarComSucesso","DisplayName":"Adicionar Cliente com Sucesso","ExecutorUri":"executor://xunit/VsTestRunner2/netcoreapp","Source":"C:\\Users\\ricar\\source\\repos\\DesenvovledorIO\\Teste Unidade\\01 - Testes de Unidade\\Features.Tests\\bin\\Debug\\netcoreapp2.2\\fine-code-coverage\\build-output\\Features.Tests.dll","CodeFilePath":null,"LineNumber":0,"Properties":[{"Key":{"Id":"TestObject.Traits","Label":"Traits","Category":"","Description":"","Attributes":5,"ValueType":"System.Collections.Generic.KeyValuePair`2[[System.String],[System.String]][]"},"Value":[{"Key":"Categoria","Value":"Cliente Service AutoMock Tests"}]}]},"Attachments":[],"Outcome":1,"ErrorMessage":null,"ErrorStackTrace":null,"DisplayName":"Adicionar Cliente com Sucesso","Messages":[],"ComputerName":"DESKTOP-BHPS316","Duration":"00:00:00.0070000","StartTime":"2021-11-28T21:50:20.7800963+00:00","EndTime":"2021-11-28T21:50:20.7800965+00:00","Properties":[]},{"TestCase":{"Id":"05fa09b1-0d8b-306b-29e2-b77b2ebe3135","FullyQualifiedName":"Features.Tests.ClienteServiceAutoMockerTests.ClienteService_Adicionar_DeveFalharDevidoClienteInvalido","DisplayName":"Adicionar Cliente com Falha","ExecutorUri":"executor://xunit/VsTestRunner2/netcoreapp","Source":"C:\\Users\\ricar\\source\\repos\\DesenvovledorIO\\Teste Unidade\\01 - Testes de Unidade\\Features.Tests\\bin\\Debug\\netcoreapp2.2\\fine-code-coverage\\build-output\\Features.Tests.dll","CodeFilePath":null,"LineNumber":0,"Properties":[{"Key":{"Id":"TestObject.Traits","Label":"Traits","Category":"","Description":"","Attributes":5,"ValueType":"System.Collections.Generic.KeyValuePair`2[[System.String],[System.String]][]"},"Value":[{"Key":"Categoria","Value":"Cliente Service AutoMock Tests"}]}]},"Attachments":[],"Outcome":1,"ErrorMessage":null,"ErrorStackTrace":null,"DisplayName":"Adicionar Cliente com Falha","Messages":[],"ComputerName":"DESKTOP-BHPS316","Duration":"00:00:00.0090000","StartTime":"2021-11-28T21:50:20.7890355+00:00","EndTime":"2021-11-28T21:50:20.7890358+00:00","Properties":[]},{"TestCase":{"Id":"8d386030-4574-552e-bb56-a27d1aa67954","FullyQualifiedName":"Features.Tests.ClienteServiceFluentAssertionTests.ClienteService_ObterTodosAtivos_DeveRetornarApenasClientesAtivos","DisplayName":"Obter Clientes Ativos","ExecutorUri":"executor://xunit/VsTestRunner2/netcoreapp","Source":"C:\\Users\\ricar\\source\\repos\\DesenvovledorIO\\Teste Unidade\\01 - Testes de Unidade\\Features.Tests\\bin\\Debug\\netcoreapp2.2\\fine-code-coverage\\build-output\\Features.Tests.dll","CodeFilePath":null,"LineNumber":0,"Properties":[{"Key":{"Id":"TestObject.Traits","Label":"Traits","Category":"","Description":"","Attributes":5,"ValueType":"System.Collections.Generic.KeyValuePair`2[[System.String],[System.String]][]"},"Value":[{"Key":"Categoria","Value":"Cliente Service Fluent Assertion Tests"}]}]},"Attachments":[],"Outcome":1,"ErrorMessage":null,"ErrorStackTrace":null,"DisplayName":"Obter Clientes Ativos","Messages":[],"ComputerName":"DESKTOP-BHPS316","Duration":"00:00:00.0180000","StartTime":"2021-11-28T21:50:20.7940602+00:00","EndTime":"2021-11-28T21:50:20.7940607+00:00","Properties":[]}],"TestRunStatistics":{"ExecutedTests":36,"Stats":{"Skipped":1,"Passed":34,"Failed":1}},"ActiveTests":[]},"RunAttachments":[],"ExecutorUris":["executor://xunit/VsTestRunner2/netcoreapp"]}}
TpTrace Verbose: 0 : 20192, 14, 2021/11/28, 18:50:20.809, 138215894477, vstest.console.dll, TestRequestSender.EndSession: Sending end session.
TpTrace Verbose: 0 : 20192, 14, 2021/11/28, 18:50:20.809, 138215895350, vstest.console.dll, ProxyOperationManager.Close: waiting for test host to exit for 100 ms
TpTrace Warning: 0 : 20192, 13, 2021/11/28, 18:50:20.820, 138216000829, vstest.console.dll, TestHostManagerCallbacks.ErrorReceivedCallback Test host standard error line: 
TpTrace Verbose: 0 : 20192, 8, 2021/11/28, 18:50:20.829, 138216091303, vstest.console.dll, TestHostProvider.ExitCallBack: Host exited starting callback.
TpTrace Information: 0 : 20192, 8, 2021/11/28, 18:50:20.829, 138216096019, vstest.console.dll, TestHostManagerCallbacks.ExitCallBack: Testhost processId: 20020 exited with exitcode: 0 error: ''
TpTrace Verbose: 0 : 20192, 8, 2021/11/28, 18:50:20.829, 138216096588, vstest.console.dll, DotnetTestHostManager.OnHostExited: invoking OnHostExited callback
TpTrace Verbose: 0 : 20192, 8, 2021/11/28, 18:50:20.829, 138216096883, vstest.console.dll, CrossPlatEngine.TestHostManagerHostExited: calling on client process exit callback.
TpTrace Warning: 0 : 20192, 14, 2021/11/28, 18:50:20.830, 138216097892, vstest.console.dll, ProxyOperationManager: Timed out waiting for test host to exit. Will terminate process.
TpTrace Information: 0 : 20192, 8, 2021/11/28, 18:50:20.830, 138216097917, vstest.console.dll, TestRequestSender.OnClientProcessExit: Test host process exited. Standard error: 
TpTrace Information: 0 : 20192, 8, 2021/11/28, 18:50:20.830, 138216099221, vstest.console.dll, SocketServer.Stop: Stop server endPoint: 127.0.0.1:52283
TpTrace Information: 0 : 20192, 8, 2021/11/28, 18:50:20.830, 138216099402, vstest.console.dll, SocketServer.Stop: Cancellation requested. Stopping message loop.
TpTrace Verbose: 0 : 20192, 14, 2021/11/28, 18:50:20.830, 138216102945, vstest.console.dll, ProxyDataCollectionManager.InvokeDataCollectionServiceAction: Starting.
TpTrace Information: 0 : 20192, 14, 2021/11/28, 18:50:20.830, 138216103228, vstest.console.dll, ProxyDataCollectionManager.AfterTestRunEnd: Get attachment set for datacollector processId: 19924 port: 52280
TpTrace Verbose: 0 : 20192, 14, 2021/11/28, 18:50:20.830, 138216103461, vstest.console.dll, DataCollectionRequestSender.SendAfterTestRunStartAndGetResult : Send AfterTestRunEnd message with isCancelled: False
TpTrace Verbose: 0 : 20192, 14, 2021/11/28, 18:50:20.833, 138216129085, vstest.console.dll, DataCollectionRequestSender.SendAfterTestRunStartAndGetResult : Received message: (DataCollection.AfterTestRunEndResult) -> {
  "AttachmentSets": [],
  "Metrics": {}
}
TpTrace Information: 0 : 20192, 14, 2021/11/28, 18:50:20.835, 138216148119, vstest.console.dll, ProxyDataCollectionManager.InvokeDataCollectionServiceAction: Completed.
TpTrace Verbose: 0 : 20192, 14, 2021/11/28, 18:50:20.856, 138216366502, vstest.console.dll, TestRunRequest:SendTestRunStatsChange: Starting.
TpTrace Information: 0 : 20192, 14, 2021/11/28, 18:50:20.857, 138216367297, vstest.console.dll, TestRunRequest:SendTestRunStatsChange: Completed.
TpTrace Verbose: 0 : 20192, 14, 2021/11/28, 18:50:20.857, 138216368544, vstest.console.dll, ParallelProxyExecutionManager: HandlePartialRunComplete: Total completed clients = 1, Run complete = True, Run canceled: False.
TpTrace Warning: 0 : 20192, 10, 2021/11/28, 18:50:20.861, 138216413808, vstest.console.dll, DataCollectionLauncher.ErrorReceivedCallback datacollector standard error line: 
TpTrace Information: 0 : 20192, 8, 2021/11/28, 18:50:20.865, 138216454073, vstest.console.dll, DataCollectionLauncher.ExitCallBack: Data collector exited with exitcode: 0 error: ''
TpTrace Verbose: 0 : 20192, 14, 2021/11/28, 18:50:20.870, 138216507053, vstest.console.dll, TestRunRequest:TestRunComplete: Starting. IsAborted:False IsCanceled:False.
TpTrace Verbose: 0 : 20192, 14, 2021/11/28, 18:50:20.871, 138216508508, vstest.console.dll, TestLoggerManager.HandleTestRunComplete: Ignoring as the object is disposed.
TpTrace Information: 0 : 20192, 14, 2021/11/28, 18:50:20.871, 138216510276, vstest.console.dll, TestRunRequest:TestRunComplete: Completed.
TpTrace Verbose: 0 : 20192, 14, 2021/11/28, 18:50:20.871, 138216510585, vstest.console.dll, TestRequestSender.SetOperationComplete: Setting operation complete.
TpTrace Information: 0 : 20192, 14, 2021/11/28, 18:50:20.871, 138216510773, vstest.console.dll, SocketServer.Stop: Stop server endPoint: 127.0.0.1:52283
TpTrace Verbose: 0 : 20192, 1, 2021/11/28, 18:50:20.871, 138216510817, vstest.console.dll, TestRunRequest.Dispose: Starting.
TpTrace Information: 0 : 20192, 1, 2021/11/28, 18:50:20.871, 138216511314, vstest.console.dll, TestRunRequest.Dispose: Completed.
TpTrace Information: 0 : 20192, 1, 2021/11/28, 18:50:20.871, 138216511540, vstest.console.dll, TestRequestManager.RunTests: run tests completed.
TpTrace Information: 0 : 20192, 1, 2021/11/28, 18:50:20.871, 138216511976, vstest.console.dll, RunTestsArgumentProcessor:Execute: Test run is completed.
TpTrace Information: 0 : 20192, 14, 2021/11/28, 18:50:20.871, 138216510899, vstest.console.dll, SocketServer.Stop: Cancellation requested. Stopping message loop.
TpTrace Information: 0 : 20192, 14, 2021/11/28, 18:50:20.871, 138216512614, vstest.console.dll, SocketServer.PrivateStop: Stopping server endPoint: 127.0.0.1:52283 error: 
TpTrace Verbose: 0 : 20192, 1, 2021/11/28, 18:50:20.871, 138216513221, vstest.console.dll, Executor.Execute: Exiting with exit code of 1
TpTrace Verbose: 0 : 20192, 14, 2021/11/28, 18:50:20.871, 138216515579, vstest.console.dll, LengthPrefixCommunicationChannel.Dispose: Dispose reader and writer.
TpTrace Information: 0 : 20192, 14, 2021/11/28, 18:50:20.871, 138216516052, vstest.console.dll, SocketServer.Stop: Raise disconnected event endPoint: 127.0.0.1:52283 error: 
TpTrace Verbose: 0 : 20192, 14, 2021/11/28, 18:50:20.871, 138216516385, vstest.console.dll, TestRequestSender: OnTestRunAbort: Operation is already complete. Skip error message.
TpTrace Verbose: 0 : 20192, 14, 2021/11/28, 18:50:20.871, 138216516532, vstest.console.dll, TcpClientExtensions.MessageLoopAsync: exiting MessageLoopAsync remoteEndPoint: 127.0.0.1:52284 localEndPoint: 127.0.0.1:52283
